<?xml version="1.0" encoding="UTF-8"?>
<testsuites name="pengetesan add member" time="304.061" tests="2" failures="0" errors="0">
   <testsuite name="pengetesan add member" tests="2" failures="0" errors="0" time="304.061" skipped="0" timestamp="2021-10-01 11:01:33" hostname="rocky - MSI" id="Test Suites/pengetesan add member">
      <properties>
         <property name="deviceName" value=""/>
         <property name="devicePlatform" value=""/>
         <property name="logFolder" value="D:\\playground\\testing\\indocyber-katalon\\Reports\\20211001_110122\\pengetesan add member\\20211001_110123"/>
         <property name="logFiles" value="D:\\playground\\testing\\indocyber-katalon\\Reports\\20211001_110122\\pengetesan add member\\20211001_110123\\execution0.log"/>
         <property name="attachments" value=""/>
         <property name="hostName" value="rocky - MSI"/>
         <property name="os" value="Windows 10 64bit"/>
         <property name="katalonVersion" value="8.1.0.208"/>
         <property name="browser" value="Chrome 94.0.4606.61"/>
         <property name="hostAddress" value="192.168.0.113"/>
         <property name="sessionId" value="89c807e92facad40f14b822f04101c62"/>
         <property name="seleniumVersion" value="3.141.59"/>
         <property name="proxyInformation" value="ProxyInformation { proxyOption=NO_PROXY, proxyServerType=HTTP, username=, password=********, proxyServerAddress=, proxyServerPort=0, executionList=&quot;&quot;, isApplyToDesiredCapabilities=true }"/>
         <property name="platform" value="Windows 10"/>
      </properties>
      <testcase name="Test Cases/TC_005_ADD Member 20 times using conditional" time="151.551" classname="Test Cases/TC_005_ADD Member 20 times using conditional" status="PASSED">
         <system-out><![CDATA[2021-10-01 11:01:33 - [TEST_CASE][PASSED] - Test Cases/TC_005_ADD Member 20 times using conditional: Test Cases/TC_005_ADD Member 20 times using conditional

2021-10-01 11:01:33 - [TEST_STEP][PASSED] - openBrowser("http://116.254.100.222:81/login"): Browser is opened with url: 'http://116.254.100.222:81/login'

2021-10-01 11:01:33 - [MESSAGE][INFO] - Starting 'Chrome' driver

2021-10-01 11:01:33 - [MESSAGE][INFO] - Action delay is set to 0 milliseconds

2021-10-01 11:01:36 - [MESSAGE][PASSED] - Browser is opened with url: 'http://116.254.100.222:81/login'

2021-10-01 11:01:36 - [TEST_STEP][PASSED] - helper.helper.loginBrowser("rocky@gmail.com", "Test1234"): helper.helper.loginBrowser is PASSED

2021-10-01 11:01:37 - [MESSAGE][PASSED] - Text 'rocky@gmail.com' is set on object 'Object Repository/loginpage/input-email'

2021-10-01 11:01:37 - [MESSAGE][PASSED] - Text 'Test1234' is set on object 'Object Repository/loginpage/input_password'

2021-10-01 11:01:40 - [MESSAGE][PASSED] - Object: 'Object Repository/loginpage/btn-login' is clicked on

2021-10-01 11:01:40 - [MESSAGE][PASSED] - helper.helper.loginBrowser is PASSED

2021-10-01 11:01:40 - [TEST_STEP][PASSED] - maxLoop = 20: null

2021-10-01 11:01:40 - [TEST_STEP][PASSED] - name = "": null

2021-10-01 11:01:40 - [TEST_STEP][PASSED] - point = 0: null

2021-10-01 11:01:40 - [TEST_STEP][PASSED] - for ([i = 1, i <= maxLoop, (i++)]): helper.helper.checkingExistingData is PASSED

2021-10-01 11:01:40 - [TEST_STEP][PASSED] - if (i % 2 == 0): null

2021-10-01 11:01:40 - [TEST_STEP][PASSED] - else: helper.helper.checkingExistingData is PASSED

2021-10-01 11:01:40 - [TEST_STEP][PASSED] - name = "Susan": null

2021-10-01 11:01:40 - [TEST_STEP][PASSED] - if (i % 3 == 0 && i % 5 == 0): null

2021-10-01 11:01:40 - [TEST_STEP][PASSED] - else if (i % 3 == 0): null

2021-10-01 11:01:40 - [TEST_STEP][PASSED] - else if (i % 5 == 0): null

2021-10-01 11:01:40 - [TEST_STEP][PASSED] - else: helper.helper.checkingExistingData is PASSED

2021-10-01 11:01:40 - [TEST_STEP][PASSED] - point = i: null

2021-10-01 11:01:40 - [TEST_STEP][PASSED] - helper.helper.addDataMember(name, point.toString()): helper.helper.addDataMember is PASSED

2021-10-01 11:01:41 - [MESSAGE][PASSED] - Text 'Susan' is set on object 'Object Repository/dashboard/form-sample-page/input-name'

2021-10-01 11:01:41 - [MESSAGE][PASSED] - Text '1' is set on object 'Object Repository/dashboard/form-sample-page/input-point'

2021-10-01 11:01:42 - [MESSAGE][PASSED] - Object: 'Object Repository/dashboard/form-sample-page/btn-submit' is clicked on

2021-10-01 11:01:42 - [MESSAGE][PASSED] - helper.helper.addDataMember is PASSED

2021-10-01 11:01:42 - [TEST_STEP][PASSED] - helper.helper.checkingExistingData("Name", name, "Poin", point.toString()): helper.helper.checkingExistingData is PASSED

2021-10-01 11:01:45 - [MESSAGE][PASSED] - helper.helper.checkingExistingData is PASSED

2021-10-01 11:01:45 - [TEST_STEP][PASSED] - if (i % 2 == 0): helper.helper.checkingExistingData is PASSED

2021-10-01 11:01:45 - [TEST_STEP][PASSED] - name = "Jaka": null

2021-10-01 11:01:45 - [TEST_STEP][PASSED] - if (i % 4 == 0 && i % 5 == 0): null

2021-10-01 11:01:45 - [TEST_STEP][PASSED] - else if (i % 4 == 0): null

2021-10-01 11:01:45 - [TEST_STEP][PASSED] - else if (i % 3 == 0): null

2021-10-01 11:01:45 - [TEST_STEP][PASSED] - else if (i % 5 == 0): null

2021-10-01 11:01:45 - [TEST_STEP][PASSED] - else: helper.helper.checkingExistingData is PASSED

2021-10-01 11:01:45 - [TEST_STEP][PASSED] - point = i: null

2021-10-01 11:01:45 - [TEST_STEP][PASSED] - helper.helper.addDataMember(name, point.toString()): helper.helper.addDataMember is PASSED

2021-10-01 11:01:46 - [MESSAGE][PASSED] - Text 'Jaka' is set on object 'Object Repository/dashboard/form-sample-page/input-name'

2021-10-01 11:01:46 - [MESSAGE][PASSED] - Text '2' is set on object 'Object Repository/dashboard/form-sample-page/input-point'

2021-10-01 11:01:47 - [MESSAGE][PASSED] - Object: 'Object Repository/dashboard/form-sample-page/btn-submit' is clicked on

2021-10-01 11:01:47 - [MESSAGE][PASSED] - helper.helper.addDataMember is PASSED

2021-10-01 11:01:47 - [TEST_STEP][PASSED] - helper.helper.checkingExistingData("Name", name, "Poin", point.toString()): helper.helper.checkingExistingData is PASSED

2021-10-01 11:01:51 - [MESSAGE][PASSED] - helper.helper.checkingExistingData is PASSED

2021-10-01 11:01:51 - [TEST_STEP][PASSED] - if (i % 2 == 0): null

2021-10-01 11:01:51 - [TEST_STEP][PASSED] - else: helper.helper.checkingExistingData is PASSED

2021-10-01 11:01:51 - [TEST_STEP][PASSED] - name = "Susan": null

2021-10-01 11:01:51 - [TEST_STEP][PASSED] - if (i % 3 == 0 && i % 5 == 0): null

2021-10-01 11:01:51 - [TEST_STEP][PASSED] - else if (i % 3 == 0): helper.helper.checkingExistingData is PASSED

2021-10-01 11:01:51 - [TEST_STEP][PASSED] - point = i * 3: null

2021-10-01 11:01:51 - [TEST_STEP][PASSED] - helper.helper.addDataMember(name, point.toString()): helper.helper.addDataMember is PASSED

2021-10-01 11:01:51 - [MESSAGE][PASSED] - Text 'Susan' is set on object 'Object Repository/dashboard/form-sample-page/input-name'

2021-10-01 11:01:52 - [MESSAGE][PASSED] - Text '9' is set on object 'Object Repository/dashboard/form-sample-page/input-point'

2021-10-01 11:01:52 - [MESSAGE][PASSED] - Object: 'Object Repository/dashboard/form-sample-page/btn-submit' is clicked on

2021-10-01 11:01:52 - [MESSAGE][PASSED] - helper.helper.addDataMember is PASSED

2021-10-01 11:01:52 - [TEST_STEP][PASSED] - helper.helper.checkingExistingData("Name", name, "Poin", point.toString()): helper.helper.checkingExistingData is PASSED

2021-10-01 11:01:56 - [MESSAGE][PASSED] - helper.helper.checkingExistingData is PASSED

2021-10-01 11:01:56 - [TEST_STEP][PASSED] - if (i % 2 == 0): helper.helper.checkingExistingData is PASSED

2021-10-01 11:01:56 - [TEST_STEP][PASSED] - name = "Jaka": null

2021-10-01 11:01:56 - [TEST_STEP][PASSED] - if (i % 4 == 0 && i % 5 == 0): null

2021-10-01 11:01:56 - [TEST_STEP][PASSED] - else if (i % 4 == 0): helper.helper.checkingExistingData is PASSED

2021-10-01 11:01:56 - [TEST_STEP][PASSED] - point = i * 4: null

2021-10-01 11:01:56 - [TEST_STEP][PASSED] - helper.helper.addDataMember(name, point.toString()): helper.helper.addDataMember is PASSED

2021-10-01 11:01:56 - [MESSAGE][PASSED] - Text 'Jaka' is set on object 'Object Repository/dashboard/form-sample-page/input-name'

2021-10-01 11:01:57 - [MESSAGE][PASSED] - Text '16' is set on object 'Object Repository/dashboard/form-sample-page/input-point'

2021-10-01 11:01:57 - [MESSAGE][PASSED] - Object: 'Object Repository/dashboard/form-sample-page/btn-submit' is clicked on

2021-10-01 11:01:57 - [MESSAGE][PASSED] - helper.helper.addDataMember is PASSED

2021-10-01 11:01:57 - [TEST_STEP][PASSED] - helper.helper.checkingExistingData("Name", name, "Poin", point.toString()): helper.helper.checkingExistingData is PASSED

2021-10-01 11:02:02 - [MESSAGE][PASSED] - helper.helper.checkingExistingData is PASSED

2021-10-01 11:02:02 - [TEST_STEP][PASSED] - if (i % 2 == 0): null

2021-10-01 11:02:02 - [TEST_STEP][PASSED] - else: helper.helper.checkingExistingData is PASSED

2021-10-01 11:02:02 - [TEST_STEP][PASSED] - name = "Susan": null

2021-10-01 11:02:02 - [TEST_STEP][PASSED] - if (i % 3 == 0 && i % 5 == 0): null

2021-10-01 11:02:02 - [TEST_STEP][PASSED] - else if (i % 3 == 0): null

2021-10-01 11:02:02 - [TEST_STEP][PASSED] - else if (i % 5 == 0): helper.helper.checkingExistingData is PASSED

2021-10-01 11:02:02 - [TEST_STEP][PASSED] - point = i * 5: null

2021-10-01 11:02:02 - [TEST_STEP][PASSED] - helper.helper.addDataMember(name, point.toString()): helper.helper.addDataMember is PASSED

2021-10-01 11:02:02 - [MESSAGE][PASSED] - Text 'Susan' is set on object 'Object Repository/dashboard/form-sample-page/input-name'

2021-10-01 11:02:03 - [MESSAGE][PASSED] - Text '25' is set on object 'Object Repository/dashboard/form-sample-page/input-point'

2021-10-01 11:02:03 - [MESSAGE][PASSED] - Object: 'Object Repository/dashboard/form-sample-page/btn-submit' is clicked on

2021-10-01 11:02:03 - [MESSAGE][PASSED] - helper.helper.addDataMember is PASSED

2021-10-01 11:02:03 - [TEST_STEP][PASSED] - helper.helper.checkingExistingData("Name", name, "Poin", point.toString()): helper.helper.checkingExistingData is PASSED

2021-10-01 11:02:06 - [MESSAGE][PASSED] - helper.helper.checkingExistingData is PASSED

2021-10-01 11:02:06 - [TEST_STEP][PASSED] - if (i % 2 == 0): helper.helper.checkingExistingData is PASSED

2021-10-01 11:02:06 - [TEST_STEP][PASSED] - name = "Jaka": null

2021-10-01 11:02:06 - [TEST_STEP][PASSED] - if (i % 4 == 0 && i % 5 == 0): null

2021-10-01 11:02:06 - [TEST_STEP][PASSED] - else if (i % 4 == 0): null

2021-10-01 11:02:06 - [TEST_STEP][PASSED] - else if (i % 3 == 0): helper.helper.checkingExistingData is PASSED

2021-10-01 11:02:06 - [TEST_STEP][PASSED] - point = i * 3: null

2021-10-01 11:02:06 - [TEST_STEP][PASSED] - helper.helper.addDataMember(name, point.toString()): helper.helper.addDataMember is PASSED

2021-10-01 11:02:07 - [MESSAGE][PASSED] - Text 'Jaka' is set on object 'Object Repository/dashboard/form-sample-page/input-name'

2021-10-01 11:02:07 - [MESSAGE][PASSED] - Text '18' is set on object 'Object Repository/dashboard/form-sample-page/input-point'

2021-10-01 11:02:07 - [MESSAGE][PASSED] - Object: 'Object Repository/dashboard/form-sample-page/btn-submit' is clicked on

2021-10-01 11:02:07 - [MESSAGE][PASSED] - helper.helper.addDataMember is PASSED

2021-10-01 11:02:07 - [TEST_STEP][PASSED] - helper.helper.checkingExistingData("Name", name, "Poin", point.toString()): helper.helper.checkingExistingData is PASSED

2021-10-01 11:02:12 - [MESSAGE][PASSED] - helper.helper.checkingExistingData is PASSED

2021-10-01 11:02:12 - [TEST_STEP][PASSED] - if (i % 2 == 0): null

2021-10-01 11:02:12 - [TEST_STEP][PASSED] - else: helper.helper.checkingExistingData is PASSED

2021-10-01 11:02:12 - [TEST_STEP][PASSED] - name = "Susan": null

2021-10-01 11:02:12 - [TEST_STEP][PASSED] - if (i % 3 == 0 && i % 5 == 0): null

2021-10-01 11:02:12 - [TEST_STEP][PASSED] - else if (i % 3 == 0): null

2021-10-01 11:02:12 - [TEST_STEP][PASSED] - else if (i % 5 == 0): null

2021-10-01 11:02:12 - [TEST_STEP][PASSED] - else: helper.helper.checkingExistingData is PASSED

2021-10-01 11:02:12 - [TEST_STEP][PASSED] - point = i: null

2021-10-01 11:02:12 - [TEST_STEP][PASSED] - helper.helper.addDataMember(name, point.toString()): helper.helper.addDataMember is PASSED

2021-10-01 11:02:13 - [MESSAGE][PASSED] - Text 'Susan' is set on object 'Object Repository/dashboard/form-sample-page/input-name'

2021-10-01 11:02:13 - [MESSAGE][PASSED] - Text '7' is set on object 'Object Repository/dashboard/form-sample-page/input-point'

2021-10-01 11:02:13 - [MESSAGE][PASSED] - Object: 'Object Repository/dashboard/form-sample-page/btn-submit' is clicked on

2021-10-01 11:02:13 - [MESSAGE][PASSED] - helper.helper.addDataMember is PASSED

2021-10-01 11:02:13 - [TEST_STEP][PASSED] - helper.helper.checkingExistingData("Name", name, "Poin", point.toString()): helper.helper.checkingExistingData is PASSED

2021-10-01 11:02:19 - [MESSAGE][PASSED] - helper.helper.checkingExistingData is PASSED

2021-10-01 11:02:19 - [TEST_STEP][PASSED] - if (i % 2 == 0): helper.helper.checkingExistingData is PASSED

2021-10-01 11:02:19 - [TEST_STEP][PASSED] - name = "Jaka": null

2021-10-01 11:02:19 - [TEST_STEP][PASSED] - if (i % 4 == 0 && i % 5 == 0): null

2021-10-01 11:02:19 - [TEST_STEP][PASSED] - else if (i % 4 == 0): helper.helper.checkingExistingData is PASSED

2021-10-01 11:02:19 - [TEST_STEP][PASSED] - point = i * 4: null

2021-10-01 11:02:19 - [TEST_STEP][PASSED] - helper.helper.addDataMember(name, point.toString()): helper.helper.addDataMember is PASSED

2021-10-01 11:02:19 - [MESSAGE][PASSED] - Text 'Jaka' is set on object 'Object Repository/dashboard/form-sample-page/input-name'

2021-10-01 11:02:20 - [MESSAGE][PASSED] - Text '32' is set on object 'Object Repository/dashboard/form-sample-page/input-point'

2021-10-01 11:02:20 - [MESSAGE][PASSED] - Object: 'Object Repository/dashboard/form-sample-page/btn-submit' is clicked on

2021-10-01 11:02:20 - [MESSAGE][PASSED] - helper.helper.addDataMember is PASSED

2021-10-01 11:02:20 - [TEST_STEP][PASSED] - helper.helper.checkingExistingData("Name", name, "Poin", point.toString()): helper.helper.checkingExistingData is PASSED

2021-10-01 11:02:25 - [MESSAGE][PASSED] - helper.helper.checkingExistingData is PASSED

2021-10-01 11:02:25 - [TEST_STEP][PASSED] - if (i % 2 == 0): null

2021-10-01 11:02:25 - [TEST_STEP][PASSED] - else: helper.helper.checkingExistingData is PASSED

2021-10-01 11:02:25 - [TEST_STEP][PASSED] - name = "Susan": null

2021-10-01 11:02:25 - [TEST_STEP][PASSED] - if (i % 3 == 0 && i % 5 == 0): null

2021-10-01 11:02:25 - [TEST_STEP][PASSED] - else if (i % 3 == 0): helper.helper.checkingExistingData is PASSED

2021-10-01 11:02:25 - [TEST_STEP][PASSED] - point = i * 3: null

2021-10-01 11:02:25 - [TEST_STEP][PASSED] - helper.helper.addDataMember(name, point.toString()): helper.helper.addDataMember is PASSED

2021-10-01 11:02:26 - [MESSAGE][PASSED] - Text 'Susan' is set on object 'Object Repository/dashboard/form-sample-page/input-name'

2021-10-01 11:02:26 - [MESSAGE][PASSED] - Text '27' is set on object 'Object Repository/dashboard/form-sample-page/input-point'

2021-10-01 11:02:27 - [MESSAGE][PASSED] - Object: 'Object Repository/dashboard/form-sample-page/btn-submit' is clicked on

2021-10-01 11:02:27 - [MESSAGE][PASSED] - helper.helper.addDataMember is PASSED

2021-10-01 11:02:27 - [TEST_STEP][PASSED] - helper.helper.checkingExistingData("Name", name, "Poin", point.toString()): helper.helper.checkingExistingData is PASSED

2021-10-01 11:02:32 - [MESSAGE][PASSED] - helper.helper.checkingExistingData is PASSED

2021-10-01 11:02:32 - [TEST_STEP][PASSED] - if (i % 2 == 0): helper.helper.checkingExistingData is PASSED

2021-10-01 11:02:32 - [TEST_STEP][PASSED] - name = "Jaka": null

2021-10-01 11:02:32 - [TEST_STEP][PASSED] - if (i % 4 == 0 && i % 5 == 0): null

2021-10-01 11:02:32 - [TEST_STEP][PASSED] - else if (i % 4 == 0): null

2021-10-01 11:02:32 - [TEST_STEP][PASSED] - else if (i % 3 == 0): null

2021-10-01 11:02:32 - [TEST_STEP][PASSED] - else if (i % 5 == 0): helper.helper.checkingExistingData is PASSED

2021-10-01 11:02:32 - [TEST_STEP][PASSED] - point = i * 5: null

2021-10-01 11:02:32 - [TEST_STEP][PASSED] - helper.helper.addDataMember(name, point.toString()): helper.helper.addDataMember is PASSED

2021-10-01 11:02:33 - [MESSAGE][PASSED] - Text 'Jaka' is set on object 'Object Repository/dashboard/form-sample-page/input-name'

2021-10-01 11:02:33 - [MESSAGE][PASSED] - Text '50' is set on object 'Object Repository/dashboard/form-sample-page/input-point'

2021-10-01 11:02:33 - [MESSAGE][PASSED] - Object: 'Object Repository/dashboard/form-sample-page/btn-submit' is clicked on

2021-10-01 11:02:33 - [MESSAGE][PASSED] - helper.helper.addDataMember is PASSED

2021-10-01 11:02:33 - [TEST_STEP][PASSED] - helper.helper.checkingExistingData("Name", name, "Poin", point.toString()): helper.helper.checkingExistingData is PASSED

2021-10-01 11:02:39 - [MESSAGE][PASSED] - helper.helper.checkingExistingData is PASSED

2021-10-01 11:02:39 - [TEST_STEP][PASSED] - if (i % 2 == 0): null

2021-10-01 11:02:39 - [TEST_STEP][PASSED] - else: helper.helper.checkingExistingData is PASSED

2021-10-01 11:02:39 - [TEST_STEP][PASSED] - name = "Susan": null

2021-10-01 11:02:39 - [TEST_STEP][PASSED] - if (i % 3 == 0 && i % 5 == 0): null

2021-10-01 11:02:39 - [TEST_STEP][PASSED] - else if (i % 3 == 0): null

2021-10-01 11:02:39 - [TEST_STEP][PASSED] - else if (i % 5 == 0): null

2021-10-01 11:02:39 - [TEST_STEP][PASSED] - else: helper.helper.checkingExistingData is PASSED

2021-10-01 11:02:39 - [TEST_STEP][PASSED] - point = i: null

2021-10-01 11:02:39 - [TEST_STEP][PASSED] - helper.helper.addDataMember(name, point.toString()): helper.helper.addDataMember is PASSED

2021-10-01 11:02:40 - [MESSAGE][PASSED] - Text 'Susan' is set on object 'Object Repository/dashboard/form-sample-page/input-name'

2021-10-01 11:02:40 - [MESSAGE][PASSED] - Text '11' is set on object 'Object Repository/dashboard/form-sample-page/input-point'

2021-10-01 11:02:41 - [MESSAGE][PASSED] - Object: 'Object Repository/dashboard/form-sample-page/btn-submit' is clicked on

2021-10-01 11:02:41 - [MESSAGE][PASSED] - helper.helper.addDataMember is PASSED

2021-10-01 11:02:41 - [TEST_STEP][PASSED] - helper.helper.checkingExistingData("Name", name, "Poin", point.toString()): helper.helper.checkingExistingData is PASSED

2021-10-01 11:02:47 - [MESSAGE][PASSED] - helper.helper.checkingExistingData is PASSED

2021-10-01 11:02:47 - [TEST_STEP][PASSED] - if (i % 2 == 0): helper.helper.checkingExistingData is PASSED

2021-10-01 11:02:47 - [TEST_STEP][PASSED] - name = "Jaka": null

2021-10-01 11:02:47 - [TEST_STEP][PASSED] - if (i % 4 == 0 && i % 5 == 0): null

2021-10-01 11:02:47 - [TEST_STEP][PASSED] - else if (i % 4 == 0): helper.helper.checkingExistingData is PASSED

2021-10-01 11:02:47 - [TEST_STEP][PASSED] - point = i * 4: null

2021-10-01 11:02:47 - [TEST_STEP][PASSED] - helper.helper.addDataMember(name, point.toString()): helper.helper.addDataMember is PASSED

2021-10-01 11:02:47 - [MESSAGE][PASSED] - Text 'Jaka' is set on object 'Object Repository/dashboard/form-sample-page/input-name'

2021-10-01 11:02:48 - [MESSAGE][PASSED] - Text '48' is set on object 'Object Repository/dashboard/form-sample-page/input-point'

2021-10-01 11:02:48 - [MESSAGE][PASSED] - Object: 'Object Repository/dashboard/form-sample-page/btn-submit' is clicked on

2021-10-01 11:02:48 - [MESSAGE][PASSED] - helper.helper.addDataMember is PASSED

2021-10-01 11:02:48 - [TEST_STEP][PASSED] - helper.helper.checkingExistingData("Name", name, "Poin", point.toString()): helper.helper.checkingExistingData is PASSED

2021-10-01 11:02:54 - [MESSAGE][PASSED] - helper.helper.checkingExistingData is PASSED

2021-10-01 11:02:54 - [TEST_STEP][PASSED] - if (i % 2 == 0): null

2021-10-01 11:02:54 - [TEST_STEP][PASSED] - else: helper.helper.checkingExistingData is PASSED

2021-10-01 11:02:54 - [TEST_STEP][PASSED] - name = "Susan": null

2021-10-01 11:02:54 - [TEST_STEP][PASSED] - if (i % 3 == 0 && i % 5 == 0): null

2021-10-01 11:02:54 - [TEST_STEP][PASSED] - else if (i % 3 == 0): null

2021-10-01 11:02:54 - [TEST_STEP][PASSED] - else if (i % 5 == 0): null

2021-10-01 11:02:54 - [TEST_STEP][PASSED] - else: helper.helper.checkingExistingData is PASSED

2021-10-01 11:02:54 - [TEST_STEP][PASSED] - point = i: null

2021-10-01 11:02:54 - [TEST_STEP][PASSED] - helper.helper.addDataMember(name, point.toString()): helper.helper.addDataMember is PASSED

2021-10-01 11:02:55 - [MESSAGE][PASSED] - Text 'Susan' is set on object 'Object Repository/dashboard/form-sample-page/input-name'

2021-10-01 11:02:55 - [MESSAGE][PASSED] - Text '13' is set on object 'Object Repository/dashboard/form-sample-page/input-point'

2021-10-01 11:02:56 - [MESSAGE][PASSED] - Object: 'Object Repository/dashboard/form-sample-page/btn-submit' is clicked on

2021-10-01 11:02:56 - [MESSAGE][PASSED] - helper.helper.addDataMember is PASSED

2021-10-01 11:02:56 - [TEST_STEP][PASSED] - helper.helper.checkingExistingData("Name", name, "Poin", point.toString()): helper.helper.checkingExistingData is PASSED

2021-10-01 11:03:02 - [MESSAGE][PASSED] - helper.helper.checkingExistingData is PASSED

2021-10-01 11:03:02 - [TEST_STEP][PASSED] - if (i % 2 == 0): helper.helper.checkingExistingData is PASSED

2021-10-01 11:03:02 - [TEST_STEP][PASSED] - name = "Jaka": null

2021-10-01 11:03:02 - [TEST_STEP][PASSED] - if (i % 4 == 0 && i % 5 == 0): null

2021-10-01 11:03:02 - [TEST_STEP][PASSED] - else if (i % 4 == 0): null

2021-10-01 11:03:02 - [TEST_STEP][PASSED] - else if (i % 3 == 0): null

2021-10-01 11:03:02 - [TEST_STEP][PASSED] - else if (i % 5 == 0): null

2021-10-01 11:03:02 - [TEST_STEP][PASSED] - else: helper.helper.checkingExistingData is PASSED

2021-10-01 11:03:02 - [TEST_STEP][PASSED] - point = i: null

2021-10-01 11:03:02 - [TEST_STEP][PASSED] - helper.helper.addDataMember(name, point.toString()): helper.helper.addDataMember is PASSED

2021-10-01 11:03:03 - [MESSAGE][PASSED] - Text 'Jaka' is set on object 'Object Repository/dashboard/form-sample-page/input-name'

2021-10-01 11:03:03 - [MESSAGE][PASSED] - Text '14' is set on object 'Object Repository/dashboard/form-sample-page/input-point'

2021-10-01 11:03:04 - [MESSAGE][PASSED] - Object: 'Object Repository/dashboard/form-sample-page/btn-submit' is clicked on

2021-10-01 11:03:04 - [MESSAGE][PASSED] - helper.helper.addDataMember is PASSED

2021-10-01 11:03:04 - [TEST_STEP][PASSED] - helper.helper.checkingExistingData("Name", name, "Poin", point.toString()): helper.helper.checkingExistingData is PASSED

2021-10-01 11:03:10 - [MESSAGE][PASSED] - helper.helper.checkingExistingData is PASSED

2021-10-01 11:03:10 - [TEST_STEP][PASSED] - if (i % 2 == 0): null

2021-10-01 11:03:10 - [TEST_STEP][PASSED] - else: helper.helper.checkingExistingData is PASSED

2021-10-01 11:03:10 - [TEST_STEP][PASSED] - name = "Susan": null

2021-10-01 11:03:10 - [TEST_STEP][PASSED] - if (i % 3 == 0 && i % 5 == 0): helper.helper.checkingExistingData is PASSED

2021-10-01 11:03:10 - [TEST_STEP][PASSED] - point = i * 3 * 5: null

2021-10-01 11:03:10 - [TEST_STEP][PASSED] - helper.helper.addDataMember(name, point.toString()): helper.helper.addDataMember is PASSED

2021-10-01 11:03:11 - [MESSAGE][PASSED] - Text 'Susan' is set on object 'Object Repository/dashboard/form-sample-page/input-name'

2021-10-01 11:03:11 - [MESSAGE][PASSED] - Text '225' is set on object 'Object Repository/dashboard/form-sample-page/input-point'

2021-10-01 11:03:12 - [MESSAGE][PASSED] - Object: 'Object Repository/dashboard/form-sample-page/btn-submit' is clicked on

2021-10-01 11:03:12 - [MESSAGE][PASSED] - helper.helper.addDataMember is PASSED

2021-10-01 11:03:12 - [TEST_STEP][PASSED] - helper.helper.checkingExistingData("Name", name, "Poin", point.toString()): helper.helper.checkingExistingData is PASSED

2021-10-01 11:03:19 - [MESSAGE][PASSED] - helper.helper.checkingExistingData is PASSED

2021-10-01 11:03:19 - [TEST_STEP][PASSED] - if (i % 2 == 0): helper.helper.checkingExistingData is PASSED

2021-10-01 11:03:19 - [TEST_STEP][PASSED] - name = "Jaka": null

2021-10-01 11:03:19 - [TEST_STEP][PASSED] - if (i % 4 == 0 && i % 5 == 0): null

2021-10-01 11:03:19 - [TEST_STEP][PASSED] - else if (i % 4 == 0): helper.helper.checkingExistingData is PASSED

2021-10-01 11:03:19 - [TEST_STEP][PASSED] - point = i * 4: null

2021-10-01 11:03:19 - [TEST_STEP][PASSED] - helper.helper.addDataMember(name, point.toString()): helper.helper.addDataMember is PASSED

2021-10-01 11:03:19 - [MESSAGE][PASSED] - Text 'Jaka' is set on object 'Object Repository/dashboard/form-sample-page/input-name'

2021-10-01 11:03:20 - [MESSAGE][PASSED] - Text '64' is set on object 'Object Repository/dashboard/form-sample-page/input-point'

2021-10-01 11:03:20 - [MESSAGE][PASSED] - Object: 'Object Repository/dashboard/form-sample-page/btn-submit' is clicked on

2021-10-01 11:03:20 - [MESSAGE][PASSED] - helper.helper.addDataMember is PASSED

2021-10-01 11:03:20 - [TEST_STEP][PASSED] - helper.helper.checkingExistingData("Name", name, "Poin", point.toString()): helper.helper.checkingExistingData is PASSED

2021-10-01 11:03:27 - [MESSAGE][PASSED] - helper.helper.checkingExistingData is PASSED

2021-10-01 11:03:27 - [TEST_STEP][PASSED] - if (i % 2 == 0): null

2021-10-01 11:03:27 - [TEST_STEP][PASSED] - else: helper.helper.checkingExistingData is PASSED

2021-10-01 11:03:27 - [TEST_STEP][PASSED] - name = "Susan": null

2021-10-01 11:03:27 - [TEST_STEP][PASSED] - if (i % 3 == 0 && i % 5 == 0): null

2021-10-01 11:03:27 - [TEST_STEP][PASSED] - else if (i % 3 == 0): null

2021-10-01 11:03:27 - [TEST_STEP][PASSED] - else if (i % 5 == 0): null

2021-10-01 11:03:27 - [TEST_STEP][PASSED] - else: helper.helper.checkingExistingData is PASSED

2021-10-01 11:03:27 - [TEST_STEP][PASSED] - point = i: null

2021-10-01 11:03:27 - [TEST_STEP][PASSED] - helper.helper.addDataMember(name, point.toString()): helper.helper.addDataMember is PASSED

2021-10-01 11:03:28 - [MESSAGE][PASSED] - Text 'Susan' is set on object 'Object Repository/dashboard/form-sample-page/input-name'

2021-10-01 11:03:29 - [MESSAGE][PASSED] - Text '17' is set on object 'Object Repository/dashboard/form-sample-page/input-point'

2021-10-01 11:03:29 - [MESSAGE][PASSED] - Object: 'Object Repository/dashboard/form-sample-page/btn-submit' is clicked on

2021-10-01 11:03:29 - [MESSAGE][PASSED] - helper.helper.addDataMember is PASSED

2021-10-01 11:03:29 - [TEST_STEP][PASSED] - helper.helper.checkingExistingData("Name", name, "Poin", point.toString()): helper.helper.checkingExistingData is PASSED

2021-10-01 11:03:36 - [MESSAGE][PASSED] - helper.helper.checkingExistingData is PASSED

2021-10-01 11:03:36 - [TEST_STEP][PASSED] - if (i % 2 == 0): helper.helper.checkingExistingData is PASSED

2021-10-01 11:03:36 - [TEST_STEP][PASSED] - name = "Jaka": null

2021-10-01 11:03:36 - [TEST_STEP][PASSED] - if (i % 4 == 0 && i % 5 == 0): null

2021-10-01 11:03:36 - [TEST_STEP][PASSED] - else if (i % 4 == 0): null

2021-10-01 11:03:36 - [TEST_STEP][PASSED] - else if (i % 3 == 0): helper.helper.checkingExistingData is PASSED

2021-10-01 11:03:36 - [TEST_STEP][PASSED] - point = i * 3: null

2021-10-01 11:03:36 - [TEST_STEP][PASSED] - helper.helper.addDataMember(name, point.toString()): helper.helper.addDataMember is PASSED

2021-10-01 11:03:37 - [MESSAGE][PASSED] - Text 'Jaka' is set on object 'Object Repository/dashboard/form-sample-page/input-name'

2021-10-01 11:03:37 - [MESSAGE][PASSED] - Text '54' is set on object 'Object Repository/dashboard/form-sample-page/input-point'

2021-10-01 11:03:38 - [MESSAGE][PASSED] - Object: 'Object Repository/dashboard/form-sample-page/btn-submit' is clicked on

2021-10-01 11:03:38 - [MESSAGE][PASSED] - helper.helper.addDataMember is PASSED

2021-10-01 11:03:38 - [TEST_STEP][PASSED] - helper.helper.checkingExistingData("Name", name, "Poin", point.toString()): helper.helper.checkingExistingData is PASSED

2021-10-01 11:03:45 - [MESSAGE][PASSED] - helper.helper.checkingExistingData is PASSED

2021-10-01 11:03:45 - [TEST_STEP][PASSED] - if (i % 2 == 0): null

2021-10-01 11:03:45 - [TEST_STEP][PASSED] - else: helper.helper.checkingExistingData is PASSED

2021-10-01 11:03:45 - [TEST_STEP][PASSED] - name = "Susan": null

2021-10-01 11:03:45 - [TEST_STEP][PASSED] - if (i % 3 == 0 && i % 5 == 0): null

2021-10-01 11:03:45 - [TEST_STEP][PASSED] - else if (i % 3 == 0): null

2021-10-01 11:03:45 - [TEST_STEP][PASSED] - else if (i % 5 == 0): null

2021-10-01 11:03:45 - [TEST_STEP][PASSED] - else: helper.helper.checkingExistingData is PASSED

2021-10-01 11:03:45 - [TEST_STEP][PASSED] - point = i: null

2021-10-01 11:03:45 - [TEST_STEP][PASSED] - helper.helper.addDataMember(name, point.toString()): helper.helper.addDataMember is PASSED

2021-10-01 11:03:46 - [MESSAGE][PASSED] - Text 'Susan' is set on object 'Object Repository/dashboard/form-sample-page/input-name'

2021-10-01 11:03:46 - [MESSAGE][PASSED] - Text '19' is set on object 'Object Repository/dashboard/form-sample-page/input-point'

2021-10-01 11:03:47 - [MESSAGE][PASSED] - Object: 'Object Repository/dashboard/form-sample-page/btn-submit' is clicked on

2021-10-01 11:03:47 - [MESSAGE][PASSED] - helper.helper.addDataMember is PASSED

2021-10-01 11:03:47 - [TEST_STEP][PASSED] - helper.helper.checkingExistingData("Name", name, "Poin", point.toString()): helper.helper.checkingExistingData is PASSED

2021-10-01 11:03:55 - [MESSAGE][PASSED] - helper.helper.checkingExistingData is PASSED

2021-10-01 11:03:55 - [TEST_STEP][PASSED] - if (i % 2 == 0): helper.helper.checkingExistingData is PASSED

2021-10-01 11:03:55 - [TEST_STEP][PASSED] - name = "Jaka": null

2021-10-01 11:03:55 - [TEST_STEP][PASSED] - if (i % 4 == 0 && i % 5 == 0): helper.helper.checkingExistingData is PASSED

2021-10-01 11:03:55 - [TEST_STEP][PASSED] - point = i * 4 * 5: null

2021-10-01 11:03:55 - [TEST_STEP][PASSED] - helper.helper.addDataMember(name, point.toString()): helper.helper.addDataMember is PASSED

2021-10-01 11:03:55 - [MESSAGE][PASSED] - Text 'Jaka' is set on object 'Object Repository/dashboard/form-sample-page/input-name'

2021-10-01 11:03:56 - [MESSAGE][PASSED] - Text '400' is set on object 'Object Repository/dashboard/form-sample-page/input-point'

2021-10-01 11:03:56 - [MESSAGE][PASSED] - Object: 'Object Repository/dashboard/form-sample-page/btn-submit' is clicked on

2021-10-01 11:03:56 - [MESSAGE][PASSED] - helper.helper.addDataMember is PASSED

2021-10-01 11:03:56 - [TEST_STEP][PASSED] - helper.helper.checkingExistingData("Name", name, "Poin", point.toString()): helper.helper.checkingExistingData is PASSED

2021-10-01 11:04:04 - [MESSAGE][PASSED] - helper.helper.checkingExistingData is PASSED]]></system-out>
         <system-err><![CDATA[]]></system-err>
      </testcase>
      <testcase name="Test Cases/TC_006_Delete_Data" time="151.283" classname="Test Cases/TC_006_Delete_Data" status="PASSED">
         <system-out><![CDATA[2021-10-01 11:04:04 - [TEST_CASE][PASSED] - Test Cases/TC_006_Delete_Data: Test Cases/TC_006_Delete_Data

2021-10-01 11:04:05 - [TEST_STEP][PASSED] - memberList = tmpData: null

2021-10-01 11:04:05 - [TEST_STEP][PASSED] - for (def data : memberList): helper.helper.deleteDataMember is PASSED

2021-10-01 11:04:05 - [TEST_STEP][PASSED] - helper.helper.deleteDataMember(data[0], data[1]): helper.helper.deleteDataMember is PASSED

2021-10-01 11:04:10 - [MESSAGE][PASSED] - Delayed 2 second(s)

2021-10-01 11:04:10 - [MESSAGE][PASSED] - Alert accepted

2021-10-01 11:04:14 - [MESSAGE][PASSED] - helper.helper.deleteDataMember is PASSED

2021-10-01 11:04:14 - [TEST_STEP][PASSED] - helper.helper.deleteDataMember(data[0], data[1]): helper.helper.deleteDataMember is PASSED

2021-10-01 11:04:20 - [MESSAGE][PASSED] - Delayed 2 second(s)

2021-10-01 11:04:20 - [MESSAGE][PASSED] - Alert accepted

2021-10-01 11:04:24 - [MESSAGE][PASSED] - helper.helper.deleteDataMember is PASSED

2021-10-01 11:04:24 - [TEST_STEP][PASSED] - helper.helper.deleteDataMember(data[0], data[1]): helper.helper.deleteDataMember is PASSED

2021-10-01 11:04:29 - [MESSAGE][PASSED] - Delayed 2 second(s)

2021-10-01 11:04:29 - [MESSAGE][PASSED] - Alert accepted

2021-10-01 11:04:33 - [MESSAGE][PASSED] - helper.helper.deleteDataMember is PASSED

2021-10-01 11:04:33 - [TEST_STEP][PASSED] - helper.helper.deleteDataMember(data[0], data[1]): helper.helper.deleteDataMember is PASSED

2021-10-01 11:04:38 - [MESSAGE][PASSED] - Delayed 2 second(s)

2021-10-01 11:04:38 - [MESSAGE][PASSED] - Alert accepted

2021-10-01 11:04:42 - [MESSAGE][PASSED] - helper.helper.deleteDataMember is PASSED

2021-10-01 11:04:42 - [TEST_STEP][PASSED] - helper.helper.deleteDataMember(data[0], data[1]): helper.helper.deleteDataMember is PASSED

2021-10-01 11:04:47 - [MESSAGE][PASSED] - Delayed 2 second(s)

2021-10-01 11:04:47 - [MESSAGE][PASSED] - Alert accepted

2021-10-01 11:04:51 - [MESSAGE][PASSED] - helper.helper.deleteDataMember is PASSED

2021-10-01 11:04:51 - [TEST_STEP][PASSED] - helper.helper.deleteDataMember(data[0], data[1]): helper.helper.deleteDataMember is PASSED

2021-10-01 11:04:56 - [MESSAGE][PASSED] - Delayed 2 second(s)

2021-10-01 11:04:56 - [MESSAGE][PASSED] - Alert accepted

2021-10-01 11:05:00 - [MESSAGE][PASSED] - helper.helper.deleteDataMember is PASSED

2021-10-01 11:05:00 - [TEST_STEP][PASSED] - helper.helper.deleteDataMember(data[0], data[1]): helper.helper.deleteDataMember is PASSED

2021-10-01 11:05:05 - [MESSAGE][PASSED] - Delayed 2 second(s)

2021-10-01 11:05:05 - [MESSAGE][PASSED] - Alert accepted

2021-10-01 11:05:08 - [MESSAGE][PASSED] - helper.helper.deleteDataMember is PASSED

2021-10-01 11:05:08 - [TEST_STEP][PASSED] - helper.helper.deleteDataMember(data[0], data[1]): helper.helper.deleteDataMember is PASSED

2021-10-01 11:05:13 - [MESSAGE][PASSED] - Delayed 2 second(s)

2021-10-01 11:05:13 - [MESSAGE][PASSED] - Alert accepted

2021-10-01 11:05:16 - [MESSAGE][PASSED] - helper.helper.deleteDataMember is PASSED

2021-10-01 11:05:16 - [TEST_STEP][PASSED] - helper.helper.deleteDataMember(data[0], data[1]): helper.helper.deleteDataMember is PASSED

2021-10-01 11:05:21 - [MESSAGE][PASSED] - Delayed 2 second(s)

2021-10-01 11:05:21 - [MESSAGE][PASSED] - Alert accepted

2021-10-01 11:05:24 - [MESSAGE][PASSED] - helper.helper.deleteDataMember is PASSED

2021-10-01 11:05:24 - [TEST_STEP][PASSED] - helper.helper.deleteDataMember(data[0], data[1]): helper.helper.deleteDataMember is PASSED

2021-10-01 11:05:29 - [MESSAGE][PASSED] - Delayed 2 second(s)

2021-10-01 11:05:29 - [MESSAGE][PASSED] - Alert accepted

2021-10-01 11:05:31 - [MESSAGE][PASSED] - helper.helper.deleteDataMember is PASSED

2021-10-01 11:05:31 - [TEST_STEP][PASSED] - helper.helper.deleteDataMember(data[0], data[1]): helper.helper.deleteDataMember is PASSED

2021-10-01 11:05:37 - [MESSAGE][PASSED] - Delayed 2 second(s)

2021-10-01 11:05:37 - [MESSAGE][PASSED] - Alert accepted

2021-10-01 11:05:39 - [MESSAGE][PASSED] - helper.helper.deleteDataMember is PASSED

2021-10-01 11:05:39 - [TEST_STEP][PASSED] - helper.helper.deleteDataMember(data[0], data[1]): helper.helper.deleteDataMember is PASSED

2021-10-01 11:05:44 - [MESSAGE][PASSED] - Delayed 2 second(s)

2021-10-01 11:05:44 - [MESSAGE][PASSED] - Alert accepted

2021-10-01 11:05:46 - [MESSAGE][PASSED] - helper.helper.deleteDataMember is PASSED

2021-10-01 11:05:46 - [TEST_STEP][PASSED] - helper.helper.deleteDataMember(data[0], data[1]): helper.helper.deleteDataMember is PASSED

2021-10-01 11:05:51 - [MESSAGE][PASSED] - Delayed 2 second(s)

2021-10-01 11:05:51 - [MESSAGE][PASSED] - Alert accepted

2021-10-01 11:05:53 - [MESSAGE][PASSED] - helper.helper.deleteDataMember is PASSED

2021-10-01 11:05:53 - [TEST_STEP][PASSED] - helper.helper.deleteDataMember(data[0], data[1]): helper.helper.deleteDataMember is PASSED

2021-10-01 11:05:58 - [MESSAGE][PASSED] - Delayed 2 second(s)

2021-10-01 11:05:58 - [MESSAGE][PASSED] - Alert accepted

2021-10-01 11:06:00 - [MESSAGE][PASSED] - helper.helper.deleteDataMember is PASSED

2021-10-01 11:06:00 - [TEST_STEP][PASSED] - helper.helper.deleteDataMember(data[0], data[1]): helper.helper.deleteDataMember is PASSED

2021-10-01 11:06:05 - [MESSAGE][PASSED] - Delayed 2 second(s)

2021-10-01 11:06:05 - [MESSAGE][PASSED] - Alert accepted

2021-10-01 11:06:06 - [MESSAGE][PASSED] - helper.helper.deleteDataMember is PASSED

2021-10-01 11:06:06 - [TEST_STEP][PASSED] - helper.helper.deleteDataMember(data[0], data[1]): helper.helper.deleteDataMember is PASSED

2021-10-01 11:06:11 - [MESSAGE][PASSED] - Delayed 2 second(s)

2021-10-01 11:06:11 - [MESSAGE][PASSED] - Alert accepted

2021-10-01 11:06:12 - [MESSAGE][PASSED] - helper.helper.deleteDataMember is PASSED

2021-10-01 11:06:12 - [TEST_STEP][PASSED] - helper.helper.deleteDataMember(data[0], data[1]): helper.helper.deleteDataMember is PASSED

2021-10-01 11:06:18 - [MESSAGE][PASSED] - Delayed 2 second(s)

2021-10-01 11:06:18 - [MESSAGE][PASSED] - Alert accepted

2021-10-01 11:06:18 - [MESSAGE][PASSED] - helper.helper.deleteDataMember is PASSED

2021-10-01 11:06:18 - [TEST_STEP][PASSED] - helper.helper.deleteDataMember(data[0], data[1]): helper.helper.deleteDataMember is PASSED

2021-10-01 11:06:24 - [MESSAGE][PASSED] - Delayed 2 second(s)

2021-10-01 11:06:24 - [MESSAGE][PASSED] - Alert accepted

2021-10-01 11:06:24 - [MESSAGE][PASSED] - helper.helper.deleteDataMember is PASSED

2021-10-01 11:06:24 - [TEST_STEP][PASSED] - helper.helper.deleteDataMember(data[0], data[1]): helper.helper.deleteDataMember is PASSED

2021-10-01 11:06:29 - [MESSAGE][PASSED] - Delayed 2 second(s)

2021-10-01 11:06:29 - [MESSAGE][PASSED] - Alert accepted

2021-10-01 11:06:30 - [MESSAGE][PASSED] - helper.helper.deleteDataMember is PASSED

2021-10-01 11:06:30 - [TEST_STEP][PASSED] - helper.helper.deleteDataMember(data[0], data[1]): helper.helper.deleteDataMember is PASSED

2021-10-01 11:06:36 - [MESSAGE][PASSED] - Delayed 2 second(s)

2021-10-01 11:06:36 - [MESSAGE][PASSED] - Alert accepted

2021-10-01 11:06:36 - [MESSAGE][PASSED] - helper.helper.deleteDataMember is PASSED

2021-10-01 11:06:36 - [TEST_STEP][PASSED] - tmpData = []: null

2021-10-01 11:06:36 - [TEST_STEP][PASSED] - println(tmpData): null]]></system-out>
         <system-err><![CDATA[]]></system-err>
      </testcase>
      <system-out><![CDATA[2021-10-01 11:01:33 - [TEST_SUITE][PASSED] - pengetesan add member: Test Cases/TC_006_Delete_Data]]></system-out>
      <system-err><![CDATA[]]></system-err>
   </testsuite>
</testsuites>
