<?xml version="1.0" encoding="UTF-8"?>
<testsuites name="pengetesan add member" time="289.468" tests="3" failures="0" errors="0">
   <testsuite name="pengetesan add member" tests="3" failures="0" errors="0" time="289.468" skipped="0" timestamp="2021-10-01 15:39:05" hostname="rocky - MSI" id="Test Suites/pengetesan add member">
      <properties>
         <property name="deviceName" value=""/>
         <property name="devicePlatform" value=""/>
         <property name="logFolder" value="D:\\playground\\testing\\indocyber-katalon\\Reports\\20211001_153855\\pengetesan add member\\20211001_153855"/>
         <property name="logFiles" value="D:\\playground\\testing\\indocyber-katalon\\Reports\\20211001_153855\\pengetesan add member\\20211001_153855\\execution0.log"/>
         <property name="attachments" value=""/>
         <property name="hostName" value="rocky - MSI"/>
         <property name="os" value="Windows 10 64bit"/>
         <property name="katalonVersion" value="8.1.0.208"/>
         <property name="browser" value="Chrome 94.0.4606.61"/>
         <property name="hostAddress" value="192.168.0.113"/>
         <property name="sessionId" value="9a1d852c8f099d8eba8cde27178c408d"/>
         <property name="seleniumVersion" value="3.141.59"/>
         <property name="proxyInformation" value="ProxyInformation { proxyOption=NO_PROXY, proxyServerType=HTTP, username=, password=********, proxyServerAddress=, proxyServerPort=0, executionList=&quot;&quot;, isApplyToDesiredCapabilities=true }"/>
         <property name="platform" value="Windows 10"/>
      </properties>
      <testcase name="Test Cases/TC_005_ADD Member 20 times using conditional" time="152.853" classname="Test Cases/TC_005_ADD Member 20 times using conditional" status="PASSED">
         <system-out><![CDATA[2021-10-01 15:39:05 - [TEST_CASE][PASSED] - Test Cases/TC_005_ADD Member 20 times using conditional: Test Cases/TC_005_ADD Member 20 times using conditional

2021-10-01 15:39:06 - [TEST_STEP][PASSED] - openBrowser("http://116.254.100.222:81/login"): Browser is opened with url: 'http://116.254.100.222:81/login'

2021-10-01 15:39:06 - [MESSAGE][INFO] - Starting 'Chrome' driver

2021-10-01 15:39:06 - [MESSAGE][INFO] - Action delay is set to 0 milliseconds

2021-10-01 15:39:09 - [MESSAGE][PASSED] - Browser is opened with url: 'http://116.254.100.222:81/login'

2021-10-01 15:39:09 - [TEST_STEP][PASSED] - helper.helper.loginBrowser("rocky@gmail.com", "Test1234"): helper.helper.loginBrowser is PASSED

2021-10-01 15:39:09 - [MESSAGE][PASSED] - Text 'rocky@gmail.com' is set on object 'Object Repository/loginpage/input-email'

2021-10-01 15:39:10 - [MESSAGE][PASSED] - Text 'Test1234' is set on object 'Object Repository/loginpage/input_password'

2021-10-01 15:39:12 - [MESSAGE][PASSED] - Object: 'Object Repository/loginpage/btn-login' is clicked on

2021-10-01 15:39:12 - [MESSAGE][PASSED] - helper.helper.loginBrowser is PASSED

2021-10-01 15:39:12 - [TEST_STEP][PASSED] - maxLoop = 20: null

2021-10-01 15:39:12 - [TEST_STEP][PASSED] - name = "": null

2021-10-01 15:39:12 - [TEST_STEP][PASSED] - point = 0: null

2021-10-01 15:39:12 - [TEST_STEP][PASSED] - for ([i = 1, i <= maxLoop, (i++)]): helper.helper.checkingExistingData is PASSED

2021-10-01 15:39:12 - [TEST_STEP][PASSED] - if (i % 2 == 0): null

2021-10-01 15:39:12 - [TEST_STEP][PASSED] - else: helper.helper.checkingExistingData is PASSED

2021-10-01 15:39:12 - [TEST_STEP][PASSED] - name = "Susan": null

2021-10-01 15:39:12 - [TEST_STEP][PASSED] - if (i % 3 == 0 && i % 5 == 0): null

2021-10-01 15:39:12 - [TEST_STEP][PASSED] - else if (i % 3 == 0): null

2021-10-01 15:39:12 - [TEST_STEP][PASSED] - else if (i % 5 == 0): null

2021-10-01 15:39:12 - [TEST_STEP][PASSED] - else: helper.helper.checkingExistingData is PASSED

2021-10-01 15:39:12 - [TEST_STEP][PASSED] - point = i: null

2021-10-01 15:39:12 - [TEST_STEP][PASSED] - helper.helper.addDataMember(name, point.toString()): helper.helper.addDataMember is PASSED

2021-10-01 15:39:13 - [MESSAGE][PASSED] - Text 'Susan' is set on object 'Object Repository/dashboard/form-sample-page/input-name'

2021-10-01 15:39:13 - [MESSAGE][PASSED] - Text '1' is set on object 'Object Repository/dashboard/form-sample-page/input-point'

2021-10-01 15:39:14 - [MESSAGE][PASSED] - Object: 'Object Repository/dashboard/form-sample-page/btn-submit' is clicked on

2021-10-01 15:39:14 - [MESSAGE][PASSED] - helper.helper.addDataMember is PASSED

2021-10-01 15:39:14 - [TEST_STEP][PASSED] - helper.helper.checkingExistingData("Name", name, "Poin", point.toString()): helper.helper.checkingExistingData is PASSED

2021-10-01 15:39:18 - [MESSAGE][PASSED] - helper.helper.checkingExistingData is PASSED

2021-10-01 15:39:18 - [TEST_STEP][PASSED] - if (i % 2 == 0): helper.helper.checkingExistingData is PASSED

2021-10-01 15:39:18 - [TEST_STEP][PASSED] - name = "Jaka": null

2021-10-01 15:39:18 - [TEST_STEP][PASSED] - if (i % 4 == 0 && i % 5 == 0): null

2021-10-01 15:39:18 - [TEST_STEP][PASSED] - else if (i % 4 == 0): null

2021-10-01 15:39:18 - [TEST_STEP][PASSED] - else if (i % 3 == 0): null

2021-10-01 15:39:18 - [TEST_STEP][PASSED] - else if (i % 5 == 0): null

2021-10-01 15:39:18 - [TEST_STEP][PASSED] - else: helper.helper.checkingExistingData is PASSED

2021-10-01 15:39:18 - [TEST_STEP][PASSED] - point = i: null

2021-10-01 15:39:18 - [TEST_STEP][PASSED] - helper.helper.addDataMember(name, point.toString()): helper.helper.addDataMember is PASSED

2021-10-01 15:39:18 - [MESSAGE][PASSED] - Text 'Jaka' is set on object 'Object Repository/dashboard/form-sample-page/input-name'

2021-10-01 15:39:19 - [MESSAGE][PASSED] - Text '2' is set on object 'Object Repository/dashboard/form-sample-page/input-point'

2021-10-01 15:39:19 - [MESSAGE][PASSED] - Object: 'Object Repository/dashboard/form-sample-page/btn-submit' is clicked on

2021-10-01 15:39:19 - [MESSAGE][PASSED] - helper.helper.addDataMember is PASSED

2021-10-01 15:39:19 - [TEST_STEP][PASSED] - helper.helper.checkingExistingData("Name", name, "Poin", point.toString()): helper.helper.checkingExistingData is PASSED

2021-10-01 15:39:23 - [MESSAGE][PASSED] - helper.helper.checkingExistingData is PASSED

2021-10-01 15:39:23 - [TEST_STEP][PASSED] - if (i % 2 == 0): null

2021-10-01 15:39:23 - [TEST_STEP][PASSED] - else: helper.helper.checkingExistingData is PASSED

2021-10-01 15:39:23 - [TEST_STEP][PASSED] - name = "Susan": null

2021-10-01 15:39:23 - [TEST_STEP][PASSED] - if (i % 3 == 0 && i % 5 == 0): null

2021-10-01 15:39:23 - [TEST_STEP][PASSED] - else if (i % 3 == 0): helper.helper.checkingExistingData is PASSED

2021-10-01 15:39:23 - [TEST_STEP][PASSED] - point = i * 3: null

2021-10-01 15:39:23 - [TEST_STEP][PASSED] - helper.helper.addDataMember(name, point.toString()): helper.helper.addDataMember is PASSED

2021-10-01 15:39:23 - [MESSAGE][PASSED] - Text 'Susan' is set on object 'Object Repository/dashboard/form-sample-page/input-name'

2021-10-01 15:39:24 - [MESSAGE][PASSED] - Text '9' is set on object 'Object Repository/dashboard/form-sample-page/input-point'

2021-10-01 15:39:24 - [MESSAGE][PASSED] - Object: 'Object Repository/dashboard/form-sample-page/btn-submit' is clicked on

2021-10-01 15:39:24 - [MESSAGE][PASSED] - helper.helper.addDataMember is PASSED

2021-10-01 15:39:24 - [TEST_STEP][PASSED] - helper.helper.checkingExistingData("Name", name, "Poin", point.toString()): helper.helper.checkingExistingData is PASSED

2021-10-01 15:39:28 - [MESSAGE][PASSED] - helper.helper.checkingExistingData is PASSED

2021-10-01 15:39:28 - [TEST_STEP][PASSED] - if (i % 2 == 0): helper.helper.checkingExistingData is PASSED

2021-10-01 15:39:28 - [TEST_STEP][PASSED] - name = "Jaka": null

2021-10-01 15:39:28 - [TEST_STEP][PASSED] - if (i % 4 == 0 && i % 5 == 0): null

2021-10-01 15:39:28 - [TEST_STEP][PASSED] - else if (i % 4 == 0): helper.helper.checkingExistingData is PASSED

2021-10-01 15:39:28 - [TEST_STEP][PASSED] - point = i * 4: null

2021-10-01 15:39:28 - [TEST_STEP][PASSED] - helper.helper.addDataMember(name, point.toString()): helper.helper.addDataMember is PASSED

2021-10-01 15:39:29 - [MESSAGE][PASSED] - Text 'Jaka' is set on object 'Object Repository/dashboard/form-sample-page/input-name'

2021-10-01 15:39:29 - [MESSAGE][PASSED] - Text '16' is set on object 'Object Repository/dashboard/form-sample-page/input-point'

2021-10-01 15:39:30 - [MESSAGE][PASSED] - Object: 'Object Repository/dashboard/form-sample-page/btn-submit' is clicked on

2021-10-01 15:39:30 - [MESSAGE][PASSED] - helper.helper.addDataMember is PASSED

2021-10-01 15:39:30 - [TEST_STEP][PASSED] - helper.helper.checkingExistingData("Name", name, "Poin", point.toString()): helper.helper.checkingExistingData is PASSED

2021-10-01 15:39:34 - [MESSAGE][PASSED] - helper.helper.checkingExistingData is PASSED

2021-10-01 15:39:34 - [TEST_STEP][PASSED] - if (i % 2 == 0): null

2021-10-01 15:39:34 - [TEST_STEP][PASSED] - else: helper.helper.checkingExistingData is PASSED

2021-10-01 15:39:34 - [TEST_STEP][PASSED] - name = "Susan": null

2021-10-01 15:39:34 - [TEST_STEP][PASSED] - if (i % 3 == 0 && i % 5 == 0): null

2021-10-01 15:39:34 - [TEST_STEP][PASSED] - else if (i % 3 == 0): null

2021-10-01 15:39:34 - [TEST_STEP][PASSED] - else if (i % 5 == 0): helper.helper.checkingExistingData is PASSED

2021-10-01 15:39:34 - [TEST_STEP][PASSED] - point = i * 5: null

2021-10-01 15:39:34 - [TEST_STEP][PASSED] - helper.helper.addDataMember(name, point.toString()): helper.helper.addDataMember is PASSED

2021-10-01 15:39:35 - [MESSAGE][PASSED] - Text 'Susan' is set on object 'Object Repository/dashboard/form-sample-page/input-name'

2021-10-01 15:39:35 - [MESSAGE][PASSED] - Text '25' is set on object 'Object Repository/dashboard/form-sample-page/input-point'

2021-10-01 15:39:35 - [MESSAGE][PASSED] - Object: 'Object Repository/dashboard/form-sample-page/btn-submit' is clicked on

2021-10-01 15:39:35 - [MESSAGE][PASSED] - helper.helper.addDataMember is PASSED

2021-10-01 15:39:35 - [TEST_STEP][PASSED] - helper.helper.checkingExistingData("Name", name, "Poin", point.toString()): helper.helper.checkingExistingData is PASSED

2021-10-01 15:39:37 - [MESSAGE][PASSED] - helper.helper.checkingExistingData is PASSED

2021-10-01 15:39:37 - [TEST_STEP][PASSED] - if (i % 2 == 0): helper.helper.checkingExistingData is PASSED

2021-10-01 15:39:37 - [TEST_STEP][PASSED] - name = "Jaka": null

2021-10-01 15:39:37 - [TEST_STEP][PASSED] - if (i % 4 == 0 && i % 5 == 0): null

2021-10-01 15:39:37 - [TEST_STEP][PASSED] - else if (i % 4 == 0): null

2021-10-01 15:39:37 - [TEST_STEP][PASSED] - else if (i % 3 == 0): helper.helper.checkingExistingData is PASSED

2021-10-01 15:39:37 - [TEST_STEP][PASSED] - point = i * 3: null

2021-10-01 15:39:37 - [TEST_STEP][PASSED] - helper.helper.addDataMember(name, point.toString()): helper.helper.addDataMember is PASSED

2021-10-01 15:39:37 - [MESSAGE][PASSED] - Text 'Jaka' is set on object 'Object Repository/dashboard/form-sample-page/input-name'

2021-10-01 15:39:38 - [MESSAGE][PASSED] - Text '18' is set on object 'Object Repository/dashboard/form-sample-page/input-point'

2021-10-01 15:39:38 - [MESSAGE][PASSED] - Object: 'Object Repository/dashboard/form-sample-page/btn-submit' is clicked on

2021-10-01 15:39:38 - [MESSAGE][PASSED] - helper.helper.addDataMember is PASSED

2021-10-01 15:39:38 - [TEST_STEP][PASSED] - helper.helper.checkingExistingData("Name", name, "Poin", point.toString()): helper.helper.checkingExistingData is PASSED

2021-10-01 15:39:43 - [MESSAGE][PASSED] - helper.helper.checkingExistingData is PASSED

2021-10-01 15:39:43 - [TEST_STEP][PASSED] - if (i % 2 == 0): null

2021-10-01 15:39:43 - [TEST_STEP][PASSED] - else: helper.helper.checkingExistingData is PASSED

2021-10-01 15:39:43 - [TEST_STEP][PASSED] - name = "Susan": null

2021-10-01 15:39:43 - [TEST_STEP][PASSED] - if (i % 3 == 0 && i % 5 == 0): null

2021-10-01 15:39:43 - [TEST_STEP][PASSED] - else if (i % 3 == 0): null

2021-10-01 15:39:43 - [TEST_STEP][PASSED] - else if (i % 5 == 0): null

2021-10-01 15:39:43 - [TEST_STEP][PASSED] - else: helper.helper.checkingExistingData is PASSED

2021-10-01 15:39:43 - [TEST_STEP][PASSED] - point = i: null

2021-10-01 15:39:43 - [TEST_STEP][PASSED] - helper.helper.addDataMember(name, point.toString()): helper.helper.addDataMember is PASSED

2021-10-01 15:39:44 - [MESSAGE][PASSED] - Text 'Susan' is set on object 'Object Repository/dashboard/form-sample-page/input-name'

2021-10-01 15:39:45 - [MESSAGE][PASSED] - Text '7' is set on object 'Object Repository/dashboard/form-sample-page/input-point'

2021-10-01 15:39:45 - [MESSAGE][PASSED] - Object: 'Object Repository/dashboard/form-sample-page/btn-submit' is clicked on

2021-10-01 15:39:45 - [MESSAGE][PASSED] - helper.helper.addDataMember is PASSED

2021-10-01 15:39:45 - [TEST_STEP][PASSED] - helper.helper.checkingExistingData("Name", name, "Poin", point.toString()): helper.helper.checkingExistingData is PASSED

2021-10-01 15:39:50 - [MESSAGE][PASSED] - helper.helper.checkingExistingData is PASSED

2021-10-01 15:39:50 - [TEST_STEP][PASSED] - if (i % 2 == 0): helper.helper.checkingExistingData is PASSED

2021-10-01 15:39:50 - [TEST_STEP][PASSED] - name = "Jaka": null

2021-10-01 15:39:50 - [TEST_STEP][PASSED] - if (i % 4 == 0 && i % 5 == 0): null

2021-10-01 15:39:50 - [TEST_STEP][PASSED] - else if (i % 4 == 0): helper.helper.checkingExistingData is PASSED

2021-10-01 15:39:50 - [TEST_STEP][PASSED] - point = i * 4: null

2021-10-01 15:39:50 - [TEST_STEP][PASSED] - helper.helper.addDataMember(name, point.toString()): helper.helper.addDataMember is PASSED

2021-10-01 15:39:51 - [MESSAGE][PASSED] - Text 'Jaka' is set on object 'Object Repository/dashboard/form-sample-page/input-name'

2021-10-01 15:39:52 - [MESSAGE][PASSED] - Text '32' is set on object 'Object Repository/dashboard/form-sample-page/input-point'

2021-10-01 15:39:52 - [MESSAGE][PASSED] - Object: 'Object Repository/dashboard/form-sample-page/btn-submit' is clicked on

2021-10-01 15:39:52 - [MESSAGE][PASSED] - helper.helper.addDataMember is PASSED

2021-10-01 15:39:52 - [TEST_STEP][PASSED] - helper.helper.checkingExistingData("Name", name, "Poin", point.toString()): helper.helper.checkingExistingData is PASSED

2021-10-01 15:39:57 - [MESSAGE][PASSED] - helper.helper.checkingExistingData is PASSED

2021-10-01 15:39:57 - [TEST_STEP][PASSED] - if (i % 2 == 0): null

2021-10-01 15:39:57 - [TEST_STEP][PASSED] - else: helper.helper.checkingExistingData is PASSED

2021-10-01 15:39:57 - [TEST_STEP][PASSED] - name = "Susan": null

2021-10-01 15:39:57 - [TEST_STEP][PASSED] - if (i % 3 == 0 && i % 5 == 0): null

2021-10-01 15:39:57 - [TEST_STEP][PASSED] - else if (i % 3 == 0): helper.helper.checkingExistingData is PASSED

2021-10-01 15:39:57 - [TEST_STEP][PASSED] - point = i * 3: null

2021-10-01 15:39:57 - [TEST_STEP][PASSED] - helper.helper.addDataMember(name, point.toString()): helper.helper.addDataMember is PASSED

2021-10-01 15:39:58 - [MESSAGE][PASSED] - Text 'Susan' is set on object 'Object Repository/dashboard/form-sample-page/input-name'

2021-10-01 15:39:58 - [MESSAGE][PASSED] - Text '27' is set on object 'Object Repository/dashboard/form-sample-page/input-point'

2021-10-01 15:39:59 - [MESSAGE][PASSED] - Object: 'Object Repository/dashboard/form-sample-page/btn-submit' is clicked on

2021-10-01 15:39:59 - [MESSAGE][PASSED] - helper.helper.addDataMember is PASSED

2021-10-01 15:39:59 - [TEST_STEP][PASSED] - helper.helper.checkingExistingData("Name", name, "Poin", point.toString()): helper.helper.checkingExistingData is PASSED

2021-10-01 15:40:04 - [MESSAGE][PASSED] - helper.helper.checkingExistingData is PASSED

2021-10-01 15:40:04 - [TEST_STEP][PASSED] - if (i % 2 == 0): helper.helper.checkingExistingData is PASSED

2021-10-01 15:40:04 - [TEST_STEP][PASSED] - name = "Jaka": null

2021-10-01 15:40:04 - [TEST_STEP][PASSED] - if (i % 4 == 0 && i % 5 == 0): null

2021-10-01 15:40:04 - [TEST_STEP][PASSED] - else if (i % 4 == 0): null

2021-10-01 15:40:04 - [TEST_STEP][PASSED] - else if (i % 3 == 0): null

2021-10-01 15:40:04 - [TEST_STEP][PASSED] - else if (i % 5 == 0): helper.helper.checkingExistingData is PASSED

2021-10-01 15:40:04 - [TEST_STEP][PASSED] - point = i * 5: null

2021-10-01 15:40:04 - [TEST_STEP][PASSED] - helper.helper.addDataMember(name, point.toString()): helper.helper.addDataMember is PASSED

2021-10-01 15:40:05 - [MESSAGE][PASSED] - Text 'Jaka' is set on object 'Object Repository/dashboard/form-sample-page/input-name'

2021-10-01 15:40:06 - [MESSAGE][PASSED] - Text '50' is set on object 'Object Repository/dashboard/form-sample-page/input-point'

2021-10-01 15:40:06 - [MESSAGE][PASSED] - Object: 'Object Repository/dashboard/form-sample-page/btn-submit' is clicked on

2021-10-01 15:40:06 - [MESSAGE][PASSED] - helper.helper.addDataMember is PASSED

2021-10-01 15:40:06 - [TEST_STEP][PASSED] - helper.helper.checkingExistingData("Name", name, "Poin", point.toString()): helper.helper.checkingExistingData is PASSED

2021-10-01 15:40:12 - [MESSAGE][PASSED] - helper.helper.checkingExistingData is PASSED

2021-10-01 15:40:12 - [TEST_STEP][PASSED] - if (i % 2 == 0): null

2021-10-01 15:40:12 - [TEST_STEP][PASSED] - else: helper.helper.checkingExistingData is PASSED

2021-10-01 15:40:12 - [TEST_STEP][PASSED] - name = "Susan": null

2021-10-01 15:40:12 - [TEST_STEP][PASSED] - if (i % 3 == 0 && i % 5 == 0): null

2021-10-01 15:40:12 - [TEST_STEP][PASSED] - else if (i % 3 == 0): null

2021-10-01 15:40:12 - [TEST_STEP][PASSED] - else if (i % 5 == 0): null

2021-10-01 15:40:12 - [TEST_STEP][PASSED] - else: helper.helper.checkingExistingData is PASSED

2021-10-01 15:40:12 - [TEST_STEP][PASSED] - point = i: null

2021-10-01 15:40:12 - [TEST_STEP][PASSED] - helper.helper.addDataMember(name, point.toString()): helper.helper.addDataMember is PASSED

2021-10-01 15:40:12 - [MESSAGE][PASSED] - Text 'Susan' is set on object 'Object Repository/dashboard/form-sample-page/input-name'

2021-10-01 15:40:13 - [MESSAGE][PASSED] - Text '11' is set on object 'Object Repository/dashboard/form-sample-page/input-point'

2021-10-01 15:40:13 - [MESSAGE][PASSED] - Object: 'Object Repository/dashboard/form-sample-page/btn-submit' is clicked on

2021-10-01 15:40:13 - [MESSAGE][PASSED] - helper.helper.addDataMember is PASSED

2021-10-01 15:40:13 - [TEST_STEP][PASSED] - helper.helper.checkingExistingData("Name", name, "Poin", point.toString()): helper.helper.checkingExistingData is PASSED

2021-10-01 15:40:20 - [MESSAGE][PASSED] - helper.helper.checkingExistingData is PASSED

2021-10-01 15:40:20 - [TEST_STEP][PASSED] - if (i % 2 == 0): helper.helper.checkingExistingData is PASSED

2021-10-01 15:40:20 - [TEST_STEP][PASSED] - name = "Jaka": null

2021-10-01 15:40:20 - [TEST_STEP][PASSED] - if (i % 4 == 0 && i % 5 == 0): null

2021-10-01 15:40:20 - [TEST_STEP][PASSED] - else if (i % 4 == 0): helper.helper.checkingExistingData is PASSED

2021-10-01 15:40:20 - [TEST_STEP][PASSED] - point = i * 4: null

2021-10-01 15:40:20 - [TEST_STEP][PASSED] - helper.helper.addDataMember(name, point.toString()): helper.helper.addDataMember is PASSED

2021-10-01 15:40:20 - [MESSAGE][PASSED] - Text 'Jaka' is set on object 'Object Repository/dashboard/form-sample-page/input-name'

2021-10-01 15:40:21 - [MESSAGE][PASSED] - Text '48' is set on object 'Object Repository/dashboard/form-sample-page/input-point'

2021-10-01 15:40:21 - [MESSAGE][PASSED] - Object: 'Object Repository/dashboard/form-sample-page/btn-submit' is clicked on

2021-10-01 15:40:21 - [MESSAGE][PASSED] - helper.helper.addDataMember is PASSED

2021-10-01 15:40:21 - [TEST_STEP][PASSED] - helper.helper.checkingExistingData("Name", name, "Poin", point.toString()): helper.helper.checkingExistingData is PASSED

2021-10-01 15:40:27 - [MESSAGE][PASSED] - helper.helper.checkingExistingData is PASSED

2021-10-01 15:40:27 - [TEST_STEP][PASSED] - if (i % 2 == 0): null

2021-10-01 15:40:27 - [TEST_STEP][PASSED] - else: helper.helper.checkingExistingData is PASSED

2021-10-01 15:40:27 - [TEST_STEP][PASSED] - name = "Susan": null

2021-10-01 15:40:27 - [TEST_STEP][PASSED] - if (i % 3 == 0 && i % 5 == 0): null

2021-10-01 15:40:27 - [TEST_STEP][PASSED] - else if (i % 3 == 0): null

2021-10-01 15:40:27 - [TEST_STEP][PASSED] - else if (i % 5 == 0): null

2021-10-01 15:40:27 - [TEST_STEP][PASSED] - else: helper.helper.checkingExistingData is PASSED

2021-10-01 15:40:27 - [TEST_STEP][PASSED] - point = i: null

2021-10-01 15:40:27 - [TEST_STEP][PASSED] - helper.helper.addDataMember(name, point.toString()): helper.helper.addDataMember is PASSED

2021-10-01 15:40:28 - [MESSAGE][PASSED] - Text 'Susan' is set on object 'Object Repository/dashboard/form-sample-page/input-name'

2021-10-01 15:40:28 - [MESSAGE][PASSED] - Text '13' is set on object 'Object Repository/dashboard/form-sample-page/input-point'

2021-10-01 15:40:29 - [MESSAGE][PASSED] - Object: 'Object Repository/dashboard/form-sample-page/btn-submit' is clicked on

2021-10-01 15:40:29 - [MESSAGE][PASSED] - helper.helper.addDataMember is PASSED

2021-10-01 15:40:29 - [TEST_STEP][PASSED] - helper.helper.checkingExistingData("Name", name, "Poin", point.toString()): helper.helper.checkingExistingData is PASSED

2021-10-01 15:40:35 - [MESSAGE][PASSED] - helper.helper.checkingExistingData is PASSED

2021-10-01 15:40:35 - [TEST_STEP][PASSED] - if (i % 2 == 0): helper.helper.checkingExistingData is PASSED

2021-10-01 15:40:35 - [TEST_STEP][PASSED] - name = "Jaka": null

2021-10-01 15:40:35 - [TEST_STEP][PASSED] - if (i % 4 == 0 && i % 5 == 0): null

2021-10-01 15:40:35 - [TEST_STEP][PASSED] - else if (i % 4 == 0): null

2021-10-01 15:40:35 - [TEST_STEP][PASSED] - else if (i % 3 == 0): null

2021-10-01 15:40:35 - [TEST_STEP][PASSED] - else if (i % 5 == 0): null

2021-10-01 15:40:35 - [TEST_STEP][PASSED] - else: helper.helper.checkingExistingData is PASSED

2021-10-01 15:40:35 - [TEST_STEP][PASSED] - point = i: null

2021-10-01 15:40:35 - [TEST_STEP][PASSED] - helper.helper.addDataMember(name, point.toString()): helper.helper.addDataMember is PASSED

2021-10-01 15:40:36 - [MESSAGE][PASSED] - Text 'Jaka' is set on object 'Object Repository/dashboard/form-sample-page/input-name'

2021-10-01 15:40:36 - [MESSAGE][PASSED] - Text '14' is set on object 'Object Repository/dashboard/form-sample-page/input-point'

2021-10-01 15:40:37 - [MESSAGE][PASSED] - Object: 'Object Repository/dashboard/form-sample-page/btn-submit' is clicked on

2021-10-01 15:40:37 - [MESSAGE][PASSED] - helper.helper.addDataMember is PASSED

2021-10-01 15:40:37 - [TEST_STEP][PASSED] - helper.helper.checkingExistingData("Name", name, "Poin", point.toString()): helper.helper.checkingExistingData is PASSED

2021-10-01 15:40:44 - [MESSAGE][PASSED] - helper.helper.checkingExistingData is PASSED

2021-10-01 15:40:44 - [TEST_STEP][PASSED] - if (i % 2 == 0): null

2021-10-01 15:40:44 - [TEST_STEP][PASSED] - else: helper.helper.checkingExistingData is PASSED

2021-10-01 15:40:44 - [TEST_STEP][PASSED] - name = "Susan": null

2021-10-01 15:40:44 - [TEST_STEP][PASSED] - if (i % 3 == 0 && i % 5 == 0): helper.helper.checkingExistingData is PASSED

2021-10-01 15:40:44 - [TEST_STEP][PASSED] - point = i * 3 * 5: null

2021-10-01 15:40:44 - [TEST_STEP][PASSED] - helper.helper.addDataMember(name, point.toString()): helper.helper.addDataMember is PASSED

2021-10-01 15:40:44 - [MESSAGE][PASSED] - Text 'Susan' is set on object 'Object Repository/dashboard/form-sample-page/input-name'

2021-10-01 15:40:45 - [MESSAGE][PASSED] - Text '225' is set on object 'Object Repository/dashboard/form-sample-page/input-point'

2021-10-01 15:40:45 - [MESSAGE][PASSED] - Object: 'Object Repository/dashboard/form-sample-page/btn-submit' is clicked on

2021-10-01 15:40:45 - [MESSAGE][PASSED] - helper.helper.addDataMember is PASSED

2021-10-01 15:40:45 - [TEST_STEP][PASSED] - helper.helper.checkingExistingData("Name", name, "Poin", point.toString()): helper.helper.checkingExistingData is PASSED

2021-10-01 15:40:52 - [MESSAGE][PASSED] - helper.helper.checkingExistingData is PASSED

2021-10-01 15:40:52 - [TEST_STEP][PASSED] - if (i % 2 == 0): helper.helper.checkingExistingData is PASSED

2021-10-01 15:40:52 - [TEST_STEP][PASSED] - name = "Jaka": null

2021-10-01 15:40:52 - [TEST_STEP][PASSED] - if (i % 4 == 0 && i % 5 == 0): null

2021-10-01 15:40:52 - [TEST_STEP][PASSED] - else if (i % 4 == 0): helper.helper.checkingExistingData is PASSED

2021-10-01 15:40:52 - [TEST_STEP][PASSED] - point = i * 4: null

2021-10-01 15:40:52 - [TEST_STEP][PASSED] - helper.helper.addDataMember(name, point.toString()): helper.helper.addDataMember is PASSED

2021-10-01 15:40:53 - [MESSAGE][PASSED] - Text 'Jaka' is set on object 'Object Repository/dashboard/form-sample-page/input-name'

2021-10-01 15:40:53 - [MESSAGE][PASSED] - Text '64' is set on object 'Object Repository/dashboard/form-sample-page/input-point'

2021-10-01 15:40:53 - [MESSAGE][PASSED] - Object: 'Object Repository/dashboard/form-sample-page/btn-submit' is clicked on

2021-10-01 15:40:53 - [MESSAGE][PASSED] - helper.helper.addDataMember is PASSED

2021-10-01 15:40:53 - [TEST_STEP][PASSED] - helper.helper.checkingExistingData("Name", name, "Poin", point.toString()): helper.helper.checkingExistingData is PASSED

2021-10-01 15:41:01 - [MESSAGE][PASSED] - helper.helper.checkingExistingData is PASSED

2021-10-01 15:41:01 - [TEST_STEP][PASSED] - if (i % 2 == 0): null

2021-10-01 15:41:01 - [TEST_STEP][PASSED] - else: helper.helper.checkingExistingData is PASSED

2021-10-01 15:41:01 - [TEST_STEP][PASSED] - name = "Susan": null

2021-10-01 15:41:01 - [TEST_STEP][PASSED] - if (i % 3 == 0 && i % 5 == 0): null

2021-10-01 15:41:01 - [TEST_STEP][PASSED] - else if (i % 3 == 0): null

2021-10-01 15:41:01 - [TEST_STEP][PASSED] - else if (i % 5 == 0): null

2021-10-01 15:41:01 - [TEST_STEP][PASSED] - else: helper.helper.checkingExistingData is PASSED

2021-10-01 15:41:01 - [TEST_STEP][PASSED] - point = i: null

2021-10-01 15:41:01 - [TEST_STEP][PASSED] - helper.helper.addDataMember(name, point.toString()): helper.helper.addDataMember is PASSED

2021-10-01 15:41:01 - [MESSAGE][PASSED] - Text 'Susan' is set on object 'Object Repository/dashboard/form-sample-page/input-name'

2021-10-01 15:41:02 - [MESSAGE][PASSED] - Text '17' is set on object 'Object Repository/dashboard/form-sample-page/input-point'

2021-10-01 15:41:02 - [MESSAGE][PASSED] - Object: 'Object Repository/dashboard/form-sample-page/btn-submit' is clicked on

2021-10-01 15:41:02 - [MESSAGE][PASSED] - helper.helper.addDataMember is PASSED

2021-10-01 15:41:02 - [TEST_STEP][PASSED] - helper.helper.checkingExistingData("Name", name, "Poin", point.toString()): helper.helper.checkingExistingData is PASSED

2021-10-01 15:41:10 - [MESSAGE][PASSED] - helper.helper.checkingExistingData is PASSED

2021-10-01 15:41:10 - [TEST_STEP][PASSED] - if (i % 2 == 0): helper.helper.checkingExistingData is PASSED

2021-10-01 15:41:10 - [TEST_STEP][PASSED] - name = "Jaka": null

2021-10-01 15:41:10 - [TEST_STEP][PASSED] - if (i % 4 == 0 && i % 5 == 0): null

2021-10-01 15:41:10 - [TEST_STEP][PASSED] - else if (i % 4 == 0): null

2021-10-01 15:41:10 - [TEST_STEP][PASSED] - else if (i % 3 == 0): helper.helper.checkingExistingData is PASSED

2021-10-01 15:41:10 - [TEST_STEP][PASSED] - point = i * 3: null

2021-10-01 15:41:10 - [TEST_STEP][PASSED] - helper.helper.addDataMember(name, point.toString()): helper.helper.addDataMember is PASSED

2021-10-01 15:41:10 - [MESSAGE][PASSED] - Text 'Jaka' is set on object 'Object Repository/dashboard/form-sample-page/input-name'

2021-10-01 15:41:11 - [MESSAGE][PASSED] - Text '54' is set on object 'Object Repository/dashboard/form-sample-page/input-point'

2021-10-01 15:41:11 - [MESSAGE][PASSED] - Object: 'Object Repository/dashboard/form-sample-page/btn-submit' is clicked on

2021-10-01 15:41:11 - [MESSAGE][PASSED] - helper.helper.addDataMember is PASSED

2021-10-01 15:41:11 - [TEST_STEP][PASSED] - helper.helper.checkingExistingData("Name", name, "Poin", point.toString()): helper.helper.checkingExistingData is PASSED

2021-10-01 15:41:19 - [MESSAGE][PASSED] - helper.helper.checkingExistingData is PASSED

2021-10-01 15:41:19 - [TEST_STEP][PASSED] - if (i % 2 == 0): null

2021-10-01 15:41:19 - [TEST_STEP][PASSED] - else: helper.helper.checkingExistingData is PASSED

2021-10-01 15:41:19 - [TEST_STEP][PASSED] - name = "Susan": null

2021-10-01 15:41:19 - [TEST_STEP][PASSED] - if (i % 3 == 0 && i % 5 == 0): null

2021-10-01 15:41:19 - [TEST_STEP][PASSED] - else if (i % 3 == 0): null

2021-10-01 15:41:19 - [TEST_STEP][PASSED] - else if (i % 5 == 0): null

2021-10-01 15:41:19 - [TEST_STEP][PASSED] - else: helper.helper.checkingExistingData is PASSED

2021-10-01 15:41:19 - [TEST_STEP][PASSED] - point = i: null

2021-10-01 15:41:19 - [TEST_STEP][PASSED] - helper.helper.addDataMember(name, point.toString()): helper.helper.addDataMember is PASSED

2021-10-01 15:41:19 - [MESSAGE][PASSED] - Text 'Susan' is set on object 'Object Repository/dashboard/form-sample-page/input-name'

2021-10-01 15:41:20 - [MESSAGE][PASSED] - Text '19' is set on object 'Object Repository/dashboard/form-sample-page/input-point'

2021-10-01 15:41:20 - [MESSAGE][PASSED] - Object: 'Object Repository/dashboard/form-sample-page/btn-submit' is clicked on

2021-10-01 15:41:20 - [MESSAGE][PASSED] - helper.helper.addDataMember is PASSED

2021-10-01 15:41:20 - [TEST_STEP][PASSED] - helper.helper.checkingExistingData("Name", name, "Poin", point.toString()): helper.helper.checkingExistingData is PASSED

2021-10-01 15:41:28 - [MESSAGE][PASSED] - helper.helper.checkingExistingData is PASSED

2021-10-01 15:41:28 - [TEST_STEP][PASSED] - if (i % 2 == 0): helper.helper.checkingExistingData is PASSED

2021-10-01 15:41:28 - [TEST_STEP][PASSED] - name = "Jaka": null

2021-10-01 15:41:28 - [TEST_STEP][PASSED] - if (i % 4 == 0 && i % 5 == 0): helper.helper.checkingExistingData is PASSED

2021-10-01 15:41:28 - [TEST_STEP][PASSED] - point = i * 4 * 5: null

2021-10-01 15:41:28 - [TEST_STEP][PASSED] - helper.helper.addDataMember(name, point.toString()): helper.helper.addDataMember is PASSED

2021-10-01 15:41:29 - [MESSAGE][PASSED] - Text 'Jaka' is set on object 'Object Repository/dashboard/form-sample-page/input-name'

2021-10-01 15:41:29 - [MESSAGE][PASSED] - Text '400' is set on object 'Object Repository/dashboard/form-sample-page/input-point'

2021-10-01 15:41:30 - [MESSAGE][PASSED] - Object: 'Object Repository/dashboard/form-sample-page/btn-submit' is clicked on

2021-10-01 15:41:30 - [MESSAGE][PASSED] - helper.helper.addDataMember is PASSED

2021-10-01 15:41:30 - [TEST_STEP][PASSED] - helper.helper.checkingExistingData("Name", name, "Poin", point.toString()): helper.helper.checkingExistingData is PASSED

2021-10-01 15:41:38 - [MESSAGE][PASSED] - helper.helper.checkingExistingData is PASSED]]></system-out>
         <system-err><![CDATA[]]></system-err>
      </testcase>
      <testcase name="Test Cases/TC_006_Delete_Data" time="107.757" classname="Test Cases/TC_006_Delete_Data" status="PASSED">
         <system-out><![CDATA[2021-10-01 15:41:38 - [TEST_CASE][PASSED] - Test Cases/TC_006_Delete_Data: Test Cases/TC_006_Delete_Data

2021-10-01 15:41:38 - [TEST_STEP][PASSED] - memberList = tmpData: null

2021-10-01 15:41:38 - [TEST_STEP][PASSED] - for (def data : memberList): helper.helper.deleteDataMember is PASSED

2021-10-01 15:41:38 - [TEST_STEP][PASSED] - helper.helper.deleteDataMember(data[0], data[1]): helper.helper.deleteDataMember is PASSED

2021-10-01 15:41:43 - [MESSAGE][PASSED] - Delayed 2 second(s)

2021-10-01 15:41:43 - [MESSAGE][PASSED] - Alert accepted

2021-10-01 15:41:43 - [MESSAGE][PASSED] - helper.helper.deleteDataMember is PASSED

2021-10-01 15:41:43 - [TEST_STEP][PASSED] - helper.helper.deleteDataMember(data[0], data[1]): helper.helper.deleteDataMember is PASSED

2021-10-01 15:41:49 - [MESSAGE][PASSED] - Delayed 2 second(s)

2021-10-01 15:41:49 - [MESSAGE][PASSED] - Alert accepted

2021-10-01 15:41:49 - [MESSAGE][PASSED] - helper.helper.deleteDataMember is PASSED

2021-10-01 15:41:49 - [TEST_STEP][PASSED] - helper.helper.deleteDataMember(data[0], data[1]): helper.helper.deleteDataMember is PASSED

2021-10-01 15:41:54 - [MESSAGE][PASSED] - Delayed 2 second(s)

2021-10-01 15:41:54 - [MESSAGE][PASSED] - Alert accepted

2021-10-01 15:41:54 - [MESSAGE][PASSED] - helper.helper.deleteDataMember is PASSED

2021-10-01 15:41:54 - [TEST_STEP][PASSED] - helper.helper.deleteDataMember(data[0], data[1]): helper.helper.deleteDataMember is PASSED

2021-10-01 15:42:00 - [MESSAGE][PASSED] - Delayed 2 second(s)

2021-10-01 15:42:00 - [MESSAGE][PASSED] - Alert accepted

2021-10-01 15:42:00 - [MESSAGE][PASSED] - helper.helper.deleteDataMember is PASSED

2021-10-01 15:42:00 - [TEST_STEP][PASSED] - helper.helper.deleteDataMember(data[0], data[1]): helper.helper.deleteDataMember is PASSED

2021-10-01 15:42:05 - [MESSAGE][PASSED] - Delayed 2 second(s)

2021-10-01 15:42:05 - [MESSAGE][PASSED] - Alert accepted

2021-10-01 15:42:05 - [MESSAGE][PASSED] - helper.helper.deleteDataMember is PASSED

2021-10-01 15:42:05 - [TEST_STEP][PASSED] - helper.helper.deleteDataMember(data[0], data[1]): helper.helper.deleteDataMember is PASSED

2021-10-01 15:42:10 - [MESSAGE][PASSED] - Delayed 2 second(s)

2021-10-01 15:42:10 - [MESSAGE][PASSED] - Alert accepted

2021-10-01 15:42:10 - [MESSAGE][PASSED] - helper.helper.deleteDataMember is PASSED

2021-10-01 15:42:10 - [TEST_STEP][PASSED] - helper.helper.deleteDataMember(data[0], data[1]): helper.helper.deleteDataMember is PASSED

2021-10-01 15:42:16 - [MESSAGE][PASSED] - Delayed 2 second(s)

2021-10-01 15:42:16 - [MESSAGE][PASSED] - Alert accepted

2021-10-01 15:42:16 - [MESSAGE][PASSED] - helper.helper.deleteDataMember is PASSED

2021-10-01 15:42:16 - [TEST_STEP][PASSED] - helper.helper.deleteDataMember(data[0], data[1]): helper.helper.deleteDataMember is PASSED

2021-10-01 15:42:21 - [MESSAGE][PASSED] - Delayed 2 second(s)

2021-10-01 15:42:21 - [MESSAGE][PASSED] - Alert accepted

2021-10-01 15:42:21 - [MESSAGE][PASSED] - helper.helper.deleteDataMember is PASSED

2021-10-01 15:42:21 - [TEST_STEP][PASSED] - helper.helper.deleteDataMember(data[0], data[1]): helper.helper.deleteDataMember is PASSED

2021-10-01 15:42:27 - [MESSAGE][PASSED] - Delayed 2 second(s)

2021-10-01 15:42:27 - [MESSAGE][PASSED] - Alert accepted

2021-10-01 15:42:27 - [MESSAGE][PASSED] - helper.helper.deleteDataMember is PASSED

2021-10-01 15:42:27 - [TEST_STEP][PASSED] - helper.helper.deleteDataMember(data[0], data[1]): helper.helper.deleteDataMember is PASSED

2021-10-01 15:42:32 - [MESSAGE][PASSED] - Delayed 2 second(s)

2021-10-01 15:42:32 - [MESSAGE][PASSED] - Alert accepted

2021-10-01 15:42:32 - [MESSAGE][PASSED] - helper.helper.deleteDataMember is PASSED

2021-10-01 15:42:32 - [TEST_STEP][PASSED] - helper.helper.deleteDataMember(data[0], data[1]): helper.helper.deleteDataMember is PASSED

2021-10-01 15:42:37 - [MESSAGE][PASSED] - Delayed 2 second(s)

2021-10-01 15:42:37 - [MESSAGE][PASSED] - Alert accepted

2021-10-01 15:42:37 - [MESSAGE][PASSED] - helper.helper.deleteDataMember is PASSED

2021-10-01 15:42:37 - [TEST_STEP][PASSED] - helper.helper.deleteDataMember(data[0], data[1]): helper.helper.deleteDataMember is PASSED

2021-10-01 15:42:43 - [MESSAGE][PASSED] - Delayed 2 second(s)

2021-10-01 15:42:43 - [MESSAGE][PASSED] - Alert accepted

2021-10-01 15:42:43 - [MESSAGE][PASSED] - helper.helper.deleteDataMember is PASSED

2021-10-01 15:42:43 - [TEST_STEP][PASSED] - helper.helper.deleteDataMember(data[0], data[1]): helper.helper.deleteDataMember is PASSED

2021-10-01 15:42:48 - [MESSAGE][PASSED] - Delayed 2 second(s)

2021-10-01 15:42:48 - [MESSAGE][PASSED] - Alert accepted

2021-10-01 15:42:48 - [MESSAGE][PASSED] - helper.helper.deleteDataMember is PASSED

2021-10-01 15:42:48 - [TEST_STEP][PASSED] - helper.helper.deleteDataMember(data[0], data[1]): helper.helper.deleteDataMember is PASSED

2021-10-01 15:42:54 - [MESSAGE][PASSED] - Delayed 2 second(s)

2021-10-01 15:42:54 - [MESSAGE][PASSED] - Alert accepted

2021-10-01 15:42:54 - [MESSAGE][PASSED] - helper.helper.deleteDataMember is PASSED

2021-10-01 15:42:54 - [TEST_STEP][PASSED] - helper.helper.deleteDataMember(data[0], data[1]): helper.helper.deleteDataMember is PASSED

2021-10-01 15:42:59 - [MESSAGE][PASSED] - Delayed 2 second(s)

2021-10-01 15:42:59 - [MESSAGE][PASSED] - Alert accepted

2021-10-01 15:42:59 - [MESSAGE][PASSED] - helper.helper.deleteDataMember is PASSED

2021-10-01 15:42:59 - [TEST_STEP][PASSED] - helper.helper.deleteDataMember(data[0], data[1]): helper.helper.deleteDataMember is PASSED

2021-10-01 15:43:04 - [MESSAGE][PASSED] - Delayed 2 second(s)

2021-10-01 15:43:04 - [MESSAGE][PASSED] - Alert accepted

2021-10-01 15:43:04 - [MESSAGE][PASSED] - helper.helper.deleteDataMember is PASSED

2021-10-01 15:43:04 - [TEST_STEP][PASSED] - helper.helper.deleteDataMember(data[0], data[1]): helper.helper.deleteDataMember is PASSED

2021-10-01 15:43:10 - [MESSAGE][PASSED] - Delayed 2 second(s)

2021-10-01 15:43:10 - [MESSAGE][PASSED] - Alert accepted

2021-10-01 15:43:10 - [MESSAGE][PASSED] - helper.helper.deleteDataMember is PASSED

2021-10-01 15:43:10 - [TEST_STEP][PASSED] - helper.helper.deleteDataMember(data[0], data[1]): helper.helper.deleteDataMember is PASSED

2021-10-01 15:43:15 - [MESSAGE][PASSED] - Delayed 2 second(s)

2021-10-01 15:43:15 - [MESSAGE][PASSED] - Alert accepted

2021-10-01 15:43:15 - [MESSAGE][PASSED] - helper.helper.deleteDataMember is PASSED

2021-10-01 15:43:15 - [TEST_STEP][PASSED] - helper.helper.deleteDataMember(data[0], data[1]): helper.helper.deleteDataMember is PASSED

2021-10-01 15:43:20 - [MESSAGE][PASSED] - Delayed 2 second(s)

2021-10-01 15:43:20 - [MESSAGE][PASSED] - Alert accepted

2021-10-01 15:43:20 - [MESSAGE][PASSED] - helper.helper.deleteDataMember is PASSED

2021-10-01 15:43:20 - [TEST_STEP][PASSED] - helper.helper.deleteDataMember(data[0], data[1]): helper.helper.deleteDataMember is PASSED

2021-10-01 15:43:26 - [MESSAGE][PASSED] - Delayed 2 second(s)

2021-10-01 15:43:26 - [MESSAGE][PASSED] - Alert accepted

2021-10-01 15:43:26 - [MESSAGE][PASSED] - helper.helper.deleteDataMember is PASSED

2021-10-01 15:43:26 - [TEST_STEP][PASSED] - tmpData = []: null

2021-10-01 15:43:26 - [TEST_STEP][PASSED] - println(tmpData): null]]></system-out>
         <system-err><![CDATA[]]></system-err>
      </testcase>
      <testcase name="Test Cases/add data using excel test data" time="27.787" classname="Test Cases/add data using excel test data" status="PASSED">
         <system-out><![CDATA[2021-10-01 15:43:26 - [TEST_CASE][PASSED] - Test Cases/add data using excel test data: Test Cases/add data using excel test data

2021-10-01 15:43:26 - [TEST_STEP][PASSED] - openBrowser("http://116.254.100.222:81/login"): Browser is opened with url: 'http://116.254.100.222:81/login'

2021-10-01 15:43:26 - [MESSAGE][WARNING] - A browser is already opened. Closing browser and opening a new one

2021-10-01 15:43:27 - [MESSAGE][INFO] - Starting 'Chrome' driver

2021-10-01 15:43:27 - [MESSAGE][INFO] - Action delay is set to 0 milliseconds

2021-10-01 15:43:28 - [MESSAGE][PASSED] - Browser is opened with url: 'http://116.254.100.222:81/login'

2021-10-01 15:43:28 - [TEST_STEP][PASSED] - helper.helper.loginBrowser(username, password): helper.helper.loginBrowser is PASSED

2021-10-01 15:43:29 - [MESSAGE][PASSED] - Text 'rocky@gmail.com' is set on object 'Object Repository/loginpage/input-email'

2021-10-01 15:43:30 - [MESSAGE][PASSED] - Text 'Test1234' is set on object 'Object Repository/loginpage/input_password'

2021-10-01 15:43:32 - [MESSAGE][PASSED] - Object: 'Object Repository/loginpage/btn-login' is clicked on

2021-10-01 15:43:32 - [MESSAGE][PASSED] - helper.helper.loginBrowser is PASSED

2021-10-01 15:43:32 - [TEST_STEP][PASSED] - dataExcel = findTestData("ExcelData"): null

2021-10-01 15:43:32 - [TEST_STEP][PASSED] - excelRowNumber = findTestData("ExcelData").getRowNumbers(): null

2021-10-01 15:43:32 - [TEST_STEP][PASSED] - for ([rowCounter = 1, rowCounter < excelRowNumber, (rowCounter++)]): helper.helper.checkingExistingData is PASSED

2021-10-01 15:43:32 - [TEST_STEP][PASSED] - getName = dataExcel.getValue("Nama", rowCounter): null

2021-10-01 15:43:32 - [TEST_STEP][PASSED] - getJob = dataExcel.getValue("Job", rowCounter): null

2021-10-01 15:43:32 - [TEST_STEP][PASSED] - getPoint = dataExcel.getValue("No", rowCounter): null

2021-10-01 15:43:32 - [TEST_STEP][PASSED] - helper.helper.addDataMember(getName + "_" + getJob, getPoint): helper.helper.addDataMember is PASSED

2021-10-01 15:43:33 - [MESSAGE][PASSED] - Text 'Freddy_Leader' is set on object 'Object Repository/dashboard/form-sample-page/input-name'

2021-10-01 15:43:33 - [MESSAGE][PASSED] - Text '1' is set on object 'Object Repository/dashboard/form-sample-page/input-point'

2021-10-01 15:43:34 - [MESSAGE][PASSED] - Object: 'Object Repository/dashboard/form-sample-page/btn-submit' is clicked on

2021-10-01 15:43:34 - [MESSAGE][PASSED] - helper.helper.addDataMember is PASSED

2021-10-01 15:43:34 - [TEST_STEP][PASSED] - helper.helper.checkingExistingData("Name", getName + "_" + getJob, "Poin", getPoint): helper.helper.checkingExistingData is PASSED

2021-10-01 15:43:37 - [MESSAGE][PASSED] - helper.helper.checkingExistingData is PASSED

2021-10-01 15:43:37 - [TEST_STEP][PASSED] - getName = dataExcel.getValue("Nama", rowCounter): null

2021-10-01 15:43:37 - [TEST_STEP][PASSED] - getJob = dataExcel.getValue("Job", rowCounter): null

2021-10-01 15:43:37 - [TEST_STEP][PASSED] - getPoint = dataExcel.getValue("No", rowCounter): null

2021-10-01 15:43:37 - [TEST_STEP][PASSED] - helper.helper.addDataMember(getName + "_" + getJob, getPoint): helper.helper.addDataMember is PASSED

2021-10-01 15:43:38 - [MESSAGE][PASSED] - Text 'Rizky_Programmer' is set on object 'Object Repository/dashboard/form-sample-page/input-name'

2021-10-01 15:43:38 - [MESSAGE][PASSED] - Text '2' is set on object 'Object Repository/dashboard/form-sample-page/input-point'

2021-10-01 15:43:39 - [MESSAGE][PASSED] - Object: 'Object Repository/dashboard/form-sample-page/btn-submit' is clicked on

2021-10-01 15:43:39 - [MESSAGE][PASSED] - helper.helper.addDataMember is PASSED

2021-10-01 15:43:39 - [TEST_STEP][PASSED] - helper.helper.checkingExistingData("Name", getName + "_" + getJob, "Poin", getPoint): helper.helper.checkingExistingData is PASSED

2021-10-01 15:43:43 - [MESSAGE][PASSED] - helper.helper.checkingExistingData is PASSED

2021-10-01 15:43:43 - [TEST_STEP][PASSED] - getName = dataExcel.getValue("Nama", rowCounter): null

2021-10-01 15:43:43 - [TEST_STEP][PASSED] - getJob = dataExcel.getValue("Job", rowCounter): null

2021-10-01 15:43:43 - [TEST_STEP][PASSED] - getPoint = dataExcel.getValue("No", rowCounter): null

2021-10-01 15:43:43 - [TEST_STEP][PASSED] - helper.helper.addDataMember(getName + "_" + getJob, getPoint): helper.helper.addDataMember is PASSED

2021-10-01 15:43:43 - [MESSAGE][PASSED] - Text 'Alfred_System Analyst' is set on object 'Object Repository/dashboard/form-sample-page/input-name'

2021-10-01 15:43:44 - [MESSAGE][PASSED] - Text '3' is set on object 'Object Repository/dashboard/form-sample-page/input-point'

2021-10-01 15:43:44 - [MESSAGE][PASSED] - Object: 'Object Repository/dashboard/form-sample-page/btn-submit' is clicked on

2021-10-01 15:43:44 - [MESSAGE][PASSED] - helper.helper.addDataMember is PASSED

2021-10-01 15:43:44 - [TEST_STEP][PASSED] - helper.helper.checkingExistingData("Name", getName + "_" + getJob, "Poin", getPoint): helper.helper.checkingExistingData is PASSED

2021-10-01 15:43:48 - [MESSAGE][PASSED] - helper.helper.checkingExistingData is PASSED

2021-10-01 15:43:48 - [TEST_STEP][PASSED] - getName = dataExcel.getValue("Nama", rowCounter): null

2021-10-01 15:43:48 - [TEST_STEP][PASSED] - getJob = dataExcel.getValue("Job", rowCounter): null

2021-10-01 15:43:48 - [TEST_STEP][PASSED] - getPoint = dataExcel.getValue("No", rowCounter): null

2021-10-01 15:43:48 - [TEST_STEP][PASSED] - helper.helper.addDataMember(getName + "_" + getJob, getPoint): helper.helper.addDataMember is PASSED

2021-10-01 15:43:48 - [MESSAGE][PASSED] - Text 'Faiz_Quality Assurance' is set on object 'Object Repository/dashboard/form-sample-page/input-name'

2021-10-01 15:43:49 - [MESSAGE][PASSED] - Text '4' is set on object 'Object Repository/dashboard/form-sample-page/input-point'

2021-10-01 15:43:49 - [MESSAGE][PASSED] - Object: 'Object Repository/dashboard/form-sample-page/btn-submit' is clicked on

2021-10-01 15:43:49 - [MESSAGE][PASSED] - helper.helper.addDataMember is PASSED

2021-10-01 15:43:49 - [TEST_STEP][PASSED] - helper.helper.checkingExistingData("Name", getName + "_" + getJob, "Poin", getPoint): helper.helper.checkingExistingData is PASSED

2021-10-01 15:43:54 - [MESSAGE][PASSED] - helper.helper.checkingExistingData is PASSED]]></system-out>
         <system-err><![CDATA[]]></system-err>
      </testcase>
      <system-out><![CDATA[2021-10-01 15:39:05 - [TEST_SUITE][PASSED] - pengetesan add member: Test Cases/add data using excel test data]]></system-out>
      <system-err><![CDATA[]]></system-err>
   </testsuite>
</testsuites>
