<?xml version="1.0" encoding="UTF-8"?>
<testsuites name="pengetesan add member" time="173.212" tests="3" failures="0" errors="1">
   <testsuite name="pengetesan add member" tests="3" failures="0" errors="1" time="173.212" skipped="0" timestamp="2021-10-01 10:58:20" hostname="rocky - MSI" id="Test Suites/pengetesan add member">
      <properties>
         <property name="deviceName" value=""/>
         <property name="devicePlatform" value=""/>
         <property name="logFolder" value="D:\\playground\\testing\\indocyber-katalon\\Reports\\20211001_105808\\pengetesan add member\\20211001_105808"/>
         <property name="logFiles" value="D:\\playground\\testing\\indocyber-katalon\\Reports\\20211001_105808\\pengetesan add member\\20211001_105808\\execution0.log"/>
         <property name="attachments" value=""/>
         <property name="hostName" value="rocky - MSI"/>
         <property name="os" value="Windows 10 64bit"/>
         <property name="katalonVersion" value="8.1.0.208"/>
         <property name="browser" value="Chrome 94.0.4606.61"/>
         <property name="hostAddress" value="192.168.0.113"/>
         <property name="sessionId" value="9bc9f565cabea2d19d9da7b574eb3224"/>
         <property name="seleniumVersion" value="3.141.59"/>
         <property name="proxyInformation" value="ProxyInformation { proxyOption=NO_PROXY, proxyServerType=HTTP, username=, password=********, proxyServerAddress=, proxyServerPort=0, executionList=&quot;&quot;, isApplyToDesiredCapabilities=true }"/>
         <property name="platform" value="Windows 10"/>
      </properties>
      <testcase name="Test Cases/Add Data Member" time="12.312" classname="Test Cases/Add Data Member" status="PASSED">
         <system-out><![CDATA[2021-10-01 10:58:20 - [TEST_CASE][PASSED] - Test Cases/Add Data Member: Test Cases/Add Data Member

2021-10-01 10:58:21 - [TEST_STEP][PASSED] - openBrowser("http://116.254.100.222:81/login"): Browser is opened with url: 'http://116.254.100.222:81/login'

2021-10-01 10:58:21 - [MESSAGE][INFO] - Starting 'Chrome' driver

2021-10-01 10:58:21 - [MESSAGE][INFO] - Action delay is set to 0 milliseconds

2021-10-01 10:58:24 - [MESSAGE][PASSED] - Browser is opened with url: 'http://116.254.100.222:81/login'

2021-10-01 10:58:24 - [TEST_STEP][PASSED] - name = name: null

2021-10-01 10:58:24 - [TEST_STEP][PASSED] - point = point: null

2021-10-01 10:58:24 - [TEST_STEP][PASSED] - helper.helper.loginBrowser("rocky@gmail.com", "Test1234"): helper.helper.loginBrowser is PASSED

2021-10-01 10:58:24 - [MESSAGE][PASSED] - Text 'rocky@gmail.com' is set on object 'Object Repository/loginpage/input-email'

2021-10-01 10:58:25 - [MESSAGE][PASSED] - Text 'Test1234' is set on object 'Object Repository/loginpage/input_password'

2021-10-01 10:58:27 - [MESSAGE][PASSED] - Object: 'Object Repository/loginpage/btn-login' is clicked on

2021-10-01 10:58:27 - [MESSAGE][PASSED] - helper.helper.loginBrowser is PASSED

2021-10-01 10:58:27 - [TEST_STEP][PASSED] - helper.helper.addDataMember(name, point): helper.helper.addDataMember is PASSED

2021-10-01 10:58:28 - [MESSAGE][PASSED] - Text 'Susan' is set on object 'Object Repository/dashboard/form-sample-page/input-name'

2021-10-01 10:58:28 - [MESSAGE][PASSED] - Text '50' is set on object 'Object Repository/dashboard/form-sample-page/input-point'

2021-10-01 10:58:29 - [MESSAGE][PASSED] - Object: 'Object Repository/dashboard/form-sample-page/btn-submit' is clicked on

2021-10-01 10:58:29 - [MESSAGE][PASSED] - helper.helper.addDataMember is PASSED

2021-10-01 10:58:29 - [TEST_STEP][PASSED] - helper.helper.checkingExistingData("Name", name, "Poin", point): helper.helper.checkingExistingData is PASSED

2021-10-01 10:58:33 - [MESSAGE][PASSED] - helper.helper.checkingExistingData is PASSED]]></system-out>
         <system-err><![CDATA[]]></system-err>
      </testcase>
      <testcase name="Test Cases/TC_005_ADD Member 20 times using conditional" time="152.224" classname="Test Cases/TC_005_ADD Member 20 times using conditional" status="PASSED">
         <system-out><![CDATA[2021-10-01 10:58:33 - [TEST_CASE][PASSED] - Test Cases/TC_005_ADD Member 20 times using conditional: Test Cases/TC_005_ADD Member 20 times using conditional

2021-10-01 10:58:33 - [TEST_STEP][PASSED] - openBrowser("http://116.254.100.222:81/login"): Browser is opened with url: 'http://116.254.100.222:81/login'

2021-10-01 10:58:33 - [MESSAGE][WARNING] - A browser is already opened. Closing browser and opening a new one

2021-10-01 10:58:33 - [MESSAGE][INFO] - Starting 'Chrome' driver

2021-10-01 10:58:33 - [MESSAGE][INFO] - Action delay is set to 0 milliseconds

2021-10-01 10:58:36 - [MESSAGE][PASSED] - Browser is opened with url: 'http://116.254.100.222:81/login'

2021-10-01 10:58:36 - [TEST_STEP][PASSED] - helper.helper.loginBrowser("rocky@gmail.com", "Test1234"): helper.helper.loginBrowser is PASSED

2021-10-01 10:58:37 - [MESSAGE][PASSED] - Text 'rocky@gmail.com' is set on object 'Object Repository/loginpage/input-email'

2021-10-01 10:58:37 - [MESSAGE][PASSED] - Text 'Test1234' is set on object 'Object Repository/loginpage/input_password'

2021-10-01 10:58:39 - [MESSAGE][PASSED] - Object: 'Object Repository/loginpage/btn-login' is clicked on

2021-10-01 10:58:39 - [MESSAGE][PASSED] - helper.helper.loginBrowser is PASSED

2021-10-01 10:58:39 - [TEST_STEP][PASSED] - maxLoop = 20: null

2021-10-01 10:58:39 - [TEST_STEP][PASSED] - name = "": null

2021-10-01 10:58:39 - [TEST_STEP][PASSED] - point = 0: null

2021-10-01 10:58:39 - [TEST_STEP][PASSED] - for ([i = 1, i <= maxLoop, (i++)]): helper.helper.checkingExistingData is PASSED

2021-10-01 10:58:39 - [TEST_STEP][PASSED] - if (i % 2 == 0): null

2021-10-01 10:58:39 - [TEST_STEP][PASSED] - else: helper.helper.checkingExistingData is PASSED

2021-10-01 10:58:39 - [TEST_STEP][PASSED] - name = "Susan": null

2021-10-01 10:58:39 - [TEST_STEP][PASSED] - if (i % 3 == 0 && i % 5 == 0): null

2021-10-01 10:58:39 - [TEST_STEP][PASSED] - else if (i % 3 == 0): null

2021-10-01 10:58:39 - [TEST_STEP][PASSED] - else if (i % 5 == 0): null

2021-10-01 10:58:39 - [TEST_STEP][PASSED] - else: helper.helper.checkingExistingData is PASSED

2021-10-01 10:58:39 - [TEST_STEP][PASSED] - point = i: null

2021-10-01 10:58:39 - [TEST_STEP][PASSED] - helper.helper.addDataMember(name, point.toString()): helper.helper.addDataMember is PASSED

2021-10-01 10:58:40 - [MESSAGE][PASSED] - Text 'Susan' is set on object 'Object Repository/dashboard/form-sample-page/input-name'

2021-10-01 10:58:41 - [MESSAGE][PASSED] - Text '1' is set on object 'Object Repository/dashboard/form-sample-page/input-point'

2021-10-01 10:58:41 - [MESSAGE][PASSED] - Object: 'Object Repository/dashboard/form-sample-page/btn-submit' is clicked on

2021-10-01 10:58:41 - [MESSAGE][PASSED] - helper.helper.addDataMember is PASSED

2021-10-01 10:58:41 - [TEST_STEP][PASSED] - helper.helper.checkingExistingData("Name", name, "Poin", point.toString()): helper.helper.checkingExistingData is PASSED

2021-10-01 10:58:45 - [MESSAGE][PASSED] - helper.helper.checkingExistingData is PASSED

2021-10-01 10:58:45 - [TEST_STEP][PASSED] - if (i % 2 == 0): helper.helper.checkingExistingData is PASSED

2021-10-01 10:58:45 - [TEST_STEP][PASSED] - name = "Jaka": null

2021-10-01 10:58:45 - [TEST_STEP][PASSED] - if (i % 4 == 0 && i % 5 == 0): null

2021-10-01 10:58:45 - [TEST_STEP][PASSED] - else if (i % 4 == 0): null

2021-10-01 10:58:45 - [TEST_STEP][PASSED] - else if (i % 3 == 0): null

2021-10-01 10:58:45 - [TEST_STEP][PASSED] - else if (i % 5 == 0): null

2021-10-01 10:58:45 - [TEST_STEP][PASSED] - else: helper.helper.checkingExistingData is PASSED

2021-10-01 10:58:45 - [TEST_STEP][PASSED] - point = i: null

2021-10-01 10:58:45 - [TEST_STEP][PASSED] - helper.helper.addDataMember(name, point.toString()): helper.helper.addDataMember is PASSED

2021-10-01 10:58:45 - [MESSAGE][PASSED] - Text 'Jaka' is set on object 'Object Repository/dashboard/form-sample-page/input-name'

2021-10-01 10:58:46 - [MESSAGE][PASSED] - Text '2' is set on object 'Object Repository/dashboard/form-sample-page/input-point'

2021-10-01 10:58:46 - [MESSAGE][PASSED] - Object: 'Object Repository/dashboard/form-sample-page/btn-submit' is clicked on

2021-10-01 10:58:46 - [MESSAGE][PASSED] - helper.helper.addDataMember is PASSED

2021-10-01 10:58:46 - [TEST_STEP][PASSED] - helper.helper.checkingExistingData("Name", name, "Poin", point.toString()): helper.helper.checkingExistingData is PASSED

2021-10-01 10:58:50 - [MESSAGE][PASSED] - helper.helper.checkingExistingData is PASSED

2021-10-01 10:58:50 - [TEST_STEP][PASSED] - if (i % 2 == 0): null

2021-10-01 10:58:50 - [TEST_STEP][PASSED] - else: helper.helper.checkingExistingData is PASSED

2021-10-01 10:58:50 - [TEST_STEP][PASSED] - name = "Susan": null

2021-10-01 10:58:50 - [TEST_STEP][PASSED] - if (i % 3 == 0 && i % 5 == 0): null

2021-10-01 10:58:50 - [TEST_STEP][PASSED] - else if (i % 3 == 0): helper.helper.checkingExistingData is PASSED

2021-10-01 10:58:50 - [TEST_STEP][PASSED] - point = i * 3: null

2021-10-01 10:58:50 - [TEST_STEP][PASSED] - helper.helper.addDataMember(name, point.toString()): helper.helper.addDataMember is PASSED

2021-10-01 10:58:51 - [MESSAGE][PASSED] - Text 'Susan' is set on object 'Object Repository/dashboard/form-sample-page/input-name'

2021-10-01 10:58:51 - [MESSAGE][PASSED] - Text '9' is set on object 'Object Repository/dashboard/form-sample-page/input-point'

2021-10-01 10:58:52 - [MESSAGE][PASSED] - Object: 'Object Repository/dashboard/form-sample-page/btn-submit' is clicked on

2021-10-01 10:58:52 - [MESSAGE][PASSED] - helper.helper.addDataMember is PASSED

2021-10-01 10:58:52 - [TEST_STEP][PASSED] - helper.helper.checkingExistingData("Name", name, "Poin", point.toString()): helper.helper.checkingExistingData is PASSED

2021-10-01 10:58:56 - [MESSAGE][PASSED] - helper.helper.checkingExistingData is PASSED

2021-10-01 10:58:56 - [TEST_STEP][PASSED] - if (i % 2 == 0): helper.helper.checkingExistingData is PASSED

2021-10-01 10:58:56 - [TEST_STEP][PASSED] - name = "Jaka": null

2021-10-01 10:58:56 - [TEST_STEP][PASSED] - if (i % 4 == 0 && i % 5 == 0): null

2021-10-01 10:58:56 - [TEST_STEP][PASSED] - else if (i % 4 == 0): helper.helper.checkingExistingData is PASSED

2021-10-01 10:58:56 - [TEST_STEP][PASSED] - point = i * 4: null

2021-10-01 10:58:56 - [TEST_STEP][PASSED] - helper.helper.addDataMember(name, point.toString()): helper.helper.addDataMember is PASSED

2021-10-01 10:58:56 - [MESSAGE][PASSED] - Text 'Jaka' is set on object 'Object Repository/dashboard/form-sample-page/input-name'

2021-10-01 10:58:57 - [MESSAGE][PASSED] - Text '16' is set on object 'Object Repository/dashboard/form-sample-page/input-point'

2021-10-01 10:58:57 - [MESSAGE][PASSED] - Object: 'Object Repository/dashboard/form-sample-page/btn-submit' is clicked on

2021-10-01 10:58:57 - [MESSAGE][PASSED] - helper.helper.addDataMember is PASSED

2021-10-01 10:58:57 - [TEST_STEP][PASSED] - helper.helper.checkingExistingData("Name", name, "Poin", point.toString()): helper.helper.checkingExistingData is PASSED

2021-10-01 10:59:01 - [MESSAGE][PASSED] - helper.helper.checkingExistingData is PASSED

2021-10-01 10:59:01 - [TEST_STEP][PASSED] - if (i % 2 == 0): null

2021-10-01 10:59:01 - [TEST_STEP][PASSED] - else: helper.helper.checkingExistingData is PASSED

2021-10-01 10:59:01 - [TEST_STEP][PASSED] - name = "Susan": null

2021-10-01 10:59:01 - [TEST_STEP][PASSED] - if (i % 3 == 0 && i % 5 == 0): null

2021-10-01 10:59:01 - [TEST_STEP][PASSED] - else if (i % 3 == 0): null

2021-10-01 10:59:01 - [TEST_STEP][PASSED] - else if (i % 5 == 0): helper.helper.checkingExistingData is PASSED

2021-10-01 10:59:01 - [TEST_STEP][PASSED] - point = i * 5: null

2021-10-01 10:59:01 - [TEST_STEP][PASSED] - helper.helper.addDataMember(name, point.toString()): helper.helper.addDataMember is PASSED

2021-10-01 10:59:02 - [MESSAGE][PASSED] - Text 'Susan' is set on object 'Object Repository/dashboard/form-sample-page/input-name'

2021-10-01 10:59:02 - [MESSAGE][PASSED] - Text '25' is set on object 'Object Repository/dashboard/form-sample-page/input-point'

2021-10-01 10:59:03 - [MESSAGE][PASSED] - Object: 'Object Repository/dashboard/form-sample-page/btn-submit' is clicked on

2021-10-01 10:59:03 - [MESSAGE][PASSED] - helper.helper.addDataMember is PASSED

2021-10-01 10:59:03 - [TEST_STEP][PASSED] - helper.helper.checkingExistingData("Name", name, "Poin", point.toString()): helper.helper.checkingExistingData is PASSED

2021-10-01 10:59:06 - [MESSAGE][PASSED] - helper.helper.checkingExistingData is PASSED

2021-10-01 10:59:06 - [TEST_STEP][PASSED] - if (i % 2 == 0): helper.helper.checkingExistingData is PASSED

2021-10-01 10:59:06 - [TEST_STEP][PASSED] - name = "Jaka": null

2021-10-01 10:59:06 - [TEST_STEP][PASSED] - if (i % 4 == 0 && i % 5 == 0): null

2021-10-01 10:59:06 - [TEST_STEP][PASSED] - else if (i % 4 == 0): null

2021-10-01 10:59:06 - [TEST_STEP][PASSED] - else if (i % 3 == 0): helper.helper.checkingExistingData is PASSED

2021-10-01 10:59:06 - [TEST_STEP][PASSED] - point = i * 3: null

2021-10-01 10:59:06 - [TEST_STEP][PASSED] - helper.helper.addDataMember(name, point.toString()): helper.helper.addDataMember is PASSED

2021-10-01 10:59:06 - [MESSAGE][PASSED] - Text 'Jaka' is set on object 'Object Repository/dashboard/form-sample-page/input-name'

2021-10-01 10:59:07 - [MESSAGE][PASSED] - Text '18' is set on object 'Object Repository/dashboard/form-sample-page/input-point'

2021-10-01 10:59:07 - [MESSAGE][PASSED] - Object: 'Object Repository/dashboard/form-sample-page/btn-submit' is clicked on

2021-10-01 10:59:07 - [MESSAGE][PASSED] - helper.helper.addDataMember is PASSED

2021-10-01 10:59:07 - [TEST_STEP][PASSED] - helper.helper.checkingExistingData("Name", name, "Poin", point.toString()): helper.helper.checkingExistingData is PASSED

2021-10-01 10:59:12 - [MESSAGE][PASSED] - helper.helper.checkingExistingData is PASSED

2021-10-01 10:59:12 - [TEST_STEP][PASSED] - if (i % 2 == 0): null

2021-10-01 10:59:12 - [TEST_STEP][PASSED] - else: helper.helper.checkingExistingData is PASSED

2021-10-01 10:59:12 - [TEST_STEP][PASSED] - name = "Susan": null

2021-10-01 10:59:12 - [TEST_STEP][PASSED] - if (i % 3 == 0 && i % 5 == 0): null

2021-10-01 10:59:12 - [TEST_STEP][PASSED] - else if (i % 3 == 0): null

2021-10-01 10:59:12 - [TEST_STEP][PASSED] - else if (i % 5 == 0): null

2021-10-01 10:59:12 - [TEST_STEP][PASSED] - else: helper.helper.checkingExistingData is PASSED

2021-10-01 10:59:12 - [TEST_STEP][PASSED] - point = i: null

2021-10-01 10:59:12 - [TEST_STEP][PASSED] - helper.helper.addDataMember(name, point.toString()): helper.helper.addDataMember is PASSED

2021-10-01 10:59:13 - [MESSAGE][PASSED] - Text 'Susan' is set on object 'Object Repository/dashboard/form-sample-page/input-name'

2021-10-01 10:59:13 - [MESSAGE][PASSED] - Text '7' is set on object 'Object Repository/dashboard/form-sample-page/input-point'

2021-10-01 10:59:13 - [MESSAGE][PASSED] - Object: 'Object Repository/dashboard/form-sample-page/btn-submit' is clicked on

2021-10-01 10:59:13 - [MESSAGE][PASSED] - helper.helper.addDataMember is PASSED

2021-10-01 10:59:13 - [TEST_STEP][PASSED] - helper.helper.checkingExistingData("Name", name, "Poin", point.toString()): helper.helper.checkingExistingData is PASSED

2021-10-01 10:59:19 - [MESSAGE][PASSED] - helper.helper.checkingExistingData is PASSED

2021-10-01 10:59:19 - [TEST_STEP][PASSED] - if (i % 2 == 0): helper.helper.checkingExistingData is PASSED

2021-10-01 10:59:19 - [TEST_STEP][PASSED] - name = "Jaka": null

2021-10-01 10:59:19 - [TEST_STEP][PASSED] - if (i % 4 == 0 && i % 5 == 0): null

2021-10-01 10:59:19 - [TEST_STEP][PASSED] - else if (i % 4 == 0): helper.helper.checkingExistingData is PASSED

2021-10-01 10:59:19 - [TEST_STEP][PASSED] - point = i * 4: null

2021-10-01 10:59:19 - [TEST_STEP][PASSED] - helper.helper.addDataMember(name, point.toString()): helper.helper.addDataMember is PASSED

2021-10-01 10:59:19 - [MESSAGE][PASSED] - Text 'Jaka' is set on object 'Object Repository/dashboard/form-sample-page/input-name'

2021-10-01 10:59:20 - [MESSAGE][PASSED] - Text '32' is set on object 'Object Repository/dashboard/form-sample-page/input-point'

2021-10-01 10:59:20 - [MESSAGE][PASSED] - Object: 'Object Repository/dashboard/form-sample-page/btn-submit' is clicked on

2021-10-01 10:59:20 - [MESSAGE][PASSED] - helper.helper.addDataMember is PASSED

2021-10-01 10:59:20 - [TEST_STEP][PASSED] - helper.helper.checkingExistingData("Name", name, "Poin", point.toString()): helper.helper.checkingExistingData is PASSED

2021-10-01 10:59:25 - [MESSAGE][PASSED] - helper.helper.checkingExistingData is PASSED

2021-10-01 10:59:25 - [TEST_STEP][PASSED] - if (i % 2 == 0): null

2021-10-01 10:59:25 - [TEST_STEP][PASSED] - else: helper.helper.checkingExistingData is PASSED

2021-10-01 10:59:25 - [TEST_STEP][PASSED] - name = "Susan": null

2021-10-01 10:59:25 - [TEST_STEP][PASSED] - if (i % 3 == 0 && i % 5 == 0): null

2021-10-01 10:59:25 - [TEST_STEP][PASSED] - else if (i % 3 == 0): helper.helper.checkingExistingData is PASSED

2021-10-01 10:59:25 - [TEST_STEP][PASSED] - point = i * 3: null

2021-10-01 10:59:25 - [TEST_STEP][PASSED] - helper.helper.addDataMember(name, point.toString()): helper.helper.addDataMember is PASSED

2021-10-01 10:59:26 - [MESSAGE][PASSED] - Text 'Susan' is set on object 'Object Repository/dashboard/form-sample-page/input-name'

2021-10-01 10:59:26 - [MESSAGE][PASSED] - Text '27' is set on object 'Object Repository/dashboard/form-sample-page/input-point'

2021-10-01 10:59:27 - [MESSAGE][PASSED] - Object: 'Object Repository/dashboard/form-sample-page/btn-submit' is clicked on

2021-10-01 10:59:27 - [MESSAGE][PASSED] - helper.helper.addDataMember is PASSED

2021-10-01 10:59:27 - [TEST_STEP][PASSED] - helper.helper.checkingExistingData("Name", name, "Poin", point.toString()): helper.helper.checkingExistingData is PASSED

2021-10-01 10:59:32 - [MESSAGE][PASSED] - helper.helper.checkingExistingData is PASSED

2021-10-01 10:59:32 - [TEST_STEP][PASSED] - if (i % 2 == 0): helper.helper.checkingExistingData is PASSED

2021-10-01 10:59:32 - [TEST_STEP][PASSED] - name = "Jaka": null

2021-10-01 10:59:32 - [TEST_STEP][PASSED] - if (i % 4 == 0 && i % 5 == 0): null

2021-10-01 10:59:32 - [TEST_STEP][PASSED] - else if (i % 4 == 0): null

2021-10-01 10:59:32 - [TEST_STEP][PASSED] - else if (i % 3 == 0): null

2021-10-01 10:59:32 - [TEST_STEP][PASSED] - else if (i % 5 == 0): helper.helper.checkingExistingData is PASSED

2021-10-01 10:59:32 - [TEST_STEP][PASSED] - point = i * 5: null

2021-10-01 10:59:32 - [TEST_STEP][PASSED] - helper.helper.addDataMember(name, point.toString()): helper.helper.addDataMember is PASSED

2021-10-01 10:59:33 - [MESSAGE][PASSED] - Text 'Jaka' is set on object 'Object Repository/dashboard/form-sample-page/input-name'

2021-10-01 10:59:33 - [MESSAGE][PASSED] - Text '50' is set on object 'Object Repository/dashboard/form-sample-page/input-point'

2021-10-01 10:59:34 - [MESSAGE][PASSED] - Object: 'Object Repository/dashboard/form-sample-page/btn-submit' is clicked on

2021-10-01 10:59:34 - [MESSAGE][PASSED] - helper.helper.addDataMember is PASSED

2021-10-01 10:59:34 - [TEST_STEP][PASSED] - helper.helper.checkingExistingData("Name", name, "Poin", point.toString()): helper.helper.checkingExistingData is PASSED

2021-10-01 10:59:39 - [MESSAGE][PASSED] - helper.helper.checkingExistingData is PASSED

2021-10-01 10:59:39 - [TEST_STEP][PASSED] - if (i % 2 == 0): null

2021-10-01 10:59:39 - [TEST_STEP][PASSED] - else: helper.helper.checkingExistingData is PASSED

2021-10-01 10:59:39 - [TEST_STEP][PASSED] - name = "Susan": null

2021-10-01 10:59:39 - [TEST_STEP][PASSED] - if (i % 3 == 0 && i % 5 == 0): null

2021-10-01 10:59:39 - [TEST_STEP][PASSED] - else if (i % 3 == 0): null

2021-10-01 10:59:39 - [TEST_STEP][PASSED] - else if (i % 5 == 0): null

2021-10-01 10:59:39 - [TEST_STEP][PASSED] - else: helper.helper.checkingExistingData is PASSED

2021-10-01 10:59:39 - [TEST_STEP][PASSED] - point = i: null

2021-10-01 10:59:39 - [TEST_STEP][PASSED] - helper.helper.addDataMember(name, point.toString()): helper.helper.addDataMember is PASSED

2021-10-01 10:59:40 - [MESSAGE][PASSED] - Text 'Susan' is set on object 'Object Repository/dashboard/form-sample-page/input-name'

2021-10-01 10:59:40 - [MESSAGE][PASSED] - Text '11' is set on object 'Object Repository/dashboard/form-sample-page/input-point'

2021-10-01 10:59:41 - [MESSAGE][PASSED] - Object: 'Object Repository/dashboard/form-sample-page/btn-submit' is clicked on

2021-10-01 10:59:41 - [MESSAGE][PASSED] - helper.helper.addDataMember is PASSED

2021-10-01 10:59:41 - [TEST_STEP][PASSED] - helper.helper.checkingExistingData("Name", name, "Poin", point.toString()): helper.helper.checkingExistingData is PASSED

2021-10-01 10:59:47 - [MESSAGE][PASSED] - helper.helper.checkingExistingData is PASSED

2021-10-01 10:59:47 - [TEST_STEP][PASSED] - if (i % 2 == 0): helper.helper.checkingExistingData is PASSED

2021-10-01 10:59:47 - [TEST_STEP][PASSED] - name = "Jaka": null

2021-10-01 10:59:47 - [TEST_STEP][PASSED] - if (i % 4 == 0 && i % 5 == 0): null

2021-10-01 10:59:47 - [TEST_STEP][PASSED] - else if (i % 4 == 0): helper.helper.checkingExistingData is PASSED

2021-10-01 10:59:47 - [TEST_STEP][PASSED] - point = i * 4: null

2021-10-01 10:59:47 - [TEST_STEP][PASSED] - helper.helper.addDataMember(name, point.toString()): helper.helper.addDataMember is PASSED

2021-10-01 10:59:47 - [MESSAGE][PASSED] - Text 'Jaka' is set on object 'Object Repository/dashboard/form-sample-page/input-name'

2021-10-01 10:59:48 - [MESSAGE][PASSED] - Text '48' is set on object 'Object Repository/dashboard/form-sample-page/input-point'

2021-10-01 10:59:48 - [MESSAGE][PASSED] - Object: 'Object Repository/dashboard/form-sample-page/btn-submit' is clicked on

2021-10-01 10:59:48 - [MESSAGE][PASSED] - helper.helper.addDataMember is PASSED

2021-10-01 10:59:48 - [TEST_STEP][PASSED] - helper.helper.checkingExistingData("Name", name, "Poin", point.toString()): helper.helper.checkingExistingData is PASSED

2021-10-01 10:59:54 - [MESSAGE][PASSED] - helper.helper.checkingExistingData is PASSED

2021-10-01 10:59:54 - [TEST_STEP][PASSED] - if (i % 2 == 0): null

2021-10-01 10:59:54 - [TEST_STEP][PASSED] - else: helper.helper.checkingExistingData is PASSED

2021-10-01 10:59:54 - [TEST_STEP][PASSED] - name = "Susan": null

2021-10-01 10:59:54 - [TEST_STEP][PASSED] - if (i % 3 == 0 && i % 5 == 0): null

2021-10-01 10:59:54 - [TEST_STEP][PASSED] - else if (i % 3 == 0): null

2021-10-01 10:59:54 - [TEST_STEP][PASSED] - else if (i % 5 == 0): null

2021-10-01 10:59:54 - [TEST_STEP][PASSED] - else: helper.helper.checkingExistingData is PASSED

2021-10-01 10:59:54 - [TEST_STEP][PASSED] - point = i: null

2021-10-01 10:59:54 - [TEST_STEP][PASSED] - helper.helper.addDataMember(name, point.toString()): helper.helper.addDataMember is PASSED

2021-10-01 10:59:55 - [MESSAGE][PASSED] - Text 'Susan' is set on object 'Object Repository/dashboard/form-sample-page/input-name'

2021-10-01 10:59:56 - [MESSAGE][PASSED] - Text '13' is set on object 'Object Repository/dashboard/form-sample-page/input-point'

2021-10-01 10:59:56 - [MESSAGE][PASSED] - Object: 'Object Repository/dashboard/form-sample-page/btn-submit' is clicked on

2021-10-01 10:59:56 - [MESSAGE][PASSED] - helper.helper.addDataMember is PASSED

2021-10-01 10:59:56 - [TEST_STEP][PASSED] - helper.helper.checkingExistingData("Name", name, "Poin", point.toString()): helper.helper.checkingExistingData is PASSED

2021-10-01 11:00:02 - [MESSAGE][PASSED] - helper.helper.checkingExistingData is PASSED

2021-10-01 11:00:02 - [TEST_STEP][PASSED] - if (i % 2 == 0): helper.helper.checkingExistingData is PASSED

2021-10-01 11:00:02 - [TEST_STEP][PASSED] - name = "Jaka": null

2021-10-01 11:00:02 - [TEST_STEP][PASSED] - if (i % 4 == 0 && i % 5 == 0): null

2021-10-01 11:00:02 - [TEST_STEP][PASSED] - else if (i % 4 == 0): null

2021-10-01 11:00:02 - [TEST_STEP][PASSED] - else if (i % 3 == 0): null

2021-10-01 11:00:02 - [TEST_STEP][PASSED] - else if (i % 5 == 0): null

2021-10-01 11:00:02 - [TEST_STEP][PASSED] - else: helper.helper.checkingExistingData is PASSED

2021-10-01 11:00:02 - [TEST_STEP][PASSED] - point = i: null

2021-10-01 11:00:02 - [TEST_STEP][PASSED] - helper.helper.addDataMember(name, point.toString()): helper.helper.addDataMember is PASSED

2021-10-01 11:00:03 - [MESSAGE][PASSED] - Text 'Jaka' is set on object 'Object Repository/dashboard/form-sample-page/input-name'

2021-10-01 11:00:03 - [MESSAGE][PASSED] - Text '14' is set on object 'Object Repository/dashboard/form-sample-page/input-point'

2021-10-01 11:00:04 - [MESSAGE][PASSED] - Object: 'Object Repository/dashboard/form-sample-page/btn-submit' is clicked on

2021-10-01 11:00:04 - [MESSAGE][PASSED] - helper.helper.addDataMember is PASSED

2021-10-01 11:00:04 - [TEST_STEP][PASSED] - helper.helper.checkingExistingData("Name", name, "Poin", point.toString()): helper.helper.checkingExistingData is PASSED

2021-10-01 11:00:11 - [MESSAGE][PASSED] - helper.helper.checkingExistingData is PASSED

2021-10-01 11:00:11 - [TEST_STEP][PASSED] - if (i % 2 == 0): null

2021-10-01 11:00:11 - [TEST_STEP][PASSED] - else: helper.helper.checkingExistingData is PASSED

2021-10-01 11:00:11 - [TEST_STEP][PASSED] - name = "Susan": null

2021-10-01 11:00:11 - [TEST_STEP][PASSED] - if (i % 3 == 0 && i % 5 == 0): helper.helper.checkingExistingData is PASSED

2021-10-01 11:00:11 - [TEST_STEP][PASSED] - point = i * 3 * 5: null

2021-10-01 11:00:11 - [TEST_STEP][PASSED] - helper.helper.addDataMember(name, point.toString()): helper.helper.addDataMember is PASSED

2021-10-01 11:00:11 - [MESSAGE][PASSED] - Text 'Susan' is set on object 'Object Repository/dashboard/form-sample-page/input-name'

2021-10-01 11:00:12 - [MESSAGE][PASSED] - Text '225' is set on object 'Object Repository/dashboard/form-sample-page/input-point'

2021-10-01 11:00:12 - [MESSAGE][PASSED] - Object: 'Object Repository/dashboard/form-sample-page/btn-submit' is clicked on

2021-10-01 11:00:12 - [MESSAGE][PASSED] - helper.helper.addDataMember is PASSED

2021-10-01 11:00:12 - [TEST_STEP][PASSED] - helper.helper.checkingExistingData("Name", name, "Poin", point.toString()): helper.helper.checkingExistingData is PASSED

2021-10-01 11:00:19 - [MESSAGE][PASSED] - helper.helper.checkingExistingData is PASSED

2021-10-01 11:00:19 - [TEST_STEP][PASSED] - if (i % 2 == 0): helper.helper.checkingExistingData is PASSED

2021-10-01 11:00:19 - [TEST_STEP][PASSED] - name = "Jaka": null

2021-10-01 11:00:19 - [TEST_STEP][PASSED] - if (i % 4 == 0 && i % 5 == 0): null

2021-10-01 11:00:19 - [TEST_STEP][PASSED] - else if (i % 4 == 0): helper.helper.checkingExistingData is PASSED

2021-10-01 11:00:19 - [TEST_STEP][PASSED] - point = i * 4: null

2021-10-01 11:00:19 - [TEST_STEP][PASSED] - helper.helper.addDataMember(name, point.toString()): helper.helper.addDataMember is PASSED

2021-10-01 11:00:20 - [MESSAGE][PASSED] - Text 'Jaka' is set on object 'Object Repository/dashboard/form-sample-page/input-name'

2021-10-01 11:00:20 - [MESSAGE][PASSED] - Text '64' is set on object 'Object Repository/dashboard/form-sample-page/input-point'

2021-10-01 11:00:20 - [MESSAGE][PASSED] - Object: 'Object Repository/dashboard/form-sample-page/btn-submit' is clicked on

2021-10-01 11:00:20 - [MESSAGE][PASSED] - helper.helper.addDataMember is PASSED

2021-10-01 11:00:20 - [TEST_STEP][PASSED] - helper.helper.checkingExistingData("Name", name, "Poin", point.toString()): helper.helper.checkingExistingData is PASSED

2021-10-01 11:00:28 - [MESSAGE][PASSED] - helper.helper.checkingExistingData is PASSED

2021-10-01 11:00:28 - [TEST_STEP][PASSED] - if (i % 2 == 0): null

2021-10-01 11:00:28 - [TEST_STEP][PASSED] - else: helper.helper.checkingExistingData is PASSED

2021-10-01 11:00:28 - [TEST_STEP][PASSED] - name = "Susan": null

2021-10-01 11:00:28 - [TEST_STEP][PASSED] - if (i % 3 == 0 && i % 5 == 0): null

2021-10-01 11:00:28 - [TEST_STEP][PASSED] - else if (i % 3 == 0): null

2021-10-01 11:00:28 - [TEST_STEP][PASSED] - else if (i % 5 == 0): null

2021-10-01 11:00:28 - [TEST_STEP][PASSED] - else: helper.helper.checkingExistingData is PASSED

2021-10-01 11:00:28 - [TEST_STEP][PASSED] - point = i: null

2021-10-01 11:00:28 - [TEST_STEP][PASSED] - helper.helper.addDataMember(name, point.toString()): helper.helper.addDataMember is PASSED

2021-10-01 11:00:28 - [MESSAGE][PASSED] - Text 'Susan' is set on object 'Object Repository/dashboard/form-sample-page/input-name'

2021-10-01 11:00:29 - [MESSAGE][PASSED] - Text '17' is set on object 'Object Repository/dashboard/form-sample-page/input-point'

2021-10-01 11:00:29 - [MESSAGE][PASSED] - Object: 'Object Repository/dashboard/form-sample-page/btn-submit' is clicked on

2021-10-01 11:00:29 - [MESSAGE][PASSED] - helper.helper.addDataMember is PASSED

2021-10-01 11:00:29 - [TEST_STEP][PASSED] - helper.helper.checkingExistingData("Name", name, "Poin", point.toString()): helper.helper.checkingExistingData is PASSED

2021-10-01 11:00:37 - [MESSAGE][PASSED] - helper.helper.checkingExistingData is PASSED

2021-10-01 11:00:37 - [TEST_STEP][PASSED] - if (i % 2 == 0): helper.helper.checkingExistingData is PASSED

2021-10-01 11:00:37 - [TEST_STEP][PASSED] - name = "Jaka": null

2021-10-01 11:00:37 - [TEST_STEP][PASSED] - if (i % 4 == 0 && i % 5 == 0): null

2021-10-01 11:00:37 - [TEST_STEP][PASSED] - else if (i % 4 == 0): null

2021-10-01 11:00:37 - [TEST_STEP][PASSED] - else if (i % 3 == 0): helper.helper.checkingExistingData is PASSED

2021-10-01 11:00:37 - [TEST_STEP][PASSED] - point = i * 3: null

2021-10-01 11:00:37 - [TEST_STEP][PASSED] - helper.helper.addDataMember(name, point.toString()): helper.helper.addDataMember is PASSED

2021-10-01 11:00:37 - [MESSAGE][PASSED] - Text 'Jaka' is set on object 'Object Repository/dashboard/form-sample-page/input-name'

2021-10-01 11:00:38 - [MESSAGE][PASSED] - Text '54' is set on object 'Object Repository/dashboard/form-sample-page/input-point'

2021-10-01 11:00:38 - [MESSAGE][PASSED] - Object: 'Object Repository/dashboard/form-sample-page/btn-submit' is clicked on

2021-10-01 11:00:38 - [MESSAGE][PASSED] - helper.helper.addDataMember is PASSED

2021-10-01 11:00:38 - [TEST_STEP][PASSED] - helper.helper.checkingExistingData("Name", name, "Poin", point.toString()): helper.helper.checkingExistingData is PASSED

2021-10-01 11:00:46 - [MESSAGE][PASSED] - helper.helper.checkingExistingData is PASSED

2021-10-01 11:00:46 - [TEST_STEP][PASSED] - if (i % 2 == 0): null

2021-10-01 11:00:46 - [TEST_STEP][PASSED] - else: helper.helper.checkingExistingData is PASSED

2021-10-01 11:00:46 - [TEST_STEP][PASSED] - name = "Susan": null

2021-10-01 11:00:46 - [TEST_STEP][PASSED] - if (i % 3 == 0 && i % 5 == 0): null

2021-10-01 11:00:46 - [TEST_STEP][PASSED] - else if (i % 3 == 0): null

2021-10-01 11:00:46 - [TEST_STEP][PASSED] - else if (i % 5 == 0): null

2021-10-01 11:00:46 - [TEST_STEP][PASSED] - else: helper.helper.checkingExistingData is PASSED

2021-10-01 11:00:46 - [TEST_STEP][PASSED] - point = i: null

2021-10-01 11:00:46 - [TEST_STEP][PASSED] - helper.helper.addDataMember(name, point.toString()): helper.helper.addDataMember is PASSED

2021-10-01 11:00:46 - [MESSAGE][PASSED] - Text 'Susan' is set on object 'Object Repository/dashboard/form-sample-page/input-name'

2021-10-01 11:00:47 - [MESSAGE][PASSED] - Text '19' is set on object 'Object Repository/dashboard/form-sample-page/input-point'

2021-10-01 11:00:47 - [MESSAGE][PASSED] - Object: 'Object Repository/dashboard/form-sample-page/btn-submit' is clicked on

2021-10-01 11:00:47 - [MESSAGE][PASSED] - helper.helper.addDataMember is PASSED

2021-10-01 11:00:47 - [TEST_STEP][PASSED] - helper.helper.checkingExistingData("Name", name, "Poin", point.toString()): helper.helper.checkingExistingData is PASSED

2021-10-01 11:00:55 - [MESSAGE][PASSED] - helper.helper.checkingExistingData is PASSED

2021-10-01 11:00:55 - [TEST_STEP][PASSED] - if (i % 2 == 0): helper.helper.checkingExistingData is PASSED

2021-10-01 11:00:55 - [TEST_STEP][PASSED] - name = "Jaka": null

2021-10-01 11:00:55 - [TEST_STEP][PASSED] - if (i % 4 == 0 && i % 5 == 0): helper.helper.checkingExistingData is PASSED

2021-10-01 11:00:55 - [TEST_STEP][PASSED] - point = i * 4 * 5: null

2021-10-01 11:00:55 - [TEST_STEP][PASSED] - helper.helper.addDataMember(name, point.toString()): helper.helper.addDataMember is PASSED

2021-10-01 11:00:56 - [MESSAGE][PASSED] - Text 'Jaka' is set on object 'Object Repository/dashboard/form-sample-page/input-name'

2021-10-01 11:00:56 - [MESSAGE][PASSED] - Text '400' is set on object 'Object Repository/dashboard/form-sample-page/input-point'

2021-10-01 11:00:56 - [MESSAGE][PASSED] - Object: 'Object Repository/dashboard/form-sample-page/btn-submit' is clicked on

2021-10-01 11:00:56 - [MESSAGE][PASSED] - helper.helper.addDataMember is PASSED

2021-10-01 11:00:56 - [TEST_STEP][PASSED] - helper.helper.checkingExistingData("Name", name, "Poin", point.toString()): helper.helper.checkingExistingData is PASSED

2021-10-01 11:01:05 - [MESSAGE][PASSED] - helper.helper.checkingExistingData is PASSED]]></system-out>
         <system-err><![CDATA[]]></system-err>
      </testcase>
      <testcase name="Test Cases/TC_006_Delete_Data" time="7.521" classname="Test Cases/TC_006_Delete_Data" status="ERROR">
         <error type="ERROR" message="Test Cases/TC_006_Delete_Data FAILED.
Reason:
org.codehaus.groovy.runtime.InvokerInvocationException: Assertion failed: 

assert isExist == false
       |       |
       true    false

	at helper.helper.invokeMethod(helper.groovy)
	at com.kms.katalon.core.main.CustomKeywordDelegatingMetaClass.invokeStaticMethod(CustomKeywordDelegatingMetaClass.java:50)
	at TC_006_Delete_Data.run(TC_006_Delete_Data:25)
	at com.kms.katalon.core.main.ScriptEngine.run(ScriptEngine.java:194)
	at com.kms.katalon.core.main.ScriptEngine.runScriptAsRawText(ScriptEngine.java:119)
	at com.kms.katalon.core.main.TestCaseExecutor.runScript(TestCaseExecutor.java:430)
	at com.kms.katalon.core.main.TestCaseExecutor.doExecute(TestCaseExecutor.java:421)
	at com.kms.katalon.core.main.TestCaseExecutor.processExecutionPhase(TestCaseExecutor.java:400)
	at com.kms.katalon.core.main.TestCaseExecutor.accessMainPhase(TestCaseExecutor.java:392)
	at com.kms.katalon.core.main.TestCaseExecutor.execute(TestCaseExecutor.java:273)
	at com.kms.katalon.core.main.TestSuiteExecutor.accessTestCaseMainPhase(TestSuiteExecutor.java:202)
	at com.kms.katalon.core.main.TestSuiteExecutor.accessTestSuiteMainPhase(TestSuiteExecutor.java:164)
	at com.kms.katalon.core.main.TestSuiteExecutor.execute(TestSuiteExecutor.java:105)
	at com.kms.katalon.core.main.TestCaseMain.startTestSuite(TestCaseMain.java:185)
	at com.kms.katalon.core.main.TestCaseMain$startTestSuite$0.call(Unknown Source)
	at TempTestSuite1633060688185.run(TempTestSuite1633060688185.groovy:36)
Caused by: Assertion failed: 

assert isExist == false
       |       |
       true    false

	at helper.helper.deleteDataMember(helper.groovy:196)
	... 16 more
"/>
         <system-out><![CDATA[2021-10-01 11:01:05 - [TEST_CASE][ERROR] - Test Cases/TC_006_Delete_Data: Test Cases/TC_006_Delete_Data FAILED.
Reason:
org.codehaus.groovy.runtime.InvokerInvocationException: Assertion failed: 

assert isExist == false
       |       |
       true    false

	at helper.helper.invokeMethod(helper.groovy)
	at com.kms.katalon.core.main.CustomKeywordDelegatingMetaClass.invokeStaticMethod(CustomKeywordDelegatingMetaClass.java:50)
	at TC_006_Delete_Data.run(TC_006_Delete_Data:25)
	at com.kms.katalon.core.main.ScriptEngine.run(ScriptEngine.java:194)
	at com.kms.katalon.core.main.ScriptEngine.runScriptAsRawText(ScriptEngine.java:119)
	at com.kms.katalon.core.main.TestCaseExecutor.runScript(TestCaseExecutor.java:430)
	at com.kms.katalon.core.main.TestCaseExecutor.doExecute(TestCaseExecutor.java:421)
	at com.kms.katalon.core.main.TestCaseExecutor.processExecutionPhase(TestCaseExecutor.java:400)
	at com.kms.katalon.core.main.TestCaseExecutor.accessMainPhase(TestCaseExecutor.java:392)
	at com.kms.katalon.core.main.TestCaseExecutor.execute(TestCaseExecutor.java:273)
	at com.kms.katalon.core.main.TestSuiteExecutor.accessTestCaseMainPhase(TestSuiteExecutor.java:202)
	at com.kms.katalon.core.main.TestSuiteExecutor.accessTestSuiteMainPhase(TestSuiteExecutor.java:164)
	at com.kms.katalon.core.main.TestSuiteExecutor.execute(TestSuiteExecutor.java:105)
	at com.kms.katalon.core.main.TestCaseMain.startTestSuite(TestCaseMain.java:185)
	at com.kms.katalon.core.main.TestCaseMain$startTestSuite$0.call(Unknown Source)
	at TempTestSuite1633060688185.run(TempTestSuite1633060688185.groovy:36)
Caused by: Assertion failed: 

assert isExist == false
       |       |
       true    false

	at helper.helper.deleteDataMember(helper.groovy:196)
	... 16 more


2021-10-01 11:01:05 - [TEST_STEP][PASSED] - memberList = tmpData: null

2021-10-01 11:01:05 - [TEST_STEP][FAILED] - for (def data : memberList): Test Cases/TC_006_Delete_Data FAILED.
Reason:
Assertion failed: 

assert isExist == false
       |       |
       true    false

	at helper.helper.deleteDataMember(helper.groovy:196)
	at helper.helper.invokeMethod(helper.groovy)
	at com.kms.katalon.core.main.CustomKeywordDelegatingMetaClass.invokeStaticMethod(CustomKeywordDelegatingMetaClass.java:50)
	at TC_006_Delete_Data.run(TC_006_Delete_Data:25)
	at com.kms.katalon.core.main.ScriptEngine.run(ScriptEngine.java:194)
	at com.kms.katalon.core.main.ScriptEngine.runScriptAsRawText(ScriptEngine.java:119)
	at com.kms.katalon.core.main.TestCaseExecutor.runScript(TestCaseExecutor.java:430)
	at com.kms.katalon.core.main.TestCaseExecutor.doExecute(TestCaseExecutor.java:421)
	at com.kms.katalon.core.main.TestCaseExecutor.processExecutionPhase(TestCaseExecutor.java:400)
	at com.kms.katalon.core.main.TestCaseExecutor.accessMainPhase(TestCaseExecutor.java:392)
	at com.kms.katalon.core.main.TestCaseExecutor.execute(TestCaseExecutor.java:273)
	at com.kms.katalon.core.main.TestSuiteExecutor.accessTestCaseMainPhase(TestSuiteExecutor.java:202)
	at com.kms.katalon.core.main.TestSuiteExecutor.accessTestSuiteMainPhase(TestSuiteExecutor.java:164)
	at com.kms.katalon.core.main.TestSuiteExecutor.execute(TestSuiteExecutor.java:105)
	at com.kms.katalon.core.main.TestCaseMain.startTestSuite(TestCaseMain.java:185)
	at com.kms.katalon.core.main.TestCaseMain$startTestSuite$0.call(Unknown Source)
	at TempTestSuite1633060688185.run(TempTestSuite1633060688185.groovy:36)


2021-10-01 11:01:05 - [TEST_STEP][FAILED] - helper.helper.deleteDataMember(data[0], data[1]): Test Cases/TC_006_Delete_Data FAILED.
Reason:
Assertion failed: 

assert isExist == false
       |       |
       true    false

	at helper.helper.deleteDataMember(helper.groovy:196)
	at helper.helper.invokeMethod(helper.groovy)
	at com.kms.katalon.core.main.CustomKeywordDelegatingMetaClass.invokeStaticMethod(CustomKeywordDelegatingMetaClass.java:50)
	at TC_006_Delete_Data.run(TC_006_Delete_Data:25)
	at com.kms.katalon.core.main.ScriptEngine.run(ScriptEngine.java:194)
	at com.kms.katalon.core.main.ScriptEngine.runScriptAsRawText(ScriptEngine.java:119)
	at com.kms.katalon.core.main.TestCaseExecutor.runScript(TestCaseExecutor.java:430)
	at com.kms.katalon.core.main.TestCaseExecutor.doExecute(TestCaseExecutor.java:421)
	at com.kms.katalon.core.main.TestCaseExecutor.processExecutionPhase(TestCaseExecutor.java:400)
	at com.kms.katalon.core.main.TestCaseExecutor.accessMainPhase(TestCaseExecutor.java:392)
	at com.kms.katalon.core.main.TestCaseExecutor.execute(TestCaseExecutor.java:273)
	at com.kms.katalon.core.main.TestSuiteExecutor.accessTestCaseMainPhase(TestSuiteExecutor.java:202)
	at com.kms.katalon.core.main.TestSuiteExecutor.accessTestSuiteMainPhase(TestSuiteExecutor.java:164)
	at com.kms.katalon.core.main.TestSuiteExecutor.execute(TestSuiteExecutor.java:105)
	at com.kms.katalon.core.main.TestCaseMain.startTestSuite(TestCaseMain.java:185)
	at com.kms.katalon.core.main.TestCaseMain$startTestSuite$0.call(Unknown Source)
	at TempTestSuite1633060688185.run(TempTestSuite1633060688185.groovy:36)


2021-10-01 11:01:12 - [MESSAGE][FAILED] - Assertion failed: 

assert isExist == false
       |       |
       true    false


2021-10-01 11:01:12 - [MESSAGE][FAILED] - Test Cases/TC_006_Delete_Data FAILED.
Reason:
Assertion failed: 

assert isExist == false
       |       |
       true    false

	at helper.helper.deleteDataMember(helper.groovy:196)
	at helper.helper.invokeMethod(helper.groovy)
	at com.kms.katalon.core.main.CustomKeywordDelegatingMetaClass.invokeStaticMethod(CustomKeywordDelegatingMetaClass.java:50)
	at TC_006_Delete_Data.run(TC_006_Delete_Data:25)
	at com.kms.katalon.core.main.ScriptEngine.run(ScriptEngine.java:194)
	at com.kms.katalon.core.main.ScriptEngine.runScriptAsRawText(ScriptEngine.java:119)
	at com.kms.katalon.core.main.TestCaseExecutor.runScript(TestCaseExecutor.java:430)
	at com.kms.katalon.core.main.TestCaseExecutor.doExecute(TestCaseExecutor.java:421)
	at com.kms.katalon.core.main.TestCaseExecutor.processExecutionPhase(TestCaseExecutor.java:400)
	at com.kms.katalon.core.main.TestCaseExecutor.accessMainPhase(TestCaseExecutor.java:392)
	at com.kms.katalon.core.main.TestCaseExecutor.execute(TestCaseExecutor.java:273)
	at com.kms.katalon.core.main.TestSuiteExecutor.accessTestCaseMainPhase(TestSuiteExecutor.java:202)
	at com.kms.katalon.core.main.TestSuiteExecutor.accessTestSuiteMainPhase(TestSuiteExecutor.java:164)
	at com.kms.katalon.core.main.TestSuiteExecutor.execute(TestSuiteExecutor.java:105)
	at com.kms.katalon.core.main.TestCaseMain.startTestSuite(TestCaseMain.java:185)
	at com.kms.katalon.core.main.TestCaseMain$startTestSuite$0.call(Unknown Source)
	at TempTestSuite1633060688185.run(TempTestSuite1633060688185.groovy:36)]]></system-out>
         <system-err><![CDATA[2021-10-01 11:01:05 - [TEST_CASE][ERROR] - Test Cases/TC_006_Delete_Data: Test Cases/TC_006_Delete_Data FAILED.
Reason:
org.codehaus.groovy.runtime.InvokerInvocationException: Assertion failed: 

assert isExist == false
       |       |
       true    false

	at helper.helper.invokeMethod(helper.groovy)
	at com.kms.katalon.core.main.CustomKeywordDelegatingMetaClass.invokeStaticMethod(CustomKeywordDelegatingMetaClass.java:50)
	at TC_006_Delete_Data.run(TC_006_Delete_Data:25)
	at com.kms.katalon.core.main.ScriptEngine.run(ScriptEngine.java:194)
	at com.kms.katalon.core.main.ScriptEngine.runScriptAsRawText(ScriptEngine.java:119)
	at com.kms.katalon.core.main.TestCaseExecutor.runScript(TestCaseExecutor.java:430)
	at com.kms.katalon.core.main.TestCaseExecutor.doExecute(TestCaseExecutor.java:421)
	at com.kms.katalon.core.main.TestCaseExecutor.processExecutionPhase(TestCaseExecutor.java:400)
	at com.kms.katalon.core.main.TestCaseExecutor.accessMainPhase(TestCaseExecutor.java:392)
	at com.kms.katalon.core.main.TestCaseExecutor.execute(TestCaseExecutor.java:273)
	at com.kms.katalon.core.main.TestSuiteExecutor.accessTestCaseMainPhase(TestSuiteExecutor.java:202)
	at com.kms.katalon.core.main.TestSuiteExecutor.accessTestSuiteMainPhase(TestSuiteExecutor.java:164)
	at com.kms.katalon.core.main.TestSuiteExecutor.execute(TestSuiteExecutor.java:105)
	at com.kms.katalon.core.main.TestCaseMain.startTestSuite(TestCaseMain.java:185)
	at com.kms.katalon.core.main.TestCaseMain$startTestSuite$0.call(Unknown Source)
	at TempTestSuite1633060688185.run(TempTestSuite1633060688185.groovy:36)
Caused by: Assertion failed: 

assert isExist == false
       |       |
       true    false

	at helper.helper.deleteDataMember(helper.groovy:196)
	... 16 more]]></system-err>
      </testcase>
      <system-out><![CDATA[2021-10-01 10:58:20 - [TEST_SUITE][ERROR] - pengetesan add member: Test Cases/TC_006_Delete_Data FAILED.
Reason:
org.codehaus.groovy.runtime.InvokerInvocationException: Assertion failed: 

assert isExist == false
       |       |
       true    false

	at helper.helper.invokeMethod(helper.groovy)
	at com.kms.katalon.core.main.CustomKeywordDelegatingMetaClass.invokeStaticMethod(CustomKeywordDelegatingMetaClass.java:50)
	at TC_006_Delete_Data.run(TC_006_Delete_Data:25)
	at com.kms.katalon.core.main.ScriptEngine.run(ScriptEngine.java:194)
	at com.kms.katalon.core.main.ScriptEngine.runScriptAsRawText(ScriptEngine.java:119)
	at com.kms.katalon.core.main.TestCaseExecutor.runScript(TestCaseExecutor.java:430)
	at com.kms.katalon.core.main.TestCaseExecutor.doExecute(TestCaseExecutor.java:421)
	at com.kms.katalon.core.main.TestCaseExecutor.processExecutionPhase(TestCaseExecutor.java:400)
	at com.kms.katalon.core.main.TestCaseExecutor.accessMainPhase(TestCaseExecutor.java:392)
	at com.kms.katalon.core.main.TestCaseExecutor.execute(TestCaseExecutor.java:273)
	at com.kms.katalon.core.main.TestSuiteExecutor.accessTestCaseMainPhase(TestSuiteExecutor.java:202)
	at com.kms.katalon.core.main.TestSuiteExecutor.accessTestSuiteMainPhase(TestSuiteExecutor.java:164)
	at com.kms.katalon.core.main.TestSuiteExecutor.execute(TestSuiteExecutor.java:105)
	at com.kms.katalon.core.main.TestCaseMain.startTestSuite(TestCaseMain.java:185)
	at com.kms.katalon.core.main.TestCaseMain$startTestSuite$0.call(Unknown Source)
	at TempTestSuite1633060688185.run(TempTestSuite1633060688185.groovy:36)
Caused by: Assertion failed: 

assert isExist == false
       |       |
       true    false

	at helper.helper.deleteDataMember(helper.groovy:196)
	... 16 more]]></system-out>
      <system-err><![CDATA[2021-10-01 10:58:20 - [TEST_SUITE][ERROR] - pengetesan add member: Test Cases/TC_006_Delete_Data FAILED.
Reason:
org.codehaus.groovy.runtime.InvokerInvocationException: Assertion failed: 

assert isExist == false
       |       |
       true    false

	at helper.helper.invokeMethod(helper.groovy)
	at com.kms.katalon.core.main.CustomKeywordDelegatingMetaClass.invokeStaticMethod(CustomKeywordDelegatingMetaClass.java:50)
	at TC_006_Delete_Data.run(TC_006_Delete_Data:25)
	at com.kms.katalon.core.main.ScriptEngine.run(ScriptEngine.java:194)
	at com.kms.katalon.core.main.ScriptEngine.runScriptAsRawText(ScriptEngine.java:119)
	at com.kms.katalon.core.main.TestCaseExecutor.runScript(TestCaseExecutor.java:430)
	at com.kms.katalon.core.main.TestCaseExecutor.doExecute(TestCaseExecutor.java:421)
	at com.kms.katalon.core.main.TestCaseExecutor.processExecutionPhase(TestCaseExecutor.java:400)
	at com.kms.katalon.core.main.TestCaseExecutor.accessMainPhase(TestCaseExecutor.java:392)
	at com.kms.katalon.core.main.TestCaseExecutor.execute(TestCaseExecutor.java:273)
	at com.kms.katalon.core.main.TestSuiteExecutor.accessTestCaseMainPhase(TestSuiteExecutor.java:202)
	at com.kms.katalon.core.main.TestSuiteExecutor.accessTestSuiteMainPhase(TestSuiteExecutor.java:164)
	at com.kms.katalon.core.main.TestSuiteExecutor.execute(TestSuiteExecutor.java:105)
	at com.kms.katalon.core.main.TestCaseMain.startTestSuite(TestCaseMain.java:185)
	at com.kms.katalon.core.main.TestCaseMain$startTestSuite$0.call(Unknown Source)
	at TempTestSuite1633060688185.run(TempTestSuite1633060688185.groovy:36)
Caused by: Assertion failed: 

assert isExist == false
       |       |
       true    false

	at helper.helper.deleteDataMember(helper.groovy:196)
	... 16 more]]></system-err>
   </testsuite>
</testsuites>
