<?xml version="1.0" encoding="UTF-8"?>
<testsuites name="Scenario_indocyber" time="378.601" tests="2" failures="0" errors="0">
   <testsuite name="Scenario_indocyber" tests="2" failures="0" errors="0" time="378.601" skipped="0" timestamp="2021-09-30 14:36:46" hostname="rocky - MSI" id="Test Suites/Scenario_indocyber">
      <properties>
         <property name="deviceName" value=""/>
         <property name="devicePlatform" value=""/>
         <property name="logFolder" value="D:\\playground\\testing\\indocyber-katalon\\Reports\\20210930_143644\\Scenario_indocyber\\20210930_143644"/>
         <property name="logFiles" value="D:\\playground\\testing\\indocyber-katalon\\Reports\\20210930_143644\\Scenario_indocyber\\20210930_143644\\execution0.log"/>
         <property name="attachments" value=""/>
         <property name="hostName" value="rocky - MSI"/>
         <property name="os" value="Windows 10 64bit"/>
         <property name="katalonVersion" value="8.1.0.208"/>
         <property name="browser" value="Chrome 94.0.4606.61"/>
         <property name="hostAddress" value="192.168.0.113"/>
         <property name="sessionId" value="2f03ec8adc0d5f9520151c3687bcdde6"/>
         <property name="seleniumVersion" value="3.141.59"/>
         <property name="proxyInformation" value="ProxyInformation { proxyOption=NO_PROXY, proxyServerType=HTTP, username=, password=********, proxyServerAddress=, proxyServerPort=0, executionList=&quot;&quot;, isApplyToDesiredCapabilities=true }"/>
         <property name="platform" value="Windows 10"/>
      </properties>
      <testcase name="Test Cases/TC_005_ADD Member 20 times using conditional" time="194.771" classname="Test Cases/TC_005_ADD Member 20 times using conditional" status="PASSED">
         <system-out><![CDATA[2021-09-30 14:36:46 - [TEST_CASE][PASSED] - Test Cases/TC_005_ADD Member 20 times using conditional: Test Cases/TC_005_ADD Member 20 times using conditional

2021-09-30 14:36:46 - [TEST_STEP][PASSED] - openBrowser("http://116.254.100.222:81/login"): Browser is opened with url: 'http://116.254.100.222:81/login'

2021-09-30 14:36:46 - [MESSAGE][INFO] - Starting 'Chrome' driver

2021-09-30 14:36:46 - [MESSAGE][INFO] - Action delay is set to 0 milliseconds

2021-09-30 14:36:49 - [MESSAGE][PASSED] - Browser is opened with url: 'http://116.254.100.222:81/login'

2021-09-30 14:36:49 - [TEST_STEP][PASSED] - helper.helper.loginBrowser("rocky@gmail.com", "Test1234"): helper.helper.loginBrowser is PASSED

2021-09-30 14:36:50 - [MESSAGE][PASSED] - Text 'rocky@gmail.com' is set on object 'Object Repository/loginpage/input-email'

2021-09-30 14:36:50 - [MESSAGE][PASSED] - Text 'Test1234' is set on object 'Object Repository/loginpage/input_password'

2021-09-30 14:36:52 - [MESSAGE][PASSED] - Object: 'Object Repository/loginpage/btn-login' is clicked on

2021-09-30 14:36:52 - [MESSAGE][PASSED] - helper.helper.loginBrowser is PASSED

2021-09-30 14:36:52 - [TEST_STEP][PASSED] - maxLoop = 20: null

2021-09-30 14:36:52 - [TEST_STEP][PASSED] - name = "": null

2021-09-30 14:36:52 - [TEST_STEP][PASSED] - point = 0: null

2021-09-30 14:36:52 - [TEST_STEP][PASSED] - for ([i = 1, i <= maxLoop, (i++)]): helper.helper.checkingExistingData is PASSED

2021-09-30 14:36:52 - [TEST_STEP][PASSED] - if (i % 2 == 0): null

2021-09-30 14:36:52 - [TEST_STEP][PASSED] - else: helper.helper.checkingExistingData is PASSED

2021-09-30 14:36:52 - [TEST_STEP][PASSED] - name = "Susan": null

2021-09-30 14:36:52 - [TEST_STEP][PASSED] - if (i % 3 == 0 && i % 5 == 0): null

2021-09-30 14:36:52 - [TEST_STEP][PASSED] - else if (i % 3 == 0): null

2021-09-30 14:36:52 - [TEST_STEP][PASSED] - else if (i % 5 == 0): null

2021-09-30 14:36:52 - [TEST_STEP][PASSED] - else: helper.helper.checkingExistingData is PASSED

2021-09-30 14:36:52 - [TEST_STEP][PASSED] - point = i: null

2021-09-30 14:36:52 - [TEST_STEP][PASSED] - helper.helper.addDataMember(name, point.toString()): helper.helper.addDataMember is PASSED

2021-09-30 14:36:53 - [MESSAGE][PASSED] - Text 'Susan' is set on object 'Object Repository/dashboard/form-sample-page/input-name'

2021-09-30 14:36:54 - [MESSAGE][PASSED] - Text '1' is set on object 'Object Repository/dashboard/form-sample-page/input-point'

2021-09-30 14:36:54 - [MESSAGE][PASSED] - Object: 'Object Repository/dashboard/form-sample-page/btn-submit' is clicked on

2021-09-30 14:36:54 - [MESSAGE][PASSED] - helper.helper.addDataMember is PASSED

2021-09-30 14:36:54 - [TEST_STEP][PASSED] - helper.helper.checkingExistingData("Name", name, "Poin", point.toString()): helper.helper.checkingExistingData is PASSED

2021-09-30 14:36:59 - [MESSAGE][PASSED] - helper.helper.checkingExistingData is PASSED

2021-09-30 14:36:59 - [TEST_STEP][PASSED] - if (i % 2 == 0): helper.helper.checkingExistingData is PASSED

2021-09-30 14:36:59 - [TEST_STEP][PASSED] - name = "Jaka": null

2021-09-30 14:36:59 - [TEST_STEP][PASSED] - if (i % 4 == 0 && i % 5 == 0): null

2021-09-30 14:36:59 - [TEST_STEP][PASSED] - else if (i % 4 == 0): null

2021-09-30 14:36:59 - [TEST_STEP][PASSED] - else if (i % 3 == 0): null

2021-09-30 14:36:59 - [TEST_STEP][PASSED] - else if (i % 5 == 0): null

2021-09-30 14:36:59 - [TEST_STEP][PASSED] - else: helper.helper.checkingExistingData is PASSED

2021-09-30 14:36:59 - [TEST_STEP][PASSED] - point = i: null

2021-09-30 14:36:59 - [TEST_STEP][PASSED] - helper.helper.addDataMember(name, point.toString()): helper.helper.addDataMember is PASSED

2021-09-30 14:37:00 - [MESSAGE][PASSED] - Text 'Jaka' is set on object 'Object Repository/dashboard/form-sample-page/input-name'

2021-09-30 14:37:00 - [MESSAGE][PASSED] - Text '2' is set on object 'Object Repository/dashboard/form-sample-page/input-point'

2021-09-30 14:37:01 - [MESSAGE][PASSED] - Object: 'Object Repository/dashboard/form-sample-page/btn-submit' is clicked on

2021-09-30 14:37:01 - [MESSAGE][PASSED] - helper.helper.addDataMember is PASSED

2021-09-30 14:37:01 - [TEST_STEP][PASSED] - helper.helper.checkingExistingData("Name", name, "Poin", point.toString()): helper.helper.checkingExistingData is PASSED

2021-09-30 14:37:06 - [MESSAGE][PASSED] - helper.helper.checkingExistingData is PASSED

2021-09-30 14:37:06 - [TEST_STEP][PASSED] - if (i % 2 == 0): null

2021-09-30 14:37:06 - [TEST_STEP][PASSED] - else: helper.helper.checkingExistingData is PASSED

2021-09-30 14:37:06 - [TEST_STEP][PASSED] - name = "Susan": null

2021-09-30 14:37:06 - [TEST_STEP][PASSED] - if (i % 3 == 0 && i % 5 == 0): null

2021-09-30 14:37:06 - [TEST_STEP][PASSED] - else if (i % 3 == 0): helper.helper.checkingExistingData is PASSED

2021-09-30 14:37:06 - [TEST_STEP][PASSED] - point = i * 3: null

2021-09-30 14:37:06 - [TEST_STEP][PASSED] - helper.helper.addDataMember(name, point.toString()): helper.helper.addDataMember is PASSED

2021-09-30 14:37:06 - [MESSAGE][PASSED] - Text 'Susan' is set on object 'Object Repository/dashboard/form-sample-page/input-name'

2021-09-30 14:37:07 - [MESSAGE][PASSED] - Text '9' is set on object 'Object Repository/dashboard/form-sample-page/input-point'

2021-09-30 14:37:08 - [MESSAGE][PASSED] - Object: 'Object Repository/dashboard/form-sample-page/btn-submit' is clicked on

2021-09-30 14:37:08 - [MESSAGE][PASSED] - helper.helper.addDataMember is PASSED

2021-09-30 14:37:08 - [TEST_STEP][PASSED] - helper.helper.checkingExistingData("Name", name, "Poin", point.toString()): helper.helper.checkingExistingData is PASSED

2021-09-30 14:37:13 - [MESSAGE][PASSED] - helper.helper.checkingExistingData is PASSED

2021-09-30 14:37:13 - [TEST_STEP][PASSED] - if (i % 2 == 0): helper.helper.checkingExistingData is PASSED

2021-09-30 14:37:13 - [TEST_STEP][PASSED] - name = "Jaka": null

2021-09-30 14:37:13 - [TEST_STEP][PASSED] - if (i % 4 == 0 && i % 5 == 0): null

2021-09-30 14:37:13 - [TEST_STEP][PASSED] - else if (i % 4 == 0): helper.helper.checkingExistingData is PASSED

2021-09-30 14:37:13 - [TEST_STEP][PASSED] - point = i * 4: null

2021-09-30 14:37:13 - [TEST_STEP][PASSED] - helper.helper.addDataMember(name, point.toString()): helper.helper.addDataMember is PASSED

2021-09-30 14:37:14 - [MESSAGE][PASSED] - Text 'Jaka' is set on object 'Object Repository/dashboard/form-sample-page/input-name'

2021-09-30 14:37:14 - [MESSAGE][PASSED] - Text '16' is set on object 'Object Repository/dashboard/form-sample-page/input-point'

2021-09-30 14:37:15 - [MESSAGE][PASSED] - Object: 'Object Repository/dashboard/form-sample-page/btn-submit' is clicked on

2021-09-30 14:37:15 - [MESSAGE][PASSED] - helper.helper.addDataMember is PASSED

2021-09-30 14:37:15 - [TEST_STEP][PASSED] - helper.helper.checkingExistingData("Name", name, "Poin", point.toString()): helper.helper.checkingExistingData is PASSED

2021-09-30 14:37:20 - [MESSAGE][PASSED] - helper.helper.checkingExistingData is PASSED

2021-09-30 14:37:20 - [TEST_STEP][PASSED] - if (i % 2 == 0): null

2021-09-30 14:37:20 - [TEST_STEP][PASSED] - else: helper.helper.checkingExistingData is PASSED

2021-09-30 14:37:20 - [TEST_STEP][PASSED] - name = "Susan": null

2021-09-30 14:37:20 - [TEST_STEP][PASSED] - if (i % 3 == 0 && i % 5 == 0): null

2021-09-30 14:37:20 - [TEST_STEP][PASSED] - else if (i % 3 == 0): null

2021-09-30 14:37:20 - [TEST_STEP][PASSED] - else if (i % 5 == 0): helper.helper.checkingExistingData is PASSED

2021-09-30 14:37:20 - [TEST_STEP][PASSED] - point = i * 5: null

2021-09-30 14:37:20 - [TEST_STEP][PASSED] - helper.helper.addDataMember(name, point.toString()): helper.helper.addDataMember is PASSED

2021-09-30 14:37:21 - [MESSAGE][PASSED] - Text 'Susan' is set on object 'Object Repository/dashboard/form-sample-page/input-name'

2021-09-30 14:37:22 - [MESSAGE][PASSED] - Text '25' is set on object 'Object Repository/dashboard/form-sample-page/input-point'

2021-09-30 14:37:22 - [MESSAGE][PASSED] - Object: 'Object Repository/dashboard/form-sample-page/btn-submit' is clicked on

2021-09-30 14:37:22 - [MESSAGE][PASSED] - helper.helper.addDataMember is PASSED

2021-09-30 14:37:22 - [TEST_STEP][PASSED] - helper.helper.checkingExistingData("Name", name, "Poin", point.toString()): helper.helper.checkingExistingData is PASSED

2021-09-30 14:37:25 - [MESSAGE][PASSED] - helper.helper.checkingExistingData is PASSED

2021-09-30 14:37:25 - [TEST_STEP][PASSED] - if (i % 2 == 0): helper.helper.checkingExistingData is PASSED

2021-09-30 14:37:25 - [TEST_STEP][PASSED] - name = "Jaka": null

2021-09-30 14:37:25 - [TEST_STEP][PASSED] - if (i % 4 == 0 && i % 5 == 0): null

2021-09-30 14:37:25 - [TEST_STEP][PASSED] - else if (i % 4 == 0): null

2021-09-30 14:37:25 - [TEST_STEP][PASSED] - else if (i % 3 == 0): helper.helper.checkingExistingData is PASSED

2021-09-30 14:37:25 - [TEST_STEP][PASSED] - point = i * 3: null

2021-09-30 14:37:25 - [TEST_STEP][PASSED] - helper.helper.addDataMember(name, point.toString()): helper.helper.addDataMember is PASSED

2021-09-30 14:37:26 - [MESSAGE][PASSED] - Text 'Jaka' is set on object 'Object Repository/dashboard/form-sample-page/input-name'

2021-09-30 14:37:27 - [MESSAGE][PASSED] - Text '18' is set on object 'Object Repository/dashboard/form-sample-page/input-point'

2021-09-30 14:37:27 - [MESSAGE][PASSED] - Object: 'Object Repository/dashboard/form-sample-page/btn-submit' is clicked on

2021-09-30 14:37:27 - [MESSAGE][PASSED] - helper.helper.addDataMember is PASSED

2021-09-30 14:37:27 - [TEST_STEP][PASSED] - helper.helper.checkingExistingData("Name", name, "Poin", point.toString()): helper.helper.checkingExistingData is PASSED

2021-09-30 14:37:33 - [MESSAGE][PASSED] - helper.helper.checkingExistingData is PASSED

2021-09-30 14:37:33 - [TEST_STEP][PASSED] - if (i % 2 == 0): null

2021-09-30 14:37:33 - [TEST_STEP][PASSED] - else: helper.helper.checkingExistingData is PASSED

2021-09-30 14:37:33 - [TEST_STEP][PASSED] - name = "Susan": null

2021-09-30 14:37:33 - [TEST_STEP][PASSED] - if (i % 3 == 0 && i % 5 == 0): null

2021-09-30 14:37:33 - [TEST_STEP][PASSED] - else if (i % 3 == 0): null

2021-09-30 14:37:33 - [TEST_STEP][PASSED] - else if (i % 5 == 0): null

2021-09-30 14:37:33 - [TEST_STEP][PASSED] - else: helper.helper.checkingExistingData is PASSED

2021-09-30 14:37:33 - [TEST_STEP][PASSED] - point = i: null

2021-09-30 14:37:33 - [TEST_STEP][PASSED] - helper.helper.addDataMember(name, point.toString()): helper.helper.addDataMember is PASSED

2021-09-30 14:37:34 - [MESSAGE][PASSED] - Text 'Susan' is set on object 'Object Repository/dashboard/form-sample-page/input-name'

2021-09-30 14:37:35 - [MESSAGE][PASSED] - Text '7' is set on object 'Object Repository/dashboard/form-sample-page/input-point'

2021-09-30 14:37:35 - [MESSAGE][PASSED] - Object: 'Object Repository/dashboard/form-sample-page/btn-submit' is clicked on

2021-09-30 14:37:35 - [MESSAGE][PASSED] - helper.helper.addDataMember is PASSED

2021-09-30 14:37:35 - [TEST_STEP][PASSED] - helper.helper.checkingExistingData("Name", name, "Poin", point.toString()): helper.helper.checkingExistingData is PASSED

2021-09-30 14:37:41 - [MESSAGE][PASSED] - helper.helper.checkingExistingData is PASSED

2021-09-30 14:37:41 - [TEST_STEP][PASSED] - if (i % 2 == 0): helper.helper.checkingExistingData is PASSED

2021-09-30 14:37:41 - [TEST_STEP][PASSED] - name = "Jaka": null

2021-09-30 14:37:41 - [TEST_STEP][PASSED] - if (i % 4 == 0 && i % 5 == 0): null

2021-09-30 14:37:41 - [TEST_STEP][PASSED] - else if (i % 4 == 0): helper.helper.checkingExistingData is PASSED

2021-09-30 14:37:41 - [TEST_STEP][PASSED] - point = i * 4: null

2021-09-30 14:37:41 - [TEST_STEP][PASSED] - helper.helper.addDataMember(name, point.toString()): helper.helper.addDataMember is PASSED

2021-09-30 14:37:42 - [MESSAGE][PASSED] - Text 'Jaka' is set on object 'Object Repository/dashboard/form-sample-page/input-name'

2021-09-30 14:37:43 - [MESSAGE][PASSED] - Text '32' is set on object 'Object Repository/dashboard/form-sample-page/input-point'

2021-09-30 14:37:43 - [MESSAGE][PASSED] - Object: 'Object Repository/dashboard/form-sample-page/btn-submit' is clicked on

2021-09-30 14:37:43 - [MESSAGE][PASSED] - helper.helper.addDataMember is PASSED

2021-09-30 14:37:43 - [TEST_STEP][PASSED] - helper.helper.checkingExistingData("Name", name, "Poin", point.toString()): helper.helper.checkingExistingData is PASSED

2021-09-30 14:37:50 - [MESSAGE][PASSED] - helper.helper.checkingExistingData is PASSED

2021-09-30 14:37:50 - [TEST_STEP][PASSED] - if (i % 2 == 0): null

2021-09-30 14:37:50 - [TEST_STEP][PASSED] - else: helper.helper.checkingExistingData is PASSED

2021-09-30 14:37:50 - [TEST_STEP][PASSED] - name = "Susan": null

2021-09-30 14:37:50 - [TEST_STEP][PASSED] - if (i % 3 == 0 && i % 5 == 0): null

2021-09-30 14:37:50 - [TEST_STEP][PASSED] - else if (i % 3 == 0): helper.helper.checkingExistingData is PASSED

2021-09-30 14:37:50 - [TEST_STEP][PASSED] - point = i * 3: null

2021-09-30 14:37:50 - [TEST_STEP][PASSED] - helper.helper.addDataMember(name, point.toString()): helper.helper.addDataMember is PASSED

2021-09-30 14:37:51 - [MESSAGE][PASSED] - Text 'Susan' is set on object 'Object Repository/dashboard/form-sample-page/input-name'

2021-09-30 14:37:52 - [MESSAGE][PASSED] - Text '27' is set on object 'Object Repository/dashboard/form-sample-page/input-point'

2021-09-30 14:37:52 - [MESSAGE][PASSED] - Object: 'Object Repository/dashboard/form-sample-page/btn-submit' is clicked on

2021-09-30 14:37:52 - [MESSAGE][PASSED] - helper.helper.addDataMember is PASSED

2021-09-30 14:37:52 - [TEST_STEP][PASSED] - helper.helper.checkingExistingData("Name", name, "Poin", point.toString()): helper.helper.checkingExistingData is PASSED

2021-09-30 14:37:59 - [MESSAGE][PASSED] - helper.helper.checkingExistingData is PASSED

2021-09-30 14:37:59 - [TEST_STEP][PASSED] - if (i % 2 == 0): helper.helper.checkingExistingData is PASSED

2021-09-30 14:37:59 - [TEST_STEP][PASSED] - name = "Jaka": null

2021-09-30 14:37:59 - [TEST_STEP][PASSED] - if (i % 4 == 0 && i % 5 == 0): null

2021-09-30 14:37:59 - [TEST_STEP][PASSED] - else if (i % 4 == 0): null

2021-09-30 14:37:59 - [TEST_STEP][PASSED] - else if (i % 3 == 0): null

2021-09-30 14:37:59 - [TEST_STEP][PASSED] - else if (i % 5 == 0): helper.helper.checkingExistingData is PASSED

2021-09-30 14:37:59 - [TEST_STEP][PASSED] - point = i * 5: null

2021-09-30 14:37:59 - [TEST_STEP][PASSED] - helper.helper.addDataMember(name, point.toString()): helper.helper.addDataMember is PASSED

2021-09-30 14:38:00 - [MESSAGE][PASSED] - Text 'Jaka' is set on object 'Object Repository/dashboard/form-sample-page/input-name'

2021-09-30 14:38:01 - [MESSAGE][PASSED] - Text '50' is set on object 'Object Repository/dashboard/form-sample-page/input-point'

2021-09-30 14:38:01 - [MESSAGE][PASSED] - Object: 'Object Repository/dashboard/form-sample-page/btn-submit' is clicked on

2021-09-30 14:38:01 - [MESSAGE][PASSED] - helper.helper.addDataMember is PASSED

2021-09-30 14:38:01 - [TEST_STEP][PASSED] - helper.helper.checkingExistingData("Name", name, "Poin", point.toString()): helper.helper.checkingExistingData is PASSED

2021-09-30 14:38:09 - [MESSAGE][PASSED] - helper.helper.checkingExistingData is PASSED

2021-09-30 14:38:09 - [TEST_STEP][PASSED] - if (i % 2 == 0): null

2021-09-30 14:38:09 - [TEST_STEP][PASSED] - else: helper.helper.checkingExistingData is PASSED

2021-09-30 14:38:09 - [TEST_STEP][PASSED] - name = "Susan": null

2021-09-30 14:38:09 - [TEST_STEP][PASSED] - if (i % 3 == 0 && i % 5 == 0): null

2021-09-30 14:38:09 - [TEST_STEP][PASSED] - else if (i % 3 == 0): null

2021-09-30 14:38:09 - [TEST_STEP][PASSED] - else if (i % 5 == 0): null

2021-09-30 14:38:09 - [TEST_STEP][PASSED] - else: helper.helper.checkingExistingData is PASSED

2021-09-30 14:38:09 - [TEST_STEP][PASSED] - point = i: null

2021-09-30 14:38:09 - [TEST_STEP][PASSED] - helper.helper.addDataMember(name, point.toString()): helper.helper.addDataMember is PASSED

2021-09-30 14:38:10 - [MESSAGE][PASSED] - Text 'Susan' is set on object 'Object Repository/dashboard/form-sample-page/input-name'

2021-09-30 14:38:10 - [MESSAGE][PASSED] - Text '11' is set on object 'Object Repository/dashboard/form-sample-page/input-point'

2021-09-30 14:38:11 - [MESSAGE][PASSED] - Object: 'Object Repository/dashboard/form-sample-page/btn-submit' is clicked on

2021-09-30 14:38:11 - [MESSAGE][PASSED] - helper.helper.addDataMember is PASSED

2021-09-30 14:38:11 - [TEST_STEP][PASSED] - helper.helper.checkingExistingData("Name", name, "Poin", point.toString()): helper.helper.checkingExistingData is PASSED

2021-09-30 14:38:19 - [MESSAGE][PASSED] - helper.helper.checkingExistingData is PASSED

2021-09-30 14:38:19 - [TEST_STEP][PASSED] - if (i % 2 == 0): helper.helper.checkingExistingData is PASSED

2021-09-30 14:38:19 - [TEST_STEP][PASSED] - name = "Jaka": null

2021-09-30 14:38:19 - [TEST_STEP][PASSED] - if (i % 4 == 0 && i % 5 == 0): null

2021-09-30 14:38:19 - [TEST_STEP][PASSED] - else if (i % 4 == 0): helper.helper.checkingExistingData is PASSED

2021-09-30 14:38:19 - [TEST_STEP][PASSED] - point = i * 4: null

2021-09-30 14:38:19 - [TEST_STEP][PASSED] - helper.helper.addDataMember(name, point.toString()): helper.helper.addDataMember is PASSED

2021-09-30 14:38:19 - [MESSAGE][PASSED] - Text 'Jaka' is set on object 'Object Repository/dashboard/form-sample-page/input-name'

2021-09-30 14:38:20 - [MESSAGE][PASSED] - Text '48' is set on object 'Object Repository/dashboard/form-sample-page/input-point'

2021-09-30 14:38:21 - [MESSAGE][PASSED] - Object: 'Object Repository/dashboard/form-sample-page/btn-submit' is clicked on

2021-09-30 14:38:21 - [MESSAGE][PASSED] - helper.helper.addDataMember is PASSED

2021-09-30 14:38:21 - [TEST_STEP][PASSED] - helper.helper.checkingExistingData("Name", name, "Poin", point.toString()): helper.helper.checkingExistingData is PASSED

2021-09-30 14:38:29 - [MESSAGE][PASSED] - helper.helper.checkingExistingData is PASSED

2021-09-30 14:38:29 - [TEST_STEP][PASSED] - if (i % 2 == 0): null

2021-09-30 14:38:29 - [TEST_STEP][PASSED] - else: helper.helper.checkingExistingData is PASSED

2021-09-30 14:38:29 - [TEST_STEP][PASSED] - name = "Susan": null

2021-09-30 14:38:29 - [TEST_STEP][PASSED] - if (i % 3 == 0 && i % 5 == 0): null

2021-09-30 14:38:29 - [TEST_STEP][PASSED] - else if (i % 3 == 0): null

2021-09-30 14:38:29 - [TEST_STEP][PASSED] - else if (i % 5 == 0): null

2021-09-30 14:38:29 - [TEST_STEP][PASSED] - else: helper.helper.checkingExistingData is PASSED

2021-09-30 14:38:29 - [TEST_STEP][PASSED] - point = i: null

2021-09-30 14:38:29 - [TEST_STEP][PASSED] - helper.helper.addDataMember(name, point.toString()): helper.helper.addDataMember is PASSED

2021-09-30 14:38:29 - [MESSAGE][PASSED] - Text 'Susan' is set on object 'Object Repository/dashboard/form-sample-page/input-name'

2021-09-30 14:38:30 - [MESSAGE][PASSED] - Text '13' is set on object 'Object Repository/dashboard/form-sample-page/input-point'

2021-09-30 14:38:30 - [MESSAGE][PASSED] - Object: 'Object Repository/dashboard/form-sample-page/btn-submit' is clicked on

2021-09-30 14:38:30 - [MESSAGE][PASSED] - helper.helper.addDataMember is PASSED

2021-09-30 14:38:30 - [TEST_STEP][PASSED] - helper.helper.checkingExistingData("Name", name, "Poin", point.toString()): helper.helper.checkingExistingData is PASSED

2021-09-30 14:38:39 - [MESSAGE][PASSED] - helper.helper.checkingExistingData is PASSED

2021-09-30 14:38:39 - [TEST_STEP][PASSED] - if (i % 2 == 0): helper.helper.checkingExistingData is PASSED

2021-09-30 14:38:39 - [TEST_STEP][PASSED] - name = "Jaka": null

2021-09-30 14:38:39 - [TEST_STEP][PASSED] - if (i % 4 == 0 && i % 5 == 0): null

2021-09-30 14:38:39 - [TEST_STEP][PASSED] - else if (i % 4 == 0): null

2021-09-30 14:38:39 - [TEST_STEP][PASSED] - else if (i % 3 == 0): null

2021-09-30 14:38:39 - [TEST_STEP][PASSED] - else if (i % 5 == 0): null

2021-09-30 14:38:39 - [TEST_STEP][PASSED] - else: helper.helper.checkingExistingData is PASSED

2021-09-30 14:38:39 - [TEST_STEP][PASSED] - point = i: null

2021-09-30 14:38:39 - [TEST_STEP][PASSED] - helper.helper.addDataMember(name, point.toString()): helper.helper.addDataMember is PASSED

2021-09-30 14:38:40 - [MESSAGE][PASSED] - Text 'Jaka' is set on object 'Object Repository/dashboard/form-sample-page/input-name'

2021-09-30 14:38:40 - [MESSAGE][PASSED] - Text '14' is set on object 'Object Repository/dashboard/form-sample-page/input-point'

2021-09-30 14:38:41 - [MESSAGE][PASSED] - Object: 'Object Repository/dashboard/form-sample-page/btn-submit' is clicked on

2021-09-30 14:38:41 - [MESSAGE][PASSED] - helper.helper.addDataMember is PASSED

2021-09-30 14:38:41 - [TEST_STEP][PASSED] - helper.helper.checkingExistingData("Name", name, "Poin", point.toString()): helper.helper.checkingExistingData is PASSED

2021-09-30 14:38:50 - [MESSAGE][PASSED] - helper.helper.checkingExistingData is PASSED

2021-09-30 14:38:50 - [TEST_STEP][PASSED] - if (i % 2 == 0): null

2021-09-30 14:38:50 - [TEST_STEP][PASSED] - else: helper.helper.checkingExistingData is PASSED

2021-09-30 14:38:50 - [TEST_STEP][PASSED] - name = "Susan": null

2021-09-30 14:38:50 - [TEST_STEP][PASSED] - if (i % 3 == 0 && i % 5 == 0): helper.helper.checkingExistingData is PASSED

2021-09-30 14:38:50 - [TEST_STEP][PASSED] - point = i * 3 * 5: null

2021-09-30 14:38:50 - [TEST_STEP][PASSED] - helper.helper.addDataMember(name, point.toString()): helper.helper.addDataMember is PASSED

2021-09-30 14:38:50 - [MESSAGE][PASSED] - Text 'Susan' is set on object 'Object Repository/dashboard/form-sample-page/input-name'

2021-09-30 14:38:51 - [MESSAGE][PASSED] - Text '225' is set on object 'Object Repository/dashboard/form-sample-page/input-point'

2021-09-30 14:38:51 - [MESSAGE][PASSED] - Object: 'Object Repository/dashboard/form-sample-page/btn-submit' is clicked on

2021-09-30 14:38:51 - [MESSAGE][PASSED] - helper.helper.addDataMember is PASSED

2021-09-30 14:38:51 - [TEST_STEP][PASSED] - helper.helper.checkingExistingData("Name", name, "Poin", point.toString()): helper.helper.checkingExistingData is PASSED

2021-09-30 14:39:01 - [MESSAGE][PASSED] - helper.helper.checkingExistingData is PASSED

2021-09-30 14:39:01 - [TEST_STEP][PASSED] - if (i % 2 == 0): helper.helper.checkingExistingData is PASSED

2021-09-30 14:39:01 - [TEST_STEP][PASSED] - name = "Jaka": null

2021-09-30 14:39:01 - [TEST_STEP][PASSED] - if (i % 4 == 0 && i % 5 == 0): null

2021-09-30 14:39:01 - [TEST_STEP][PASSED] - else if (i % 4 == 0): helper.helper.checkingExistingData is PASSED

2021-09-30 14:39:01 - [TEST_STEP][PASSED] - point = i * 4: null

2021-09-30 14:39:01 - [TEST_STEP][PASSED] - helper.helper.addDataMember(name, point.toString()): helper.helper.addDataMember is PASSED

2021-09-30 14:39:01 - [MESSAGE][PASSED] - Text 'Jaka' is set on object 'Object Repository/dashboard/form-sample-page/input-name'

2021-09-30 14:39:02 - [MESSAGE][PASSED] - Text '64' is set on object 'Object Repository/dashboard/form-sample-page/input-point'

2021-09-30 14:39:02 - [MESSAGE][PASSED] - Object: 'Object Repository/dashboard/form-sample-page/btn-submit' is clicked on

2021-09-30 14:39:02 - [MESSAGE][PASSED] - helper.helper.addDataMember is PASSED

2021-09-30 14:39:02 - [TEST_STEP][PASSED] - helper.helper.checkingExistingData("Name", name, "Poin", point.toString()): helper.helper.checkingExistingData is PASSED

2021-09-30 14:39:12 - [MESSAGE][PASSED] - helper.helper.checkingExistingData is PASSED

2021-09-30 14:39:12 - [TEST_STEP][PASSED] - if (i % 2 == 0): null

2021-09-30 14:39:12 - [TEST_STEP][PASSED] - else: helper.helper.checkingExistingData is PASSED

2021-09-30 14:39:12 - [TEST_STEP][PASSED] - name = "Susan": null

2021-09-30 14:39:12 - [TEST_STEP][PASSED] - if (i % 3 == 0 && i % 5 == 0): null

2021-09-30 14:39:12 - [TEST_STEP][PASSED] - else if (i % 3 == 0): null

2021-09-30 14:39:12 - [TEST_STEP][PASSED] - else if (i % 5 == 0): null

2021-09-30 14:39:12 - [TEST_STEP][PASSED] - else: helper.helper.checkingExistingData is PASSED

2021-09-30 14:39:12 - [TEST_STEP][PASSED] - point = i: null

2021-09-30 14:39:12 - [TEST_STEP][PASSED] - helper.helper.addDataMember(name, point.toString()): helper.helper.addDataMember is PASSED

2021-09-30 14:39:12 - [MESSAGE][PASSED] - Text 'Susan' is set on object 'Object Repository/dashboard/form-sample-page/input-name'

2021-09-30 14:39:13 - [MESSAGE][PASSED] - Text '17' is set on object 'Object Repository/dashboard/form-sample-page/input-point'

2021-09-30 14:39:14 - [MESSAGE][PASSED] - Object: 'Object Repository/dashboard/form-sample-page/btn-submit' is clicked on

2021-09-30 14:39:14 - [MESSAGE][PASSED] - helper.helper.addDataMember is PASSED

2021-09-30 14:39:14 - [TEST_STEP][PASSED] - helper.helper.checkingExistingData("Name", name, "Poin", point.toString()): helper.helper.checkingExistingData is PASSED

2021-09-30 14:39:24 - [MESSAGE][PASSED] - helper.helper.checkingExistingData is PASSED

2021-09-30 14:39:24 - [TEST_STEP][PASSED] - if (i % 2 == 0): helper.helper.checkingExistingData is PASSED

2021-09-30 14:39:24 - [TEST_STEP][PASSED] - name = "Jaka": null

2021-09-30 14:39:24 - [TEST_STEP][PASSED] - if (i % 4 == 0 && i % 5 == 0): null

2021-09-30 14:39:24 - [TEST_STEP][PASSED] - else if (i % 4 == 0): null

2021-09-30 14:39:24 - [TEST_STEP][PASSED] - else if (i % 3 == 0): helper.helper.checkingExistingData is PASSED

2021-09-30 14:39:24 - [TEST_STEP][PASSED] - point = i * 3: null

2021-09-30 14:39:24 - [TEST_STEP][PASSED] - helper.helper.addDataMember(name, point.toString()): helper.helper.addDataMember is PASSED

2021-09-30 14:39:24 - [MESSAGE][PASSED] - Text 'Jaka' is set on object 'Object Repository/dashboard/form-sample-page/input-name'

2021-09-30 14:39:25 - [MESSAGE][PASSED] - Text '54' is set on object 'Object Repository/dashboard/form-sample-page/input-point'

2021-09-30 14:39:25 - [MESSAGE][PASSED] - Object: 'Object Repository/dashboard/form-sample-page/btn-submit' is clicked on

2021-09-30 14:39:25 - [MESSAGE][PASSED] - helper.helper.addDataMember is PASSED

2021-09-30 14:39:25 - [TEST_STEP][PASSED] - helper.helper.checkingExistingData("Name", name, "Poin", point.toString()): helper.helper.checkingExistingData is PASSED

2021-09-30 14:39:36 - [MESSAGE][PASSED] - helper.helper.checkingExistingData is PASSED

2021-09-30 14:39:36 - [TEST_STEP][PASSED] - if (i % 2 == 0): null

2021-09-30 14:39:36 - [TEST_STEP][PASSED] - else: helper.helper.checkingExistingData is PASSED

2021-09-30 14:39:36 - [TEST_STEP][PASSED] - name = "Susan": null

2021-09-30 14:39:36 - [TEST_STEP][PASSED] - if (i % 3 == 0 && i % 5 == 0): null

2021-09-30 14:39:36 - [TEST_STEP][PASSED] - else if (i % 3 == 0): null

2021-09-30 14:39:36 - [TEST_STEP][PASSED] - else if (i % 5 == 0): null

2021-09-30 14:39:36 - [TEST_STEP][PASSED] - else: helper.helper.checkingExistingData is PASSED

2021-09-30 14:39:36 - [TEST_STEP][PASSED] - point = i: null

2021-09-30 14:39:36 - [TEST_STEP][PASSED] - helper.helper.addDataMember(name, point.toString()): helper.helper.addDataMember is PASSED

2021-09-30 14:39:36 - [MESSAGE][PASSED] - Text 'Susan' is set on object 'Object Repository/dashboard/form-sample-page/input-name'

2021-09-30 14:39:37 - [MESSAGE][PASSED] - Text '19' is set on object 'Object Repository/dashboard/form-sample-page/input-point'

2021-09-30 14:39:37 - [MESSAGE][PASSED] - Object: 'Object Repository/dashboard/form-sample-page/btn-submit' is clicked on

2021-09-30 14:39:37 - [MESSAGE][PASSED] - helper.helper.addDataMember is PASSED

2021-09-30 14:39:37 - [TEST_STEP][PASSED] - helper.helper.checkingExistingData("Name", name, "Poin", point.toString()): helper.helper.checkingExistingData is PASSED

2021-09-30 14:39:48 - [MESSAGE][PASSED] - helper.helper.checkingExistingData is PASSED

2021-09-30 14:39:48 - [TEST_STEP][PASSED] - if (i % 2 == 0): helper.helper.checkingExistingData is PASSED

2021-09-30 14:39:48 - [TEST_STEP][PASSED] - name = "Jaka": null

2021-09-30 14:39:48 - [TEST_STEP][PASSED] - if (i % 4 == 0 && i % 5 == 0): helper.helper.checkingExistingData is PASSED

2021-09-30 14:39:48 - [TEST_STEP][PASSED] - point = i * 4 * 5: null

2021-09-30 14:39:48 - [TEST_STEP][PASSED] - helper.helper.addDataMember(name, point.toString()): helper.helper.addDataMember is PASSED

2021-09-30 14:39:48 - [MESSAGE][PASSED] - Text 'Jaka' is set on object 'Object Repository/dashboard/form-sample-page/input-name'

2021-09-30 14:39:49 - [MESSAGE][PASSED] - Text '400' is set on object 'Object Repository/dashboard/form-sample-page/input-point'

2021-09-30 14:39:49 - [MESSAGE][PASSED] - Object: 'Object Repository/dashboard/form-sample-page/btn-submit' is clicked on

2021-09-30 14:39:49 - [MESSAGE][PASSED] - helper.helper.addDataMember is PASSED

2021-09-30 14:39:49 - [TEST_STEP][PASSED] - helper.helper.checkingExistingData("Name", name, "Poin", point.toString()): helper.helper.checkingExistingData is PASSED

2021-09-30 14:40:01 - [MESSAGE][PASSED] - helper.helper.checkingExistingData is PASSED]]></system-out>
         <system-err><![CDATA[]]></system-err>
      </testcase>
      <testcase name="Test Cases/TC_006_Delete_Data" time="182.55" classname="Test Cases/TC_006_Delete_Data" status="PASSED">
         <system-out><![CDATA[2021-09-30 14:40:01 - [TEST_CASE][PASSED] - Test Cases/TC_006_Delete_Data: Test Cases/TC_006_Delete_Data

2021-09-30 14:40:01 - [TEST_STEP][PASSED] - memberList = tmpData: null

2021-09-30 14:40:01 - [TEST_STEP][PASSED] - for (def data : memberList): helper.helper.deleteDataMember is PASSED

2021-09-30 14:40:01 - [TEST_STEP][PASSED] - helper.helper.deleteDataMember(data[0], data[1]): helper.helper.deleteDataMember is PASSED

2021-09-30 14:40:07 - [MESSAGE][PASSED] - Delayed 2 second(s)

2021-09-30 14:40:07 - [MESSAGE][PASSED] - Alert accepted

2021-09-30 14:40:13 - [MESSAGE][PASSED] - helper.helper.deleteDataMember is PASSED

2021-09-30 14:40:13 - [TEST_STEP][PASSED] - helper.helper.deleteDataMember(data[0], data[1]): helper.helper.deleteDataMember is PASSED

2021-09-30 14:40:19 - [MESSAGE][PASSED] - Delayed 2 second(s)

2021-09-30 14:40:19 - [MESSAGE][PASSED] - Alert accepted

2021-09-30 14:40:25 - [MESSAGE][PASSED] - helper.helper.deleteDataMember is PASSED

2021-09-30 14:40:25 - [TEST_STEP][PASSED] - helper.helper.deleteDataMember(data[0], data[1]): helper.helper.deleteDataMember is PASSED

2021-09-30 14:40:31 - [MESSAGE][PASSED] - Delayed 2 second(s)

2021-09-30 14:40:31 - [MESSAGE][PASSED] - Alert accepted

2021-09-30 14:40:36 - [MESSAGE][PASSED] - helper.helper.deleteDataMember is PASSED

2021-09-30 14:40:36 - [TEST_STEP][PASSED] - helper.helper.deleteDataMember(data[0], data[1]): helper.helper.deleteDataMember is PASSED

2021-09-30 14:40:42 - [MESSAGE][PASSED] - Delayed 2 second(s)

2021-09-30 14:40:42 - [MESSAGE][PASSED] - Alert accepted

2021-09-30 14:40:47 - [MESSAGE][PASSED] - helper.helper.deleteDataMember is PASSED

2021-09-30 14:40:47 - [TEST_STEP][PASSED] - helper.helper.deleteDataMember(data[0], data[1]): helper.helper.deleteDataMember is PASSED

2021-09-30 14:40:53 - [MESSAGE][PASSED] - Delayed 2 second(s)

2021-09-30 14:40:53 - [MESSAGE][PASSED] - Alert accepted

2021-09-30 14:40:57 - [MESSAGE][PASSED] - helper.helper.deleteDataMember is PASSED

2021-09-30 14:40:57 - [TEST_STEP][PASSED] - helper.helper.deleteDataMember(data[0], data[1]): helper.helper.deleteDataMember is PASSED

2021-09-30 14:41:03 - [MESSAGE][PASSED] - Delayed 2 second(s)

2021-09-30 14:41:03 - [MESSAGE][PASSED] - Alert accepted

2021-09-30 14:41:07 - [MESSAGE][PASSED] - helper.helper.deleteDataMember is PASSED

2021-09-30 14:41:07 - [TEST_STEP][PASSED] - helper.helper.deleteDataMember(data[0], data[1]): helper.helper.deleteDataMember is PASSED

2021-09-30 14:41:13 - [MESSAGE][PASSED] - Delayed 2 second(s)

2021-09-30 14:41:13 - [MESSAGE][PASSED] - Alert accepted

2021-09-30 14:41:17 - [MESSAGE][PASSED] - helper.helper.deleteDataMember is PASSED

2021-09-30 14:41:17 - [TEST_STEP][PASSED] - helper.helper.deleteDataMember(data[0], data[1]): helper.helper.deleteDataMember is PASSED

2021-09-30 14:41:23 - [MESSAGE][PASSED] - Delayed 2 second(s)

2021-09-30 14:41:23 - [MESSAGE][PASSED] - Alert accepted

2021-09-30 14:41:26 - [MESSAGE][PASSED] - helper.helper.deleteDataMember is PASSED

2021-09-30 14:41:26 - [TEST_STEP][PASSED] - helper.helper.deleteDataMember(data[0], data[1]): helper.helper.deleteDataMember is PASSED

2021-09-30 14:41:32 - [MESSAGE][PASSED] - Delayed 2 second(s)

2021-09-30 14:41:32 - [MESSAGE][PASSED] - Alert accepted

2021-09-30 14:41:35 - [MESSAGE][PASSED] - helper.helper.deleteDataMember is PASSED

2021-09-30 14:41:35 - [TEST_STEP][PASSED] - helper.helper.deleteDataMember(data[0], data[1]): helper.helper.deleteDataMember is PASSED

2021-09-30 14:41:41 - [MESSAGE][PASSED] - Delayed 2 second(s)

2021-09-30 14:41:41 - [MESSAGE][PASSED] - Alert accepted

2021-09-30 14:41:45 - [MESSAGE][PASSED] - helper.helper.deleteDataMember is PASSED

2021-09-30 14:41:45 - [TEST_STEP][PASSED] - helper.helper.deleteDataMember(data[0], data[1]): helper.helper.deleteDataMember is PASSED

2021-09-30 14:41:51 - [MESSAGE][PASSED] - Delayed 2 second(s)

2021-09-30 14:41:51 - [MESSAGE][PASSED] - Alert accepted

2021-09-30 14:41:53 - [MESSAGE][PASSED] - helper.helper.deleteDataMember is PASSED

2021-09-30 14:41:53 - [TEST_STEP][PASSED] - helper.helper.deleteDataMember(data[0], data[1]): helper.helper.deleteDataMember is PASSED

2021-09-30 14:42:01 - [MESSAGE][PASSED] - Delayed 2 second(s)

2021-09-30 14:42:01 - [MESSAGE][PASSED] - Alert accepted

2021-09-30 14:42:04 - [MESSAGE][PASSED] - helper.helper.deleteDataMember is PASSED

2021-09-30 14:42:04 - [TEST_STEP][PASSED] - helper.helper.deleteDataMember(data[0], data[1]): helper.helper.deleteDataMember is PASSED

2021-09-30 14:42:10 - [MESSAGE][PASSED] - Delayed 2 second(s)

2021-09-30 14:42:10 - [MESSAGE][PASSED] - Alert accepted

2021-09-30 14:42:12 - [MESSAGE][PASSED] - helper.helper.deleteDataMember is PASSED

2021-09-30 14:42:12 - [TEST_STEP][PASSED] - helper.helper.deleteDataMember(data[0], data[1]): helper.helper.deleteDataMember is PASSED

2021-09-30 14:42:18 - [MESSAGE][PASSED] - Delayed 2 second(s)

2021-09-30 14:42:18 - [MESSAGE][PASSED] - Alert accepted

2021-09-30 14:42:20 - [MESSAGE][PASSED] - helper.helper.deleteDataMember is PASSED

2021-09-30 14:42:20 - [TEST_STEP][PASSED] - helper.helper.deleteDataMember(data[0], data[1]): helper.helper.deleteDataMember is PASSED

2021-09-30 14:42:27 - [MESSAGE][PASSED] - Delayed 2 second(s)

2021-09-30 14:42:27 - [MESSAGE][PASSED] - Alert accepted

2021-09-30 14:42:28 - [MESSAGE][PASSED] - helper.helper.deleteDataMember is PASSED

2021-09-30 14:42:28 - [TEST_STEP][PASSED] - helper.helper.deleteDataMember(data[0], data[1]): helper.helper.deleteDataMember is PASSED

2021-09-30 14:42:35 - [MESSAGE][PASSED] - Delayed 2 second(s)

2021-09-30 14:42:35 - [MESSAGE][PASSED] - Alert accepted

2021-09-30 14:42:36 - [MESSAGE][PASSED] - helper.helper.deleteDataMember is PASSED

2021-09-30 14:42:36 - [TEST_STEP][PASSED] - helper.helper.deleteDataMember(data[0], data[1]): helper.helper.deleteDataMember is PASSED

2021-09-30 14:42:42 - [MESSAGE][PASSED] - Delayed 2 second(s)

2021-09-30 14:42:42 - [MESSAGE][PASSED] - Alert accepted

2021-09-30 14:42:43 - [MESSAGE][PASSED] - helper.helper.deleteDataMember is PASSED

2021-09-30 14:42:43 - [TEST_STEP][PASSED] - helper.helper.deleteDataMember(data[0], data[1]): helper.helper.deleteDataMember is PASSED

2021-09-30 14:42:49 - [MESSAGE][PASSED] - Delayed 2 second(s)

2021-09-30 14:42:49 - [MESSAGE][PASSED] - Alert accepted

2021-09-30 14:42:50 - [MESSAGE][PASSED] - helper.helper.deleteDataMember is PASSED

2021-09-30 14:42:50 - [TEST_STEP][PASSED] - helper.helper.deleteDataMember(data[0], data[1]): helper.helper.deleteDataMember is PASSED

2021-09-30 14:42:56 - [MESSAGE][PASSED] - Delayed 2 second(s)

2021-09-30 14:42:56 - [MESSAGE][PASSED] - Alert accepted

2021-09-30 14:42:57 - [MESSAGE][PASSED] - helper.helper.deleteDataMember is PASSED

2021-09-30 14:42:57 - [TEST_STEP][PASSED] - helper.helper.deleteDataMember(data[0], data[1]): helper.helper.deleteDataMember is PASSED

2021-09-30 14:43:03 - [MESSAGE][PASSED] - Delayed 2 second(s)

2021-09-30 14:43:03 - [MESSAGE][PASSED] - Alert accepted

2021-09-30 14:43:03 - [MESSAGE][PASSED] - helper.helper.deleteDataMember is PASSED

2021-09-30 14:43:03 - [TEST_STEP][PASSED] - tmpData = []: null

2021-09-30 14:43:03 - [TEST_STEP][PASSED] - println(tmpData): null]]></system-out>
         <system-err><![CDATA[]]></system-err>
      </testcase>
      <system-out><![CDATA[2021-09-30 14:36:46 - [TEST_SUITE][PASSED] - Scenario_indocyber: Test Cases/TC_006_Delete_Data]]></system-out>
      <system-err><![CDATA[]]></system-err>
   </testsuite>
</testsuites>
